#
# There is insufficient memory for the Java Runtime Environment to continue.
# Native memory allocation (malloc) failed to allocate 32744 bytes for ChunkPool::allocate
# Possible reasons:
#   The system is out of physical RAM or swap space
#   The process is running with CompressedOops enabled, and the Java Heap may be blocking the growth of the native heap
# Possible solutions:
#   Reduce memory load on the system
#   Increase physical memory or swap space
#   Check if swap backing store is full
#   Decrease Java heap size (-Xmx/-Xms)
#   Decrease number of Java threads
#   Decrease Java thread stack sizes (-Xss)
#   Set larger code cache with -XX:ReservedCodeCacheSize=
#   JVM is running with Unscaled Compressed Oops mode in which the Java heap is
#     placed in the first 4GB address space. The Java Heap base address is the
#     maximum limit for the native heap growth. Please use -XX:HeapBaseMinAddress
#     to set the Java Heap base and to place the Java Heap above 4GB virtual address.
# This output file may be truncated or incomplete.
#
#  Out of Memory Error (arena.cpp:78), pid=10544, tid=2480
#
# JRE version: OpenJDK Runtime Environment (17.0.6) (build 17.0.6+0-b2043.56-10027231)
# Java VM: OpenJDK 64-Bit Server VM (17.0.6+0-b2043.56-10027231, mixed mode, tiered, compressed oops, compressed class ptrs, g1 gc, windows-amd64)
# No core dump will be written. Minidumps are not enabled by default on client versions of Windows
#

---------------  S U M M A R Y ------------

Command Line: --add-opens=java.base/java.util=ALL-UNNAMED --add-opens=java.base/java.lang=ALL-UNNAMED --add-opens=java.base/java.lang.invoke=ALL-UNNAMED --add-opens=java.prefs/java.util.prefs=ALL-UNNAMED --add-opens=java.base/java.nio.charset=ALL-UNNAMED --add-opens=java.base/java.net=ALL-UNNAMED --add-opens=java.base/java.util.concurrent.atomic=ALL-UNNAMED -Xmx2048m -Dfile.encoding=UTF-8 -Duser.country=RU -Duser.language=ru -Duser.variant org.gradle.launcher.daemon.bootstrap.GradleDaemon 8.0

Host: AMD A9-9425 RADEON R5, 5 COMPUTE CORES 2C+3G   , 2 cores, 7G,  Windows 10 , 64 bit Build 19041 (10.0.19041.3393)
Time: Sat Oct  7 21:48:50 2023  Windows 10 , 64 bit Build 19041 (10.0.19041.3393) elapsed time: 88.164678 seconds (0d 0h 1m 28s)

---------------  T H R E A D  ---------------

Current thread (0x0000024d4c16f330):  JavaThread "C2 CompilerThread0" daemon [_thread_in_native, id=2480, stack(0x00000091d4100000,0x00000091d4200000)]


Current CompileTask:
C2:  88164 9958   !   4       org.jetbrains.kotlin.metadata.ProtoBuf$Function::<init> (1410 bytes)

Stack: [0x00000091d4100000,0x00000091d4200000]
Native frames: (J=compiled Java code, j=interpreted, Vv=VM code, C=native code)
V  [jvm.dll+0x683c9a]
V  [jvm.dll+0x8427a4]
V  [jvm.dll+0x843f9e]
V  [jvm.dll+0x844603]
V  [jvm.dll+0x249b75]
V  [jvm.dll+0xabecc]
V  [jvm.dll+0xac27c]
V  [jvm.dll+0x36dad2]
V  [jvm.dll+0x56ba86]
V  [jvm.dll+0x332f60]
V  [jvm.dll+0x3323da]
V  [jvm.dll+0x21c201]
V  [jvm.dll+0x21b621]
V  [jvm.dll+0x1a4fdd]
V  [jvm.dll+0x22b098]
V  [jvm.dll+0x229159]
V  [jvm.dll+0x7f81ec]
V  [jvm.dll+0x7f274a]
V  [jvm.dll+0x682ad5]
C  [ucrtbase.dll+0x21bb2]
C  [KERNEL32.DLL+0x17344]
C  [ntdll.dll+0x526b1]


---------------  P R O C E S S  ---------------

Threads class SMR info:
_java_thread_list=0x0000024d4fd7f8c0, length=60, elements={
0x0000024d3303a1b0, 0x0000024d4c123f90, 0x0000024d4c124d10, 0x0000024d4c150fd0,
0x0000024d4c1539a0, 0x0000024d4c154260, 0x0000024d4c154b20, 0x0000024d4c16f330,
0x0000024d4c173100, 0x0000024d4cc0d070, 0x0000024d4cd6d440, 0x0000024d4cd6f920,
0x0000024d4dc55c20, 0x0000024d4dd66f80, 0x0000024d4d15e4e0, 0x0000024d4d7c8030,
0x0000024d4e111e00, 0x0000024d4d96b440, 0x0000024d4ceff030, 0x0000024d4ccd16e0,
0x0000024d4ccd0d40, 0x0000024d4ccd2a20, 0x0000024d4ccd1bb0, 0x0000024d4cccfed0,
0x0000024d4ccd2550, 0x0000024d4cccf060, 0x0000024d4cccf530, 0x0000024d4cccfa00,
0x0000024d4ccd1210, 0x0000024d4f27ba20, 0x0000024d4f279870, 0x0000024d4f27bef0,
0x0000024d4f27a6e0, 0x0000024d4f279d40, 0x0000024d4f278a00, 0x0000024d4f27b080,
0x0000024d4f27cd60, 0x0000024d4f27e570, 0x0000024d4f278ed0, 0x0000024d4f27ea40,
0x0000024d4f277b90, 0x0000024d4f278060, 0x0000024d4f2793a0, 0x0000024d4ce8fd80,
0x0000024d4ce8a210, 0x0000024d4ce893a0, 0x0000024d4ce90250, 0x0000024d4ce89d40,
0x0000024d4ce8c3c0, 0x0000024d4ce90720, 0x0000024d4ce8abb0, 0x0000024d4ce90bf0,
0x0000024d4ce8e570, 0x0000024d4ce8bef0, 0x0000024d4ce89870, 0x0000024d4ce8ba20,
0x0000024d4ce8d230, 0x0000024d4ce8d700, 0x0000024d4ce8dbd0, 0x0000024d4ce8e0a0
}

Java Threads: ( => current thread )
  0x0000024d3303a1b0 JavaThread "main" [_thread_blocked, id=10936, stack(0x00000091d3400000,0x00000091d3500000)]
  0x0000024d4c123f90 JavaThread "Reference Handler" daemon [_thread_blocked, id=9700, stack(0x00000091d3b00000,0x00000091d3c00000)]
  0x0000024d4c124d10 JavaThread "Finalizer" daemon [_thread_blocked, id=1380, stack(0x00000091d3c00000,0x00000091d3d00000)]
  0x0000024d4c150fd0 JavaThread "Signal Dispatcher" daemon [_thread_blocked, id=4828, stack(0x00000091d3d00000,0x00000091d3e00000)]
  0x0000024d4c1539a0 JavaThread "Attach Listener" daemon [_thread_blocked, id=6520, stack(0x00000091d3e00000,0x00000091d3f00000)]
  0x0000024d4c154260 JavaThread "Service Thread" daemon [_thread_blocked, id=1428, stack(0x00000091d3f00000,0x00000091d4000000)]
  0x0000024d4c154b20 JavaThread "Monitor Deflation Thread" daemon [_thread_blocked, id=11160, stack(0x00000091d4000000,0x00000091d4100000)]
=>0x0000024d4c16f330 JavaThread "C2 CompilerThread0" daemon [_thread_in_native, id=2480, stack(0x00000091d4100000,0x00000091d4200000)]
  0x0000024d4c173100 JavaThread "C1 CompilerThread0" daemon [_thread_blocked, id=10528, stack(0x00000091d4200000,0x00000091d4300000)]
  0x0000024d4cc0d070 JavaThread "Sweeper thread" daemon [_thread_blocked, id=2976, stack(0x00000091d4300000,0x00000091d4400000)]
  0x0000024d4cd6d440 JavaThread "Common-Cleaner" daemon [_thread_blocked, id=8416, stack(0x00000091d4400000,0x00000091d4500000)]
  0x0000024d4cd6f920 JavaThread "Notification Thread" daemon [_thread_blocked, id=4716, stack(0x00000091d4500000,0x00000091d4600000)]
  0x0000024d4dc55c20 JavaThread "Daemon health stats" [_thread_blocked, id=1640, stack(0x00000091d4800000,0x00000091d4900000)]
  0x0000024d4dd66f80 JavaThread "Incoming local TCP Connector on port 51767" [_thread_in_native, id=2528, stack(0x00000091d4900000,0x00000091d4a00000)]
  0x0000024d4d15e4e0 JavaThread "Daemon periodic checks" [_thread_blocked, id=4916, stack(0x00000091d4a00000,0x00000091d4b00000)]
  0x0000024d4d7c8030 JavaThread "Daemon" [_thread_blocked, id=3436, stack(0x00000091d4b00000,0x00000091d4c00000)]
  0x0000024d4e111e00 JavaThread "Handler for socket connection from /127.0.0.1:51767 to /127.0.0.1:51769" [_thread_in_native, id=11232, stack(0x00000091d4c00000,0x00000091d4d00000)]
  0x0000024d4d96b440 JavaThread "Cancel handler" [_thread_blocked, id=3104, stack(0x00000091d4d00000,0x00000091d4e00000)]
  0x0000024d4ceff030 JavaThread "Daemon worker" [_thread_in_vm, id=6572, stack(0x00000091d4e00000,0x00000091d4f00000)]
  0x0000024d4ccd16e0 JavaThread "Asynchronous log dispatcher for DefaultDaemonConnection: socket connection from /127.0.0.1:51767 to /127.0.0.1:51769" [_thread_blocked, id=5012, stack(0x00000091d4f00000,0x00000091d5000000)]
  0x0000024d4ccd0d40 JavaThread "Daemon client event forwarder" [_thread_blocked, id=612, stack(0x00000091d5100000,0x00000091d5200000)]
  0x0000024d4ccd2a20 JavaThread "Cache worker for journal cache (C:\Users\user\.gradle\caches\journal-1)" [_thread_blocked, id=9468, stack(0x00000091d5200000,0x00000091d5300000)]
  0x0000024d4ccd1bb0 JavaThread "File lock request listener" [_thread_in_native, id=12284, stack(0x00000091d5300000,0x00000091d5400000)]
  0x0000024d4cccfed0 JavaThread "Cache worker for file hash cache (C:\Users\user\.gradle\caches\8.0\fileHashes)" [_thread_blocked, id=8100, stack(0x00000091d5400000,0x00000091d5500000)]
  0x0000024d4ccd2550 JavaThread "File watcher server" daemon [_thread_in_native, id=7208, stack(0x00000091d3200000,0x00000091d3300000)]
  0x0000024d4cccf060 JavaThread "File watcher consumer" daemon [_thread_blocked, id=8476, stack(0x00000091d5500000,0x00000091d5600000)]
  0x0000024d4cccf530 JavaThread "jar transforms" [_thread_blocked, id=7560, stack(0x00000091d5600000,0x00000091d5700000)]
  0x0000024d4cccfa00 JavaThread "jar transforms Thread 2" [_thread_blocked, id=9384, stack(0x00000091d5700000,0x00000091d5800000)]
  0x0000024d4ccd1210 JavaThread "Cache worker for checksums cache (C:\Users\user\AndroidStudioProjects\Prilogeniezmeyka\.gradle\8.0\checksums)" [_thread_blocked, id=10700, stack(0x00000091d5800000,0x00000091d5900000)]
  0x0000024d4f27ba20 JavaThread "Cache worker for cache directory md-rule (C:\Users\user\.gradle\caches\8.0\md-rule)" [_thread_blocked, id=10148, stack(0x00000091d5900000,0x00000091d5a00000)]
  0x0000024d4f279870 JavaThread "Cache worker for file content cache (C:\Users\user\.gradle\caches\8.0\fileContent)" [_thread_blocked, id=11740, stack(0x00000091d5a00000,0x00000091d5b00000)]
  0x0000024d4f27bef0 JavaThread "Cache worker for file hash cache (C:\Users\user\AndroidStudioProjects\Prilogeniezmeyka\.gradle\8.0\fileHashes)" [_thread_blocked, id=10456, stack(0x00000091d5b00000,0x00000091d5c00000)]
  0x0000024d4f27a6e0 JavaThread "Cache worker for cache directory md-supplier (C:\Users\user\.gradle\caches\8.0\md-supplier)" [_thread_blocked, id=6380, stack(0x00000091d5c00000,0x00000091d5d00000)]
  0x0000024d4f279d40 JavaThread "Cache worker for execution history cache (C:\Users\user\.gradle\caches\8.0\executionHistory)" [_thread_blocked, id=3804, stack(0x00000091d5d00000,0x00000091d5e00000)]
  0x0000024d4f278a00 JavaThread "Cache worker for kotlin-dsl (C:\Users\user\.gradle\caches\8.0\kotlin-dsl)" [_thread_blocked, id=6472, stack(0x00000091d6000000,0x00000091d6100000)]
  0x0000024d4f27b080 JavaThread "Cache worker for dependencies-accessors (C:\Users\user\AndroidStudioProjects\Prilogeniezmeyka\.gradle\8.0\dependencies-accessors)" [_thread_blocked, id=8568, stack(0x00000091d6100000,0x00000091d6200000)]
  0x0000024d4f27cd60 JavaThread "Cache worker for Build Output Cleanup Cache (C:\Users\user\AndroidStudioProjects\Prilogeniezmeyka\.gradle\buildOutputCleanup)" [_thread_blocked, id=2936, stack(0x00000091d6200000,0x00000091d6300000)]
  0x0000024d4f27e570 JavaThread "Unconstrained build operations" [_thread_blocked, id=4940, stack(0x00000091d6300000,0x00000091d6400000)]
  0x0000024d4f278ed0 JavaThread "Unconstrained build operations Thread 2" [_thread_blocked, id=8140, stack(0x00000091d6400000,0x00000091d6500000)]
  0x0000024d4f27ea40 JavaThread "Unconstrained build operations Thread 3" [_thread_blocked, id=3204, stack(0x00000091d6500000,0x00000091d6600000)]
  0x0000024d4f277b90 JavaThread "Unconstrained build operations Thread 4" [_thread_blocked, id=7996, stack(0x00000091d6600000,0x00000091d6700000)]
  0x0000024d4f278060 JavaThread "Unconstrained build operations Thread 5" [_thread_blocked, id=4004, stack(0x00000091d6700000,0x00000091d6800000)]
  0x0000024d4f2793a0 JavaThread "Unconstrained build operations Thread 6" [_thread_blocked, id=11624, stack(0x00000091d6800000,0x00000091d6900000)]
  0x0000024d4ce8fd80 JavaThread "Unconstrained build operations Thread 7" [_thread_blocked, id=10496, stack(0x00000091d6900000,0x00000091d6a00000)]
  0x0000024d4ce8a210 JavaThread "Unconstrained build operations Thread 8" [_thread_blocked, id=4920, stack(0x00000091d6a00000,0x00000091d6b00000)]
  0x0000024d4ce893a0 JavaThread "Unconstrained build operations Thread 9" [_thread_blocked, id=10824, stack(0x00000091d6b00000,0x00000091d6c00000)]
  0x0000024d4ce90250 JavaThread "Unconstrained build operations Thread 10" [_thread_blocked, id=5184, stack(0x00000091d6c00000,0x00000091d6d00000)]
  0x0000024d4ce89d40 JavaThread "Unconstrained build operations Thread 11" [_thread_blocked, id=9488, stack(0x00000091d6d00000,0x00000091d6e00000)]
  0x0000024d4ce8c3c0 JavaThread "Unconstrained build operations Thread 12" [_thread_blocked, id=12116, stack(0x00000091d6e00000,0x00000091d6f00000)]
  0x0000024d4ce90720 JavaThread "Unconstrained build operations Thread 13" [_thread_blocked, id=2140, stack(0x00000091d6f00000,0x00000091d7000000)]
  0x0000024d4ce8abb0 JavaThread "Unconstrained build operations Thread 14" [_thread_blocked, id=9764, stack(0x00000091d7000000,0x00000091d7100000)]
  0x0000024d4ce90bf0 JavaThread "Unconstrained build operations Thread 15" [_thread_blocked, id=1296, stack(0x00000091d7100000,0x00000091d7200000)]
  0x0000024d4ce8e570 JavaThread "Unconstrained build operations Thread 16" [_thread_blocked, id=4744, stack(0x00000091d7200000,0x00000091d7300000)]
  0x0000024d4ce8bef0 JavaThread "Unconstrained build operations Thread 17" [_thread_blocked, id=4168, stack(0x00000091d7300000,0x00000091d7400000)]
  0x0000024d4ce89870 JavaThread "Unconstrained build operations Thread 18" [_thread_blocked, id=6552, stack(0x00000091d7400000,0x00000091d7500000)]
  0x0000024d4ce8ba20 JavaThread "Unconstrained build operations Thread 19" [_thread_blocked, id=10068, stack(0x00000091d7500000,0x00000091d7600000)]
  0x0000024d4ce8d230 JavaThread "Unconstrained build operations Thread 20" [_thread_blocked, id=11976, stack(0x00000091d7600000,0x00000091d7700000)]
  0x0000024d4ce8d700 JavaThread "Memory manager" [_thread_blocked, id=3192, stack(0x00000091d3100000,0x00000091d3200000)]
  0x0000024d4ce8dbd0 JavaThread "build event listener" [_thread_blocked, id=464, stack(0x00000091d3300000,0x00000091d3400000)]
  0x0000024d4ce8e0a0 JavaThread "build event listener" [_thread_blocked, id=3384, stack(0x00000091d7700000,0x00000091d7800000)]

Other Threads:
  0x0000024d4c11aaf0 VMThread "VM Thread" [stack: 0x00000091d3a00000,0x00000091d3b00000] [id=2712]
  0x0000024d4cd6fdf0 WatcherThread [stack: 0x00000091d4600000,0x00000091d4700000] [id=9856]
  0x0000024d33095e90 GCTaskThread "GC Thread#0" [stack: 0x00000091d3500000,0x00000091d3600000] [id=9196]
  0x0000024d4cf19550 GCTaskThread "GC Thread#1" [stack: 0x00000091d4700000,0x00000091d4800000] [id=5044]
  0x0000024d330a6ce0 ConcurrentGCThread "G1 Main Marker" [stack: 0x00000091d3600000,0x00000091d3700000] [id=7324]
  0x0000024d330a7600 ConcurrentGCThread "G1 Conc#0" [stack: 0x00000091d3700000,0x00000091d3800000] [id=6532]
  0x0000024d33101c20 ConcurrentGCThread "G1 Refine#0" [stack: 0x00000091d3800000,0x00000091d3900000] [id=3280]
  0x0000024d5166aa40 ConcurrentGCThread "G1 Refine#1" [stack: 0x00000091d7800000,0x00000091d7900000] [id=11712]
  0x0000024d33103560 ConcurrentGCThread "G1 Service" [stack: 0x00000091d3900000,0x00000091d3a00000] [id=7752]

Threads with active compile tasks:
C2 CompilerThread0    88223 9958   !   4       org.jetbrains.kotlin.metadata.ProtoBuf$Function::<init> (1410 bytes)

VM state: not at safepoint (normal execution)

VM Mutex/Monitor currently owned by a thread: None

Heap address: 0x0000000080000000, size: 2048 MB, Compressed Oops mode: 32-bit

CDS archive(s) not mapped
Compressed class space mapped at: 0x0000000100000000-0x0000000140000000, reserved size: 1073741824
Narrow klass base: 0x0000000000000000, Narrow klass shift: 3, Narrow klass range: 0x140000000

GC Precious Log:
 CPUs: 2 total, 2 available
 Memory: 7632M
 Large Page Support: Disabled
 NUMA Support: Disabled
 Compressed Oops: Enabled (32-bit)
 Heap Region Size: 1M
 Heap Min Capacity: 8M
 Heap Initial Capacity: 120M
 Heap Max Capacity: 2G
 Pre-touch: Disabled
 Parallel Workers: 2
 Concurrent Workers: 1
 Concurrent Refinement Workers: 2
 Periodic GC: Disabled

Heap:
 garbage-first heap   total 271360K, used 184623K [0x0000000080000000, 0x0000000100000000)
  region size 1024K, 31 young (31744K), 2 survivors (2048K)
 Metaspace       used 112921K, committed 113664K, reserved 1155072K
  class space    used 15003K, committed 15360K, reserved 1048576K

Heap Regions: E=young(eden), S=young(survivor), O=old, HS=humongous(starts), HC=humongous(continues), CS=collection set, F=free, OA=open archive, CA=closed archive, TAMS=top-at-mark-start (previous, next)
|   0|0x0000000080000000, 0x0000000080100000, 0x0000000080100000|100%| O|  |TAMS 0x0000000080100000, 0x0000000080000000| Untracked 
|   1|0x0000000080100000, 0x0000000080200000, 0x0000000080200000|100%| O|  |TAMS 0x0000000080200000, 0x0000000080100000| Untracked 
|   2|0x0000000080200000, 0x0000000080300000, 0x0000000080300000|100%| O|  |TAMS 0x0000000080300000, 0x0000000080200000| Untracked 
|   3|0x0000000080300000, 0x0000000080400000, 0x0000000080400000|100%|HS|  |TAMS 0x0000000080400000, 0x0000000080300000| Complete 
|   4|0x0000000080400000, 0x0000000080500000, 0x0000000080500000|100%|HC|  |TAMS 0x0000000080500000, 0x0000000080400000| Complete 
|   5|0x0000000080500000, 0x0000000080600000, 0x0000000080600000|100%|HC|  |TAMS 0x0000000080600000, 0x0000000080500000| Complete 
|   6|0x0000000080600000, 0x0000000080700000, 0x0000000080700000|100%|HC|  |TAMS 0x0000000080700000, 0x0000000080600000| Complete 
|   7|0x0000000080700000, 0x0000000080800000, 0x0000000080800000|100%| O|  |TAMS 0x0000000080800000, 0x0000000080700000| Untracked 
|   8|0x0000000080800000, 0x0000000080900000, 0x0000000080900000|100%| O|  |TAMS 0x0000000080900000, 0x0000000080800000| Untracked 
|   9|0x0000000080900000, 0x00000000809e7800, 0x0000000080a00000| 90%| O|  |TAMS 0x00000000809e7800, 0x0000000080900000| Untracked 
|  10|0x0000000080a00000, 0x0000000080b00000, 0x0000000080b00000|100%| O|  |TAMS 0x0000000080b00000, 0x0000000080a00000| Untracked 
|  11|0x0000000080b00000, 0x0000000080c00000, 0x0000000080c00000|100%| O|  |TAMS 0x0000000080c00000, 0x0000000080b00000| Untracked 
|  12|0x0000000080c00000, 0x0000000080d00000, 0x0000000080d00000|100%| O|  |TAMS 0x0000000080d00000, 0x0000000080c00000| Untracked 
|  13|0x0000000080d00000, 0x0000000080e00000, 0x0000000080e00000|100%| O|  |TAMS 0x0000000080e00000, 0x0000000080d00000| Untracked 
|  14|0x0000000080e00000, 0x0000000080f00000, 0x0000000080f00000|100%| O|  |TAMS 0x0000000080f00000, 0x0000000080e00000| Untracked 
|  15|0x0000000080f00000, 0x0000000081000000, 0x0000000081000000|100%| O|  |TAMS 0x0000000081000000, 0x0000000080f00000| Untracked 
|  16|0x0000000081000000, 0x0000000081100000, 0x0000000081100000|100%| O|  |TAMS 0x0000000081100000, 0x0000000081000000| Untracked 
|  17|0x0000000081100000, 0x0000000081200000, 0x0000000081200000|100%| O|  |TAMS 0x0000000081200000, 0x0000000081100000| Untracked 
|  18|0x0000000081200000, 0x0000000081300000, 0x0000000081300000|100%|HS|  |TAMS 0x0000000081300000, 0x0000000081200000| Complete 
|  19|0x0000000081300000, 0x0000000081400000, 0x0000000081400000|100%|HC|  |TAMS 0x0000000081400000, 0x0000000081300000| Complete 
|  20|0x0000000081400000, 0x0000000081500000, 0x0000000081500000|100%|HS|  |TAMS 0x0000000081500000, 0x0000000081400000| Complete 
|  21|0x0000000081500000, 0x0000000081600000, 0x0000000081600000|100%|HC|  |TAMS 0x0000000081600000, 0x0000000081500000| Complete 
|  22|0x0000000081600000, 0x0000000081700000, 0x0000000081700000|100%|HC|  |TAMS 0x0000000081700000, 0x0000000081600000| Complete 
|  23|0x0000000081700000, 0x0000000081800000, 0x0000000081800000|100%| O|  |TAMS 0x0000000081800000, 0x0000000081700000| Untracked 
|  24|0x0000000081800000, 0x0000000081900000, 0x0000000081900000|100%| O|  |TAMS 0x0000000081900000, 0x0000000081800000| Untracked 
|  25|0x0000000081900000, 0x0000000081a00000, 0x0000000081a00000|100%| O|  |TAMS 0x0000000081a00000, 0x0000000081900000| Untracked 
|  26|0x0000000081a00000, 0x0000000081b00000, 0x0000000081b00000|100%|HS|  |TAMS 0x0000000081b00000, 0x0000000081a00000| Complete 
|  27|0x0000000081b00000, 0x0000000081c00000, 0x0000000081c00000|100%|HC|  |TAMS 0x0000000081c00000, 0x0000000081b00000| Complete 
|  28|0x0000000081c00000, 0x0000000081d00000, 0x0000000081d00000|100%|HC|  |TAMS 0x0000000081d00000, 0x0000000081c00000| Complete 
|  29|0x0000000081d00000, 0x0000000081e00000, 0x0000000081e00000|100%| O|  |TAMS 0x0000000081e00000, 0x0000000081d00000| Untracked 
|  30|0x0000000081e00000, 0x0000000081f00000, 0x0000000081f00000|100%| O|  |TAMS 0x0000000081f00000, 0x0000000081e00000| Untracked 
|  31|0x0000000081f00000, 0x0000000082000000, 0x0000000082000000|100%| O|  |TAMS 0x0000000082000000, 0x0000000081f00000| Untracked 
|  32|0x0000000082000000, 0x0000000082100000, 0x0000000082100000|100%|HS|  |TAMS 0x0000000082100000, 0x0000000082000000| Complete 
|  33|0x0000000082100000, 0x0000000082200000, 0x0000000082200000|100%|HC|  |TAMS 0x0000000082200000, 0x0000000082100000| Complete 
|  34|0x0000000082200000, 0x0000000082300000, 0x0000000082300000|100%|HC|  |TAMS 0x0000000082300000, 0x0000000082200000| Complete 
|  35|0x0000000082300000, 0x0000000082400000, 0x0000000082400000|100%|HC|  |TAMS 0x0000000082400000, 0x0000000082300000| Complete 
|  36|0x0000000082400000, 0x0000000082500000, 0x0000000082500000|100%|HC|  |TAMS 0x0000000082500000, 0x0000000082400000| Complete 
|  37|0x0000000082500000, 0x0000000082600000, 0x0000000082600000|100%|HC|  |TAMS 0x0000000082600000, 0x0000000082500000| Complete 
|  38|0x0000000082600000, 0x0000000082700000, 0x0000000082700000|100%|HC|  |TAMS 0x0000000082700000, 0x0000000082600000| Complete 
|  39|0x0000000082700000, 0x0000000082800000, 0x0000000082800000|100%|HC|  |TAMS 0x0000000082800000, 0x0000000082700000| Complete 
|  40|0x0000000082800000, 0x0000000082900000, 0x0000000082900000|100%|HC|  |TAMS 0x0000000082900000, 0x0000000082800000| Complete 
|  41|0x0000000082900000, 0x0000000082a00000, 0x0000000082a00000|100%|HC|  |TAMS 0x0000000082a00000, 0x0000000082900000| Complete 
|  42|0x0000000082a00000, 0x0000000082b00000, 0x0000000082b00000|100%|HC|  |TAMS 0x0000000082b00000, 0x0000000082a00000| Complete 
|  43|0x0000000082b00000, 0x0000000082c00000, 0x0000000082c00000|100%|HC|  |TAMS 0x0000000082c00000, 0x0000000082b00000| Complete 
|  44|0x0000000082c00000, 0x0000000082d00000, 0x0000000082d00000|100%|HS|  |TAMS 0x0000000082d00000, 0x0000000082c00000| Complete 
|  45|0x0000000082d00000, 0x0000000082e00000, 0x0000000082e00000|100%|HC|  |TAMS 0x0000000082e00000, 0x0000000082d00000| Complete 
|  46|0x0000000082e00000, 0x0000000082f00000, 0x0000000082f00000|100%| O|  |TAMS 0x0000000082f00000, 0x0000000082e00000| Complete 
|  47|0x0000000082f00000, 0x0000000083000000, 0x0000000083000000|100%| O|  |TAMS 0x0000000083000000, 0x0000000082f00000| Untracked 
|  48|0x0000000083000000, 0x0000000083100000, 0x0000000083100000|100%| O|  |TAMS 0x0000000083100000, 0x0000000083000000| Untracked 
|  49|0x0000000083100000, 0x0000000083200000, 0x0000000083200000|100%| O|  |TAMS 0x0000000083200000, 0x0000000083100000| Untracked 
|  50|0x0000000083200000, 0x0000000083300000, 0x0000000083300000|100%| O|  |TAMS 0x0000000083300000, 0x0000000083200000| Untracked 
|  51|0x0000000083300000, 0x0000000083400000, 0x0000000083400000|100%| O|  |TAMS 0x0000000083400000, 0x0000000083300000| Untracked 
|  52|0x0000000083400000, 0x0000000083500000, 0x0000000083500000|100%| O|  |TAMS 0x0000000083500000, 0x0000000083400000| Untracked 
|  53|0x0000000083500000, 0x0000000083600000, 0x0000000083600000|100%| O|  |TAMS 0x0000000083600000, 0x0000000083500000| Untracked 
|  54|0x0000000083600000, 0x0000000083700000, 0x0000000083700000|100%|HS|  |TAMS 0x0000000083700000, 0x0000000083600000| Complete 
|  55|0x0000000083700000, 0x0000000083800000, 0x0000000083800000|100%|HC|  |TAMS 0x0000000083800000, 0x0000000083700000| Complete 
|  56|0x0000000083800000, 0x0000000083900000, 0x0000000083900000|100%|HC|  |TAMS 0x0000000083900000, 0x0000000083800000| Complete 
|  57|0x0000000083900000, 0x0000000083a00000, 0x0000000083a00000|100%| O|  |TAMS 0x0000000083a00000, 0x0000000083900000| Untracked 
|  58|0x0000000083a00000, 0x0000000083b00000, 0x0000000083b00000|100%|HS|  |TAMS 0x0000000083b00000, 0x0000000083a00000| Complete 
|  59|0x0000000083b00000, 0x0000000083c00000, 0x0000000083c00000|100%|HC|  |TAMS 0x0000000083c00000, 0x0000000083b00000| Complete 
|  60|0x0000000083c00000, 0x0000000083d00000, 0x0000000083d00000|100%|HC|  |TAMS 0x0000000083d00000, 0x0000000083c00000| Complete 
|  61|0x0000000083d00000, 0x0000000083e00000, 0x0000000083e00000|100%| O|  |TAMS 0x0000000083e00000, 0x0000000083d00000| Untracked 
|  62|0x0000000083e00000, 0x0000000083f00000, 0x0000000083f00000|100%| O|  |TAMS 0x0000000083f00000, 0x0000000083e00000| Untracked 
|  63|0x0000000083f00000, 0x0000000084000000, 0x0000000084000000|100%| O|  |TAMS 0x0000000084000000, 0x0000000083f00000| Untracked 
|  64|0x0000000084000000, 0x0000000084100000, 0x0000000084100000|100%| O|  |TAMS 0x0000000084100000, 0x0000000084000000| Untracked 
|  65|0x0000000084100000, 0x0000000084200000, 0x0000000084200000|100%| O|  |TAMS 0x0000000084200000, 0x0000000084100000| Untracked 
|  66|0x0000000084200000, 0x0000000084300000, 0x0000000084300000|100%| O|  |TAMS 0x0000000084300000, 0x0000000084200000| Untracked 
|  67|0x0000000084300000, 0x0000000084400000, 0x0000000084400000|100%| O|  |TAMS 0x0000000084400000, 0x0000000084300000| Untracked 
|  68|0x0000000084400000, 0x0000000084500000, 0x0000000084500000|100%| O|  |TAMS 0x0000000084500000, 0x0000000084400000| Untracked 
|  69|0x0000000084500000, 0x0000000084600000, 0x0000000084600000|100%| O|  |TAMS 0x0000000084600000, 0x0000000084500000| Untracked 
|  70|0x0000000084600000, 0x0000000084700000, 0x0000000084700000|100%| O|  |TAMS 0x0000000084700000, 0x0000000084600000| Untracked 
|  71|0x0000000084700000, 0x0000000084800000, 0x0000000084800000|100%| O|  |TAMS 0x0000000084800000, 0x0000000084700000| Untracked 
|  72|0x0000000084800000, 0x0000000084900000, 0x0000000084900000|100%|HS|  |TAMS 0x0000000084900000, 0x0000000084800000| Complete 
|  73|0x0000000084900000, 0x0000000084a00000, 0x0000000084a00000|100%|HS|  |TAMS 0x0000000084a00000, 0x0000000084900000| Complete 
|  74|0x0000000084a00000, 0x0000000084b00000, 0x0000000084b00000|100%|HS|  |TAMS 0x0000000084b00000, 0x0000000084a00000| Complete 
|  75|0x0000000084b00000, 0x0000000084c00000, 0x0000000084c00000|100%|HC|  |TAMS 0x0000000084c00000, 0x0000000084b00000| Complete 
|  76|0x0000000084c00000, 0x0000000084d00000, 0x0000000084d00000|100%| O|  |TAMS 0x0000000084d00000, 0x0000000084c00000| Untracked 
|  77|0x0000000084d00000, 0x0000000084e00000, 0x0000000084e00000|100%|HS|  |TAMS 0x0000000084e00000, 0x0000000084d00000| Complete 
|  78|0x0000000084e00000, 0x0000000084f00000, 0x0000000084f00000|100%| O|  |TAMS 0x0000000084f00000, 0x0000000084e00000| Untracked 
|  79|0x0000000084f00000, 0x0000000085000000, 0x0000000085000000|100%|HS|  |TAMS 0x0000000085000000, 0x0000000084f00000| Complete 
|  80|0x0000000085000000, 0x0000000085100000, 0x0000000085100000|100%|HC|  |TAMS 0x0000000085100000, 0x0000000085000000| Complete 
|  81|0x0000000085100000, 0x0000000085200000, 0x0000000085200000|100%|HC|  |TAMS 0x0000000085200000, 0x0000000085100000| Complete 
|  82|0x0000000085200000, 0x0000000085300000, 0x0000000085300000|100%|HC|  |TAMS 0x0000000085300000, 0x0000000085200000| Complete 
|  83|0x0000000085300000, 0x0000000085400000, 0x0000000085400000|100%| O|  |TAMS 0x0000000085400000, 0x0000000085300000| Untracked 
|  84|0x0000000085400000, 0x0000000085500000, 0x0000000085500000|100%| O|  |TAMS 0x0000000085500000, 0x0000000085400000| Untracked 
|  85|0x0000000085500000, 0x0000000085600000, 0x0000000085600000|100%| O|  |TAMS 0x0000000085600000, 0x0000000085500000| Untracked 
|  86|0x0000000085600000, 0x0000000085700000, 0x0000000085700000|100%| O|  |TAMS 0x0000000085700000, 0x0000000085600000| Untracked 
|  87|0x0000000085700000, 0x0000000085800000, 0x0000000085800000|100%| O|  |TAMS 0x0000000085800000, 0x0000000085700000| Untracked 
|  88|0x0000000085800000, 0x0000000085900000, 0x0000000085900000|100%| O|  |TAMS 0x0000000085900000, 0x0000000085800000| Untracked 
|  89|0x0000000085900000, 0x0000000085a00000, 0x0000000085a00000|100%| O|  |TAMS 0x0000000085a00000, 0x0000000085900000| Untracked 
|  90|0x0000000085a00000, 0x0000000085b00000, 0x0000000085b00000|100%| O|  |TAMS 0x0000000085b00000, 0x0000000085a00000| Untracked 
|  91|0x0000000085b00000, 0x0000000085c00000, 0x0000000085c00000|100%| O|  |TAMS 0x0000000085c00000, 0x0000000085b00000| Untracked 
|  92|0x0000000085c00000, 0x0000000085d00000, 0x0000000085d00000|100%| O|  |TAMS 0x0000000085d00000, 0x0000000085c00000| Untracked 
|  93|0x0000000085d00000, 0x0000000085e00000, 0x0000000085e00000|100%| O|  |TAMS 0x0000000085e00000, 0x0000000085d00000| Untracked 
|  94|0x0000000085e00000, 0x0000000085f00000, 0x0000000085f00000|100%| O|  |TAMS 0x0000000085f00000, 0x0000000085e00000| Untracked 
|  95|0x0000000085f00000, 0x0000000086000000, 0x0000000086000000|100%| O|  |TAMS 0x0000000086000000, 0x0000000085f00000| Untracked 
|  96|0x0000000086000000, 0x0000000086100000, 0x0000000086100000|100%| O|  |TAMS 0x0000000086100000, 0x0000000086000000| Untracked 
|  97|0x0000000086100000, 0x0000000086200000, 0x0000000086200000|100%| O|  |TAMS 0x0000000086200000, 0x0000000086100000| Untracked 
|  98|0x0000000086200000, 0x0000000086300000, 0x0000000086300000|100%|HS|  |TAMS 0x0000000086300000, 0x0000000086200000| Complete 
|  99|0x0000000086300000, 0x0000000086400000, 0x0000000086400000|100%|HC|  |TAMS 0x0000000086400000, 0x0000000086300000| Complete 
| 100|0x0000000086400000, 0x0000000086500000, 0x0000000086500000|100%|HC|  |TAMS 0x0000000086500000, 0x0000000086400000| Complete 
| 101|0x0000000086500000, 0x0000000086600000, 0x0000000086600000|100%|HC|  |TAMS 0x0000000086600000, 0x0000000086500000| Complete 
| 102|0x0000000086600000, 0x0000000086700000, 0x0000000086700000|100%| O|  |TAMS 0x0000000086700000, 0x0000000086600000| Untracked 
| 103|0x0000000086700000, 0x0000000086800000, 0x0000000086800000|100%| O|  |TAMS 0x0000000086800000, 0x0000000086700000| Untracked 
| 104|0x0000000086800000, 0x0000000086900000, 0x0000000086900000|100%| O|  |TAMS 0x0000000086900000, 0x0000000086800000| Untracked 
| 105|0x0000000086900000, 0x0000000086a00000, 0x0000000086a00000|100%| O|  |TAMS 0x0000000086a00000, 0x0000000086900000| Untracked 
| 106|0x0000000086a00000, 0x0000000086b00000, 0x0000000086b00000|100%| O|  |TAMS 0x0000000086b00000, 0x0000000086a00000| Untracked 
| 107|0x0000000086b00000, 0x0000000086c00000, 0x0000000086c00000|100%| O|  |TAMS 0x0000000086c00000, 0x0000000086b00000| Untracked 
| 108|0x0000000086c00000, 0x0000000086d00000, 0x0000000086d00000|100%| O|  |TAMS 0x0000000086d00000, 0x0000000086c00000| Untracked 
| 109|0x0000000086d00000, 0x0000000086e00000, 0x0000000086e00000|100%| O|  |TAMS 0x0000000086e00000, 0x0000000086d00000| Untracked 
| 110|0x0000000086e00000, 0x0000000086f00000, 0x0000000086f00000|100%| O|  |TAMS 0x0000000086f00000, 0x0000000086e00000| Untracked 
| 111|0x0000000086f00000, 0x0000000087000000, 0x0000000087000000|100%| O|  |TAMS 0x0000000087000000, 0x0000000086f00000| Untracked 
| 112|0x0000000087000000, 0x0000000087100000, 0x0000000087100000|100%| O|  |TAMS 0x0000000087100000, 0x0000000087000000| Untracked 
| 113|0x0000000087100000, 0x0000000087200000, 0x0000000087200000|100%| O|  |TAMS 0x0000000087200000, 0x0000000087100000| Untracked 
| 114|0x0000000087200000, 0x0000000087300000, 0x0000000087300000|100%| O|  |TAMS 0x0000000087300000, 0x0000000087200000| Untracked 
| 115|0x0000000087300000, 0x0000000087400000, 0x0000000087400000|100%| O|  |TAMS 0x0000000087400000, 0x0000000087300000| Untracked 
| 116|0x0000000087400000, 0x0000000087500000, 0x0000000087500000|100%| O|  |TAMS 0x0000000087500000, 0x0000000087400000| Untracked 
| 117|0x0000000087500000, 0x0000000087600000, 0x0000000087600000|100%| O|  |TAMS 0x0000000087600000, 0x0000000087500000| Untracked 
| 118|0x0000000087600000, 0x0000000087700000, 0x0000000087700000|100%| O|  |TAMS 0x0000000087700000, 0x0000000087600000| Untracked 
| 119|0x0000000087700000, 0x0000000087800000, 0x0000000087800000|100%| O|  |TAMS 0x0000000087800000, 0x0000000087700000| Untracked 
| 120|0x0000000087800000, 0x0000000087900000, 0x0000000087900000|100%| O|  |TAMS 0x0000000087900000, 0x0000000087800000| Untracked 
| 121|0x0000000087900000, 0x0000000087a00000, 0x0000000087a00000|100%| O|  |TAMS 0x0000000087a00000, 0x0000000087900000| Untracked 
| 122|0x0000000087a00000, 0x0000000087b00000, 0x0000000087b00000|100%| O|  |TAMS 0x0000000087b00000, 0x0000000087a00000| Untracked 
| 123|0x0000000087b00000, 0x0000000087c00000, 0x0000000087c00000|100%| O|  |TAMS 0x0000000087c00000, 0x0000000087b00000| Untracked 
| 124|0x0000000087c00000, 0x0000000087d00000, 0x0000000087d00000|100%| O|  |TAMS 0x0000000087d00000, 0x0000000087c00000| Untracked 
| 125|0x0000000087d00000, 0x0000000087e00000, 0x0000000087e00000|100%| O|  |TAMS 0x0000000087e00000, 0x0000000087d00000| Untracked 
| 126|0x0000000087e00000, 0x0000000087f00000, 0x0000000087f00000|100%| O|  |TAMS 0x0000000087f00000, 0x0000000087e00000| Untracked 
| 127|0x0000000087f00000, 0x0000000088000000, 0x0000000088000000|100%| O|  |TAMS 0x0000000088000000, 0x0000000087f00000| Untracked 
| 128|0x0000000088000000, 0x0000000088100000, 0x0000000088100000|100%|HS|  |TAMS 0x0000000088100000, 0x0000000088000000| Complete 
| 129|0x0000000088100000, 0x0000000088200000, 0x0000000088200000|100%|HC|  |TAMS 0x0000000088200000, 0x0000000088100000| Complete 
| 130|0x0000000088200000, 0x0000000088300000, 0x0000000088300000|100%|HC|  |TAMS 0x0000000088300000, 0x0000000088200000| Complete 
| 131|0x0000000088300000, 0x0000000088400000, 0x0000000088400000|100%|HC|  |TAMS 0x0000000088400000, 0x0000000088300000| Complete 
| 132|0x0000000088400000, 0x0000000088500000, 0x0000000088500000|100%|HC|  |TAMS 0x0000000088500000, 0x0000000088400000| Complete 
| 133|0x0000000088500000, 0x0000000088600000, 0x0000000088600000|100%|HC|  |TAMS 0x0000000088600000, 0x0000000088500000| Complete 
| 134|0x0000000088600000, 0x0000000088700000, 0x0000000088700000|100%| O|  |TAMS 0x0000000088700000, 0x0000000088600000| Untracked 
| 135|0x0000000088700000, 0x0000000088800000, 0x0000000088800000|100%| O|  |TAMS 0x0000000088800000, 0x0000000088700000| Untracked 
| 136|0x0000000088800000, 0x0000000088900000, 0x0000000088900000|100%| O|  |TAMS 0x0000000088900000, 0x0000000088800000| Untracked 
| 137|0x0000000088900000, 0x0000000088a00000, 0x0000000088a00000|100%| O|  |TAMS 0x0000000088a00000, 0x0000000088900000| Untracked 
| 138|0x0000000088a00000, 0x0000000088b00000, 0x0000000088b00000|100%| O|  |TAMS 0x0000000088b00000, 0x0000000088a00000| Untracked 
| 139|0x0000000088b00000, 0x0000000088c00000, 0x0000000088c00000|100%| O|  |TAMS 0x0000000088c00000, 0x0000000088b00000| Untracked 
| 140|0x0000000088c00000, 0x0000000088d00000, 0x0000000088d00000|100%| O|  |TAMS 0x0000000088d00000, 0x0000000088c00000| Untracked 
| 141|0x0000000088d00000, 0x0000000088e00000, 0x0000000088e00000|100%| O|  |TAMS 0x0000000088e00000, 0x0000000088d00000| Untracked 
| 142|0x0000000088e00000, 0x0000000088f00000, 0x0000000088f00000|100%| O|  |TAMS 0x0000000088f00000, 0x0000000088e00000| Untracked 
| 143|0x0000000088f00000, 0x0000000089000000, 0x0000000089000000|100%| O|  |TAMS 0x0000000089000000, 0x0000000088f00000| Untracked 
| 144|0x0000000089000000, 0x0000000089100000, 0x0000000089100000|100%|HS|  |TAMS 0x0000000089000000, 0x0000000089000000| Complete 
| 145|0x0000000089100000, 0x0000000089200000, 0x0000000089200000|100%| O|  |TAMS 0x0000000089200000, 0x0000000089100000| Untracked 
| 146|0x0000000089200000, 0x0000000089300000, 0x0000000089300000|100%| O|  |TAMS 0x0000000089300000, 0x0000000089200000| Untracked 
| 147|0x0000000089300000, 0x0000000089400000, 0x0000000089400000|100%| O|  |TAMS 0x0000000089400000, 0x0000000089300000| Untracked 
| 148|0x0000000089400000, 0x0000000089500000, 0x0000000089500000|100%| O|  |TAMS 0x0000000089500000, 0x0000000089400000| Untracked 
| 149|0x0000000089500000, 0x0000000089600000, 0x0000000089600000|100%| O|  |TAMS 0x0000000089600000, 0x0000000089500000| Untracked 
| 150|0x0000000089600000, 0x0000000089700000, 0x0000000089700000|100%| O|  |TAMS 0x0000000089700000, 0x0000000089600000| Untracked 
| 151|0x0000000089700000, 0x000000008974ca00, 0x0000000089800000| 29%| O|  |TAMS 0x000000008974ca00, 0x0000000089700000| Untracked 
| 152|0x0000000089800000, 0x0000000089800000, 0x0000000089900000|  0%| F|  |TAMS 0x0000000089800000, 0x0000000089800000| Untracked 
| 153|0x0000000089900000, 0x0000000089900000, 0x0000000089a00000|  0%| F|  |TAMS 0x0000000089900000, 0x0000000089900000| Untracked 
| 154|0x0000000089a00000, 0x0000000089a00000, 0x0000000089b00000|  0%| F|  |TAMS 0x0000000089a00000, 0x0000000089a00000| Untracked 
| 155|0x0000000089b00000, 0x0000000089b00000, 0x0000000089c00000|  0%| F|  |TAMS 0x0000000089b00000, 0x0000000089b00000| Untracked 
| 156|0x0000000089c00000, 0x0000000089c00000, 0x0000000089d00000|  0%| F|  |TAMS 0x0000000089c00000, 0x0000000089c00000| Untracked 
| 157|0x0000000089d00000, 0x0000000089d00000, 0x0000000089e00000|  0%| F|  |TAMS 0x0000000089d00000, 0x0000000089d00000| Untracked 
| 158|0x0000000089e00000, 0x0000000089e00000, 0x0000000089f00000|  0%| F|  |TAMS 0x0000000089e00000, 0x0000000089e00000| Untracked 
| 159|0x0000000089f00000, 0x0000000089f00000, 0x000000008a000000|  0%| F|  |TAMS 0x0000000089f00000, 0x0000000089f00000| Untracked 
| 160|0x000000008a000000, 0x000000008a000000, 0x000000008a100000|  0%| F|  |TAMS 0x000000008a000000, 0x000000008a000000| Untracked 
| 161|0x000000008a100000, 0x000000008a100000, 0x000000008a200000|  0%| F|  |TAMS 0x000000008a100000, 0x000000008a100000| Untracked 
| 162|0x000000008a200000, 0x000000008a200000, 0x000000008a300000|  0%| F|  |TAMS 0x000000008a200000, 0x000000008a200000| Untracked 
| 163|0x000000008a300000, 0x000000008a300000, 0x000000008a400000|  0%| F|  |TAMS 0x000000008a300000, 0x000000008a300000| Untracked 
| 164|0x000000008a400000, 0x000000008a400000, 0x000000008a500000|  0%| F|  |TAMS 0x000000008a400000, 0x000000008a400000| Untracked 
| 165|0x000000008a500000, 0x000000008a500000, 0x000000008a600000|  0%| F|  |TAMS 0x000000008a500000, 0x000000008a500000| Untracked 
| 166|0x000000008a600000, 0x000000008a600000, 0x000000008a700000|  0%| F|  |TAMS 0x000000008a600000, 0x000000008a600000| Untracked 
| 167|0x000000008a700000, 0x000000008a700000, 0x000000008a800000|  0%| F|  |TAMS 0x000000008a700000, 0x000000008a700000| Untracked 
| 168|0x000000008a800000, 0x000000008a800000, 0x000000008a900000|  0%| F|  |TAMS 0x000000008a800000, 0x000000008a800000| Untracked 
| 169|0x000000008a900000, 0x000000008a900000, 0x000000008aa00000|  0%| F|  |TAMS 0x000000008a900000, 0x000000008a900000| Untracked 
| 170|0x000000008aa00000, 0x000000008aa00000, 0x000000008ab00000|  0%| F|  |TAMS 0x000000008aa00000, 0x000000008aa00000| Untracked 
| 171|0x000000008ab00000, 0x000000008ab00000, 0x000000008ac00000|  0%| F|  |TAMS 0x000000008ab00000, 0x000000008ab00000| Untracked 
| 172|0x000000008ac00000, 0x000000008ac00000, 0x000000008ad00000|  0%| F|  |TAMS 0x000000008ac00000, 0x000000008ac00000| Untracked 
| 173|0x000000008ad00000, 0x000000008ad00000, 0x000000008ae00000|  0%| F|  |TAMS 0x000000008ad00000, 0x000000008ad00000| Untracked 
| 174|0x000000008ae00000, 0x000000008ae00000, 0x000000008af00000|  0%| F|  |TAMS 0x000000008ae00000, 0x000000008ae00000| Untracked 
| 175|0x000000008af00000, 0x000000008af00000, 0x000000008b000000|  0%| F|  |TAMS 0x000000008af00000, 0x000000008af00000| Untracked 
| 176|0x000000008b000000, 0x000000008b000000, 0x000000008b100000|  0%| F|  |TAMS 0x000000008b000000, 0x000000008b000000| Untracked 
| 177|0x000000008b100000, 0x000000008b100000, 0x000000008b200000|  0%| F|  |TAMS 0x000000008b100000, 0x000000008b100000| Untracked 
| 178|0x000000008b200000, 0x000000008b200000, 0x000000008b300000|  0%| F|  |TAMS 0x000000008b200000, 0x000000008b200000| Untracked 
| 179|0x000000008b300000, 0x000000008b300000, 0x000000008b400000|  0%| F|  |TAMS 0x000000008b300000, 0x000000008b300000| Untracked 
| 180|0x000000008b400000, 0x000000008b400000, 0x000000008b500000|  0%| F|  |TAMS 0x000000008b400000, 0x000000008b400000| Untracked 
| 181|0x000000008b500000, 0x000000008b500000, 0x000000008b600000|  0%| F|  |TAMS 0x000000008b500000, 0x000000008b500000| Untracked 
| 182|0x000000008b600000, 0x000000008b600000, 0x000000008b700000|  0%| F|  |TAMS 0x000000008b600000, 0x000000008b600000| Untracked 
| 183|0x000000008b700000, 0x000000008b700000, 0x000000008b800000|  0%| F|  |TAMS 0x000000008b700000, 0x000000008b700000| Untracked 
| 184|0x000000008b800000, 0x000000008b800000, 0x000000008b900000|  0%| F|  |TAMS 0x000000008b800000, 0x000000008b800000| Untracked 
| 185|0x000000008b900000, 0x000000008b900000, 0x000000008ba00000|  0%| F|  |TAMS 0x000000008b900000, 0x000000008b900000| Untracked 
| 186|0x000000008ba00000, 0x000000008ba00000, 0x000000008bb00000|  0%| F|  |TAMS 0x000000008ba00000, 0x000000008ba00000| Untracked 
| 187|0x000000008bb00000, 0x000000008bb00000, 0x000000008bc00000|  0%| F|  |TAMS 0x000000008bb00000, 0x000000008bb00000| Untracked 
| 188|0x000000008bc00000, 0x000000008bc00000, 0x000000008bd00000|  0%| F|  |TAMS 0x000000008bc00000, 0x000000008bc00000| Untracked 
| 189|0x000000008bd00000, 0x000000008bd00000, 0x000000008be00000|  0%| F|  |TAMS 0x000000008bd00000, 0x000000008bd00000| Untracked 
| 190|0x000000008be00000, 0x000000008be00000, 0x000000008bf00000|  0%| F|  |TAMS 0x000000008be00000, 0x000000008be00000| Untracked 
| 191|0x000000008bf00000, 0x000000008bf00000, 0x000000008c000000|  0%| F|  |TAMS 0x000000008bf00000, 0x000000008bf00000| Untracked 
| 192|0x000000008c000000, 0x000000008c000000, 0x000000008c100000|  0%| F|  |TAMS 0x000000008c000000, 0x000000008c000000| Untracked 
| 193|0x000000008c100000, 0x000000008c100000, 0x000000008c200000|  0%| F|  |TAMS 0x000000008c100000, 0x000000008c100000| Untracked 
| 194|0x000000008c200000, 0x000000008c200000, 0x000000008c300000|  0%| F|  |TAMS 0x000000008c200000, 0x000000008c200000| Untracked 
| 195|0x000000008c300000, 0x000000008c300000, 0x000000008c400000|  0%| F|  |TAMS 0x000000008c300000, 0x000000008c300000| Untracked 
| 196|0x000000008c400000, 0x000000008c400000, 0x000000008c500000|  0%| F|  |TAMS 0x000000008c400000, 0x000000008c400000| Untracked 
| 197|0x000000008c500000, 0x000000008c500000, 0x000000008c600000|  0%| F|  |TAMS 0x000000008c500000, 0x000000008c500000| Untracked 
| 198|0x000000008c600000, 0x000000008c600000, 0x000000008c700000|  0%| F|  |TAMS 0x000000008c600000, 0x000000008c600000| Untracked 
| 199|0x000000008c700000, 0x000000008c700000, 0x000000008c800000|  0%| F|  |TAMS 0x000000008c700000, 0x000000008c700000| Untracked 
| 200|0x000000008c800000, 0x000000008c800000, 0x000000008c900000|  0%| F|  |TAMS 0x000000008c800000, 0x000000008c800000| Untracked 
| 201|0x000000008c900000, 0x000000008c900000, 0x000000008ca00000|  0%| F|  |TAMS 0x000000008c900000, 0x000000008c900000| Untracked 
| 202|0x000000008ca00000, 0x000000008ca00000, 0x000000008cb00000|  0%| F|  |TAMS 0x000000008ca00000, 0x000000008ca00000| Untracked 
| 203|0x000000008cb00000, 0x000000008cb00000, 0x000000008cc00000|  0%| F|  |TAMS 0x000000008cb00000, 0x000000008cb00000| Untracked 
| 204|0x000000008cc00000, 0x000000008cc00000, 0x000000008cd00000|  0%| F|  |TAMS 0x000000008cc00000, 0x000000008cc00000| Untracked 
| 205|0x000000008cd00000, 0x000000008cd00000, 0x000000008ce00000|  0%| F|  |TAMS 0x000000008cd00000, 0x000000008cd00000| Untracked 
| 206|0x000000008ce00000, 0x000000008ce00000, 0x000000008cf00000|  0%| F|  |TAMS 0x000000008ce00000, 0x000000008ce00000| Untracked 
| 207|0x000000008cf00000, 0x000000008cf00000, 0x000000008d000000|  0%| F|  |TAMS 0x000000008cf00000, 0x000000008cf00000| Untracked 
| 208|0x000000008d000000, 0x000000008d000000, 0x000000008d100000|  0%| F|  |TAMS 0x000000008d000000, 0x000000008d000000| Untracked 
| 209|0x000000008d100000, 0x000000008d100000, 0x000000008d200000|  0%| F|  |TAMS 0x000000008d100000, 0x000000008d100000| Untracked 
| 210|0x000000008d200000, 0x000000008d200000, 0x000000008d300000|  0%| F|  |TAMS 0x000000008d200000, 0x000000008d200000| Untracked 
| 211|0x000000008d300000, 0x000000008d300000, 0x000000008d400000|  0%| F|  |TAMS 0x000000008d300000, 0x000000008d300000| Untracked 
| 212|0x000000008d400000, 0x000000008d400000, 0x000000008d500000|  0%| F|  |TAMS 0x000000008d400000, 0x000000008d400000| Untracked 
| 213|0x000000008d500000, 0x000000008d500000, 0x000000008d600000|  0%| F|  |TAMS 0x000000008d500000, 0x000000008d500000| Untracked 
| 214|0x000000008d600000, 0x000000008d600000, 0x000000008d700000|  0%| F|  |TAMS 0x000000008d600000, 0x000000008d600000| Untracked 
| 215|0x000000008d700000, 0x000000008d700000, 0x000000008d800000|  0%| F|  |TAMS 0x000000008d700000, 0x000000008d700000| Untracked 
| 216|0x000000008d800000, 0x000000008d800000, 0x000000008d900000|  0%| F|  |TAMS 0x000000008d800000, 0x000000008d800000| Untracked 
| 217|0x000000008d900000, 0x000000008d900000, 0x000000008da00000|  0%| F|  |TAMS 0x000000008d900000, 0x000000008d900000| Untracked 
| 218|0x000000008da00000, 0x000000008da00000, 0x000000008db00000|  0%| F|  |TAMS 0x000000008da00000, 0x000000008da00000| Untracked 
| 219|0x000000008db00000, 0x000000008db00000, 0x000000008dc00000|  0%| F|  |TAMS 0x000000008db00000, 0x000000008db00000| Untracked 
| 220|0x000000008dc00000, 0x000000008dc00000, 0x000000008dd00000|  0%| F|  |TAMS 0x000000008dc00000, 0x000000008dc00000| Untracked 
| 221|0x000000008dd00000, 0x000000008dd00000, 0x000000008de00000|  0%| F|  |TAMS 0x000000008dd00000, 0x000000008dd00000| Untracked 
| 222|0x000000008de00000, 0x000000008de00000, 0x000000008df00000|  0%| F|  |TAMS 0x000000008de00000, 0x000000008de00000| Untracked 
| 223|0x000000008df00000, 0x000000008df00000, 0x000000008e000000|  0%| F|  |TAMS 0x000000008df00000, 0x000000008df00000| Untracked 
| 224|0x000000008e000000, 0x000000008e000000, 0x000000008e100000|  0%| F|  |TAMS 0x000000008e000000, 0x000000008e000000| Untracked 
| 225|0x000000008e100000, 0x000000008e100000, 0x000000008e200000|  0%| F|  |TAMS 0x000000008e100000, 0x000000008e100000| Untracked 
| 226|0x000000008e200000, 0x000000008e200000, 0x000000008e300000|  0%| F|  |TAMS 0x000000008e200000, 0x000000008e200000| Untracked 
| 227|0x000000008e300000, 0x000000008e300000, 0x000000008e400000|  0%| F|  |TAMS 0x000000008e300000, 0x000000008e300000| Untracked 
| 228|0x000000008e400000, 0x000000008e400000, 0x000000008e500000|  0%| F|  |TAMS 0x000000008e400000, 0x000000008e400000| Untracked 
| 229|0x000000008e500000, 0x000000008e500000, 0x000000008e600000|  0%| F|  |TAMS 0x000000008e500000, 0x000000008e500000| Untracked 
| 230|0x000000008e600000, 0x000000008e600000, 0x000000008e700000|  0%| F|  |TAMS 0x000000008e600000, 0x000000008e600000| Untracked 
| 231|0x000000008e700000, 0x000000008e700000, 0x000000008e800000|  0%| F|  |TAMS 0x000000008e700000, 0x000000008e700000| Untracked 
| 232|0x000000008e800000, 0x000000008e800000, 0x000000008e900000|  0%| F|  |TAMS 0x000000008e800000, 0x000000008e800000| Untracked 
| 233|0x000000008e900000, 0x000000008e900000, 0x000000008ea00000|  0%| F|  |TAMS 0x000000008e900000, 0x000000008e900000| Untracked 
| 234|0x000000008ea00000, 0x000000008eb00000, 0x000000008eb00000|100%| E|  |TAMS 0x000000008ea00000, 0x000000008ea00000| Complete 
| 235|0x000000008eb00000, 0x000000008ec00000, 0x000000008ec00000|100%| E|CS|TAMS 0x000000008eb00000, 0x000000008eb00000| Complete 
| 236|0x000000008ec00000, 0x000000008ed00000, 0x000000008ed00000|100%| E|CS|TAMS 0x000000008ec00000, 0x000000008ec00000| Complete 
| 237|0x000000008ed00000, 0x000000008ee00000, 0x000000008ee00000|100%| E|CS|TAMS 0x000000008ed00000, 0x000000008ed00000| Complete 
| 238|0x000000008ee00000, 0x000000008ef00000, 0x000000008ef00000|100%| E|CS|TAMS 0x000000008ee00000, 0x000000008ee00000| Complete 
| 239|0x000000008ef00000, 0x000000008f000000, 0x000000008f000000|100%| E|CS|TAMS 0x000000008ef00000, 0x000000008ef00000| Complete 
| 240|0x000000008f000000, 0x000000008f100000, 0x000000008f100000|100%| E|CS|TAMS 0x000000008f000000, 0x000000008f000000| Complete 
| 241|0x000000008f100000, 0x000000008f200000, 0x000000008f200000|100%| E|CS|TAMS 0x000000008f100000, 0x000000008f100000| Complete 
| 242|0x000000008f200000, 0x000000008f300000, 0x000000008f300000|100%| E|CS|TAMS 0x000000008f200000, 0x000000008f200000| Complete 
| 243|0x000000008f300000, 0x000000008f400000, 0x000000008f400000|100%| E|CS|TAMS 0x000000008f300000, 0x000000008f300000| Complete 
| 244|0x000000008f400000, 0x000000008f500000, 0x000000008f500000|100%| E|CS|TAMS 0x000000008f400000, 0x000000008f400000| Complete 
| 245|0x000000008f500000, 0x000000008f600000, 0x000000008f600000|100%| E|CS|TAMS 0x000000008f500000, 0x000000008f500000| Complete 
| 246|0x000000008f600000, 0x000000008f617aa0, 0x000000008f700000|  9%| S|CS|TAMS 0x000000008f600000, 0x000000008f600000| Complete 
| 247|0x000000008f700000, 0x000000008f800000, 0x000000008f800000|100%| E|CS|TAMS 0x000000008f700000, 0x000000008f700000| Complete 
| 248|0x000000008f800000, 0x000000008f900000, 0x000000008f900000|100%| S|CS|TAMS 0x000000008f800000, 0x000000008f800000| Complete 
| 249|0x000000008f900000, 0x000000008fa00000, 0x000000008fa00000|100%| E|CS|TAMS 0x000000008f900000, 0x000000008f900000| Complete 
| 250|0x000000008fa00000, 0x000000008fb00000, 0x000000008fb00000|100%| E|CS|TAMS 0x000000008fa00000, 0x000000008fa00000| Complete 
| 251|0x000000008fb00000, 0x000000008fc00000, 0x000000008fc00000|100%| E|CS|TAMS 0x000000008fb00000, 0x000000008fb00000| Complete 
| 252|0x000000008fc00000, 0x000000008fd00000, 0x000000008fd00000|100%| E|CS|TAMS 0x000000008fc00000, 0x000000008fc00000| Complete 
| 253|0x000000008fd00000, 0x000000008fe00000, 0x000000008fe00000|100%| E|CS|TAMS 0x000000008fd00000, 0x000000008fd00000| Complete 
| 254|0x000000008fe00000, 0x000000008ff00000, 0x000000008ff00000|100%| E|CS|TAMS 0x000000008fe00000, 0x000000008fe00000| Complete 
| 255|0x000000008ff00000, 0x0000000090000000, 0x0000000090000000|100%| E|CS|TAMS 0x000000008ff00000, 0x000000008ff00000| Complete 
| 256|0x0000000090000000, 0x0000000090100000, 0x0000000090100000|100%| E|CS|TAMS 0x0000000090000000, 0x0000000090000000| Complete 
| 257|0x0000000090100000, 0x0000000090200000, 0x0000000090200000|100%| E|CS|TAMS 0x0000000090100000, 0x0000000090100000| Complete 
| 258|0x0000000090200000, 0x0000000090300000, 0x0000000090300000|100%| E|CS|TAMS 0x0000000090200000, 0x0000000090200000| Complete 
| 259|0x0000000090300000, 0x0000000090400000, 0x0000000090400000|100%| E|CS|TAMS 0x0000000090300000, 0x0000000090300000| Complete 
| 260|0x0000000090400000, 0x0000000090500000, 0x0000000090500000|100%| E|CS|TAMS 0x0000000090400000, 0x0000000090400000| Complete 
| 261|0x0000000090500000, 0x0000000090600000, 0x0000000090600000|100%| E|CS|TAMS 0x0000000090500000, 0x0000000090500000| Complete 
| 262|0x0000000090600000, 0x0000000090700000, 0x0000000090700000|100%| E|CS|TAMS 0x0000000090600000, 0x0000000090600000| Complete 
| 263|0x0000000090700000, 0x0000000090800000, 0x0000000090800000|100%| E|CS|TAMS 0x0000000090700000, 0x0000000090700000| Complete 
| 264|0x0000000090800000, 0x0000000090900000, 0x0000000090900000|100%| E|CS|TAMS 0x0000000090800000, 0x0000000090800000| Complete 

Card table byte_map: [0x0000024d45510000,0x0000024d45910000] _byte_map_base: 0x0000024d45110000

Marking Bits (Prev, Next): (CMBitMap*) 0x0000024d330963f0, (CMBitMap*) 0x0000024d330963b0
 Prev Bits: [0x0000024d47d10000, 0x0000024d49d10000)
 Next Bits: [0x0000024d45d10000, 0x0000024d47d10000)

Polling page: 0x0000024d31010000

Metaspace:

Usage:
  Non-class:     95.62 MB used.
      Class:     14.65 MB used.
       Both:    110.27 MB used.

Virtual space:
  Non-class space:      104.00 MB reserved,      96.00 MB ( 92%) committed,  13 nodes.
      Class space:        1.00 GB reserved,      15.00 MB (  1%) committed,  1 nodes.
             Both:        1.10 GB reserved,     111.00 MB ( 10%) committed. 

Chunk freelists:
   Non-Class:  3.86 MB
       Class:  1.05 MB
        Both:  4.91 MB

MaxMetaspaceSize: unlimited
CompressedClassSpaceSize: 1.00 GB
Initial GC threshold: 21.00 MB
Current GC threshold: 183.88 MB
CDS: off
MetaspaceReclaimPolicy: balanced
 - commit_granule_bytes: 65536.
 - commit_granule_words: 8192.
 - virtual_space_node_default_size: 1048576.
 - enlarge_chunks_in_place: 1.
 - new_chunks_are_fully_committed: 0.
 - uncommit_free_chunks: 1.
 - use_allocation_guard: 0.
 - handle_deallocations: 1.


Internal statistics:

num_allocs_failed_limit: 3.
num_arena_births: 960.
num_arena_deaths: 0.
num_vsnodes_births: 14.
num_vsnodes_deaths: 0.
num_space_committed: 1774.
num_space_uncommitted: 0.
num_chunks_returned_to_freelist: 3.
num_chunks_taken_from_freelist: 4860.
num_chunk_merges: 3.
num_chunk_splits: 3519.
num_chunks_enlarged: 2675.
num_purges: 0.
num_inconsistent_stats: 0.

CodeHeap 'non-profiled nmethods': size=120064Kb used=4432Kb max_used=5086Kb free=115631Kb
 bounds [0x0000024d3dfd0000, 0x0000024d3e4d0000, 0x0000024d45510000]
CodeHeap 'profiled nmethods': size=120000Kb used=17065Kb max_used=17692Kb free=102934Kb
 bounds [0x0000024d36510000, 0x0000024d37660000, 0x0000024d3da40000]
CodeHeap 'non-nmethods': size=5696Kb used=2422Kb max_used=2452Kb free=3273Kb
 bounds [0x0000024d3da40000, 0x0000024d3dcb0000, 0x0000024d3dfd0000]
 total_blobs=9401 nmethods=8427 adapters=887
 compilation: enabled
              stopped_count=0, restarted_count=0
 full_count=0

Compilation events (20 events):
Event: 88.035 Thread 0x0000024d4c173100 10030       2       jdk.internal.jrtfs.SystemImage$1::getResource (9 bytes)
Event: 88.036 Thread 0x0000024d4c173100 nmethod 10030 0x0000024d36a1c590 code [0x0000024d36a1c740, 0x0000024d36a1c938]
Event: 88.036 Thread 0x0000024d4c173100 10031       2       jdk.internal.jimage.BasicImageReader$$Lambda$1017/0x0000000100cd75a8::<init> (10 bytes)
Event: 88.036 Thread 0x0000024d4c173100 nmethod 10031 0x0000024d37431c90 code [0x0000024d37431e20, 0x0000024d37431f78]
Event: 88.036 Thread 0x0000024d4c173100 10032   !   2       jdk.internal.jimage.decompressor.Decompressor::decompressResource (260 bytes)
Event: 88.041 Thread 0x0000024d4c173100 nmethod 10032 0x0000024d370a2790 code [0x0000024d370a2b00, 0x0000024d370a3bf8]
Event: 88.050 Thread 0x0000024d4c173100 10033       2       java.nio.channels.Channels::newChannel (33 bytes)
Event: 88.051 Thread 0x0000024d4c173100 nmethod 10033 0x0000024d36a9f290 code [0x0000024d36a9f480, 0x0000024d36a9f9f8]
Event: 88.051 Thread 0x0000024d4c173100 10034       2       jdk.internal.jrtfs.JrtFileSystem$1::<init> (25 bytes)
Event: 88.052 Thread 0x0000024d4c173100 nmethod 10034 0x0000024d36aa2e90 code [0x0000024d36aa3020, 0x0000024d36aa31f8]
Event: 88.052 Thread 0x0000024d4c173100 10035       2       java.nio.channels.Channels$ReadableByteChannelImpl::implCloseChannel (8 bytes)
Event: 88.053 Thread 0x0000024d4c173100 nmethod 10035 0x0000024d3749de90 code [0x0000024d3749e020, 0x0000024d3749e148]
Event: 88.055 Thread 0x0000024d4c173100 10036       2       org.jetbrains.kotlin.load.java.structure.impl.classFiles.BinaryJavaMethodBase$Companion::create (572 bytes)
Event: 88.060 Thread 0x0000024d4c173100 nmethod 10036 0x0000024d36f77990 code [0x0000024d36f77ee0, 0x0000024d36f79af8]
Event: 88.061 Thread 0x0000024d4c173100 10037       2       org.jetbrains.org.objectweb.asm.MethodVisitor::<init> (94 bytes)
Event: 88.062 Thread 0x0000024d4c173100 nmethod 10037 0x0000024d36b0c590 code [0x0000024d36b0c780, 0x0000024d36b0cba8]
Event: 88.066 Thread 0x0000024d4c173100 10038       1       org.jetbrains.kotlin.load.java.lazy.JavaResolverComponents::getModule (5 bytes)
Event: 88.066 Thread 0x0000024d4c173100 nmethod 10038 0x0000024d3e19c390 code [0x0000024d3e19c520, 0x0000024d3e19c5f8]
Event: 88.121 Thread 0x0000024d4c173100 10039       2       java.lang.String::regionMatches (189 bytes)
Event: 88.121 Thread 0x0000024d4c173100 nmethod 10039 0x0000024d36892b90 code [0x0000024d36892d60, 0x0000024d368932f8]

GC Heap History (20 events):
Event: 75.348 GC heap before
{Heap before GC invocations=54 (full 0):
 garbage-first heap   total 214016K, used 128707K [0x0000000080000000, 0x0000000100000000)
  region size 1024K, 32 young (32768K), 7 survivors (7168K)
 Metaspace       used 87765K, committed 88448K, reserved 1130496K
  class space    used 12114K, committed 12416K, reserved 1048576K
}
Event: 75.369 GC heap after
{Heap after GC invocations=55 (full 0):
 garbage-first heap   total 214016K, used 105117K [0x0000000080000000, 0x0000000100000000)
  region size 1024K, 5 young (5120K), 5 survivors (5120K)
 Metaspace       used 87765K, committed 88448K, reserved 1130496K
  class space    used 12114K, committed 12416K, reserved 1048576K
}
Event: 77.670 GC heap before
{Heap before GC invocations=56 (full 0):
 garbage-first heap   total 214016K, used 146077K [0x0000000080000000, 0x0000000100000000)
  region size 1024K, 42 young (43008K), 5 survivors (5120K)
 Metaspace       used 93718K, committed 94400K, reserved 1130496K
  class space    used 12871K, committed 13184K, reserved 1048576K
}
Event: 77.694 GC heap after
{Heap after GC invocations=57 (full 0):
 garbage-first heap   total 214016K, used 110693K [0x0000000080000000, 0x0000000100000000)
  region size 1024K, 3 young (3072K), 3 survivors (3072K)
 Metaspace       used 93718K, committed 94400K, reserved 1130496K
  class space    used 12871K, committed 13184K, reserved 1048576K
}
Event: 79.036 GC heap before
{Heap before GC invocations=58 (full 0):
 garbage-first heap   total 214016K, used 174181K [0x0000000080000000, 0x0000000100000000)
  region size 1024K, 59 young (60416K), 3 survivors (3072K)
 Metaspace       used 93873K, committed 94528K, reserved 1130496K
  class space    used 12880K, committed 13184K, reserved 1048576K
}
Event: 79.100 GC heap after
{Heap after GC invocations=59 (full 0):
 garbage-first heap   total 214016K, used 127575K [0x0000000080000000, 0x0000000100000000)
  region size 1024K, 8 young (8192K), 8 survivors (8192K)
 Metaspace       used 93873K, committed 94528K, reserved 1130496K
  class space    used 12880K, committed 13184K, reserved 1048576K
}
Event: 80.320 GC heap before
{Heap before GC invocations=59 (full 0):
 garbage-first heap   total 214016K, used 168535K [0x0000000080000000, 0x0000000100000000)
  region size 1024K, 48 young (49152K), 8 survivors (8192K)
 Metaspace       used 94835K, committed 95552K, reserved 1138688K
  class space    used 12989K, committed 13312K, reserved 1048576K
}
Event: 80.378 GC heap after
{Heap after GC invocations=60 (full 0):
 garbage-first heap   total 214016K, used 136606K [0x0000000080000000, 0x0000000100000000)
  region size 1024K, 6 young (6144K), 6 survivors (6144K)
 Metaspace       used 94835K, committed 95552K, reserved 1138688K
  class space    used 12989K, committed 13312K, reserved 1048576K
}
Event: 81.748 GC heap before
{Heap before GC invocations=61 (full 0):
 garbage-first heap   total 237568K, used 177566K [0x0000000080000000, 0x0000000100000000)
  region size 1024K, 40 young (40960K), 6 survivors (6144K)
 Metaspace       used 98514K, committed 99200K, reserved 1138688K
  class space    used 13390K, committed 13696K, reserved 1048576K
}
Event: 81.778 GC heap after
{Heap after GC invocations=62 (full 0):
 garbage-first heap   total 237568K, used 148382K [0x0000000080000000, 0x0000000100000000)
  region size 1024K, 5 young (5120K), 5 survivors (5120K)
 Metaspace       used 98514K, committed 99200K, reserved 1138688K
  class space    used 13390K, committed 13696K, reserved 1048576K
}
Event: 82.022 GC heap before
{Heap before GC invocations=62 (full 0):
 garbage-first heap   total 237568K, used 154526K [0x0000000080000000, 0x0000000100000000)
  region size 1024K, 11 young (11264K), 5 survivors (5120K)
 Metaspace       used 98867K, committed 99584K, reserved 1138688K
  class space    used 13417K, committed 13760K, reserved 1048576K
}
Event: 82.038 GC heap after
{Heap after GC invocations=63 (full 0):
 garbage-first heap   total 237568K, used 148382K [0x0000000080000000, 0x0000000100000000)
  region size 1024K, 1 young (1024K), 1 survivors (1024K)
 Metaspace       used 98867K, committed 99584K, reserved 1138688K
  class space    used 13417K, committed 13760K, reserved 1048576K
}
Event: 83.949 GC heap before
{Heap before GC invocations=63 (full 0):
 garbage-first heap   total 237568K, used 190366K [0x0000000080000000, 0x0000000100000000)
  region size 1024K, 42 young (43008K), 1 survivors (1024K)
 Metaspace       used 104404K, committed 105088K, reserved 1146880K
  class space    used 13941K, committed 14272K, reserved 1048576K
}
Event: 83.966 GC heap after
{Heap after GC invocations=64 (full 0):
 garbage-first heap   total 237568K, used 152236K [0x0000000080000000, 0x0000000100000000)
  region size 1024K, 5 young (5120K), 5 survivors (5120K)
 Metaspace       used 104404K, committed 105088K, reserved 1146880K
  class space    used 13941K, committed 14272K, reserved 1048576K
}
Event: 86.035 GC heap before
{Heap before GC invocations=65 (full 0):
 garbage-first heap   total 263168K, used 193196K [0x0000000080000000, 0x0000000100000000)
  region size 1024K, 45 young (46080K), 5 survivors (5120K)
 Metaspace       used 109790K, committed 110528K, reserved 1146880K
  class space    used 14579K, committed 14912K, reserved 1048576K
}
Event: 86.052 GC heap after
{Heap after GC invocations=66 (full 0):
 garbage-first heap   total 263168K, used 154208K [0x0000000080000000, 0x0000000100000000)
  region size 1024K, 3 young (3072K), 3 survivors (3072K)
 Metaspace       used 109790K, committed 110528K, reserved 1146880K
  class space    used 14579K, committed 14912K, reserved 1048576K
}
Event: 86.686 GC heap before
{Heap before GC invocations=66 (full 0):
 garbage-first heap   total 263168K, used 162400K [0x0000000080000000, 0x0000000100000000)
  region size 1024K, 12 young (12288K), 3 survivors (3072K)
 Metaspace       used 111344K, committed 112064K, reserved 1146880K
  class space    used 14823K, committed 15168K, reserved 1048576K
}
Event: 86.697 GC heap after
{Heap after GC invocations=67 (full 0):
 garbage-first heap   total 263168K, used 154366K [0x0000000080000000, 0x0000000100000000)
  region size 1024K, 1 young (1024K), 1 survivors (1024K)
 Metaspace       used 111344K, committed 112064K, reserved 1146880K
  class space    used 14823K, committed 15168K, reserved 1048576K
}
Event: 87.016 GC heap before
{Heap before GC invocations=67 (full 0):
 garbage-first heap   total 263168K, used 161534K [0x0000000080000000, 0x0000000100000000)
  region size 1024K, 9 young (9216K), 1 survivors (1024K)
 Metaspace       used 112250K, committed 112896K, reserved 1146880K
  class space    used 14925K, committed 15232K, reserved 1048576K
}
Event: 87.027 GC heap after
{Heap after GC invocations=68 (full 0):
 garbage-first heap   total 263168K, used 154927K [0x0000000080000000, 0x0000000100000000)
  region size 1024K, 2 young (2048K), 2 survivors (2048K)
 Metaspace       used 112250K, committed 112896K, reserved 1146880K
  class space    used 14925K, committed 15232K, reserved 1048576K
}

Dll operation events (2 events):
Event: 0.037 Loaded shared library C:\Program Files\Android\Android Studio\jbr\bin\java.dll
Event: 2.297 Loaded shared library C:\Program Files\Android\Android Studio\jbr\bin\verify.dll

Deoptimization events (20 events):
Event: 86.264 Thread 0x0000024d4ceff030 DEOPT PACKING pc=0x0000024d3e2982c4 sp=0x00000091d4ef1360
Event: 86.264 Thread 0x0000024d4ceff030 DEOPT UNPACKING pc=0x0000024d3da969a3 sp=0x00000091d4ef1320 mode 2
Event: 86.264 Thread 0x0000024d4ceff030 Uncommon trap: trap_request=0xffffffc6 fr.pc=0x0000024d3e2982c4 relative=0x00000000000013a4
Event: 86.264 Thread 0x0000024d4ceff030 Uncommon trap: reason=bimorphic_or_optimized_type_check action=maybe_recompile pc=0x0000024d3e2982c4 method=gnu.trove.TObjectHash.insertionIndex(Ljava/lang/Object;)I @ 30 c2
Event: 86.264 Thread 0x0000024d4ceff030 DEOPT PACKING pc=0x0000024d3e2982c4 sp=0x00000091d4ef1360
Event: 86.264 Thread 0x0000024d4ceff030 DEOPT UNPACKING pc=0x0000024d3da969a3 sp=0x00000091d4ef1320 mode 2
Event: 86.264 Thread 0x0000024d4ceff030 Uncommon trap: trap_request=0xffffffc6 fr.pc=0x0000024d3e2982c4 relative=0x00000000000013a4
Event: 86.264 Thread 0x0000024d4ceff030 Uncommon trap: reason=bimorphic_or_optimized_type_check action=maybe_recompile pc=0x0000024d3e2982c4 method=gnu.trove.TObjectHash.insertionIndex(Ljava/lang/Object;)I @ 30 c2
Event: 86.264 Thread 0x0000024d4ceff030 DEOPT PACKING pc=0x0000024d3e2982c4 sp=0x00000091d4ef1360
Event: 86.264 Thread 0x0000024d4ceff030 DEOPT UNPACKING pc=0x0000024d3da969a3 sp=0x00000091d4ef1320 mode 2
Event: 87.250 Thread 0x0000024d4ceff030 DEOPT PACKING pc=0x0000024d37439125 sp=0x00000091d4ef3600
Event: 87.250 Thread 0x0000024d4ceff030 DEOPT UNPACKING pc=0x0000024d3da97143 sp=0x00000091d4ef2b38 mode 0
Event: 87.685 Thread 0x0000024d4ceff030 DEOPT PACKING pc=0x0000024d36dcf9e9 sp=0x00000091d4ef3620
Event: 87.685 Thread 0x0000024d4ceff030 DEOPT UNPACKING pc=0x0000024d3da97143 sp=0x00000091d4ef2b28 mode 0
Event: 87.697 Thread 0x0000024d4ceff030 DEOPT PACKING pc=0x0000024d36dcf9e9 sp=0x00000091d4ef3620
Event: 87.697 Thread 0x0000024d4ceff030 DEOPT UNPACKING pc=0x0000024d3da97143 sp=0x00000091d4ef2b28 mode 0
Event: 87.707 Thread 0x0000024d4ceff030 DEOPT PACKING pc=0x0000024d36dcf9e9 sp=0x00000091d4ef3620
Event: 87.707 Thread 0x0000024d4ceff030 DEOPT UNPACKING pc=0x0000024d3da97143 sp=0x00000091d4ef2b28 mode 0
Event: 87.710 Thread 0x0000024d4ceff030 DEOPT PACKING pc=0x0000024d36dcf9e9 sp=0x00000091d4ef3620
Event: 87.710 Thread 0x0000024d4ceff030 DEOPT UNPACKING pc=0x0000024d3da97143 sp=0x00000091d4ef2b28 mode 0

Classes unloaded (0 events):
No events

Classes redefined (0 events):
No events

Internal exceptions (20 events):
Event: 69.742 Thread 0x0000024d4ceff030 Exception <a 'java/lang/NoSuchMethodError'{0x000000008b90e5b0}: static Lorg/jetbrains/kotlin/gradle/plugin/internal/DefaultKotlinTestReportCompatibilityHelperVariantFactory;.<clinit>()V> (0x000000008b90e5b0) 
thrown [s\src\hotspot\share\prims\jni.cpp, line 1108]
Event: 73.255 Thread 0x0000024d4ceff030 Exception <a 'java/lang/ClassNotFoundException'{0x000000008b53d168}: org/jetbrains/kotlin/gradle/targets/js/npm/DefaultNpmDependencyExtensionBeanInfo> (0x000000008b53d168) 
thrown [s\src\hotspot\share\classfile\systemDictionary.cpp, line 256]
Event: 73.256 Thread 0x0000024d4ceff030 Exception <a 'java/lang/ClassNotFoundException'{0x000000008b5498b8}: org/jetbrains/kotlin/gradle/targets/js/npm/DefaultNpmDependencyExtensionCustomizer> (0x000000008b5498b8) 
thrown [s\src\hotspot\share\classfile\systemDictionary.cpp, line 256]
Event: 73.272 Thread 0x0000024d4ceff030 Exception <a 'java/lang/ClassNotFoundException'{0x000000008b5b5bb0}: org/jetbrains/kotlin/gradle/targets/js/npm/NpmDependencyExtensionKt$defaultNpmDependencyDelegate$1BeanInfo> (0x000000008b5b5bb0) 
thrown [s\src\hotspot\share\classfile\systemDictionary.cpp, line 256]
Event: 73.275 Thread 0x0000024d4ceff030 Exception <a 'java/lang/ClassNotFoundException'{0x000000008b5c2348}: org/jetbrains/kotlin/gradle/targets/js/npm/NpmDependencyExtensionDelegateBeanInfo> (0x000000008b5c2348) 
thrown [s\src\hotspot\share\classfile\systemDictionary.cpp, line 256]
Event: 73.294 Thread 0x0000024d4ceff030 Exception <a 'java/lang/ClassNotFoundException'{0x000000008b5ceaa8}: org/jetbrains/kotlin/gradle/targets/js/npm/NpmDependencyExtensionDelegateCustomizer> (0x000000008b5ceaa8) 
thrown [s\src\hotspot\share\classfile\systemDictionary.cpp, line 256]
Event: 73.299 Thread 0x0000024d4ceff030 Exception <a 'java/lang/ClassNotFoundException'{0x000000008b5f0338}: org/jetbrains/kotlin/gradle/targets/js/npm/NpmDependencyExtensionKt$defaultNpmDependencyDelegate$1Customizer> (0x000000008b5f0338) 
thrown [s\src\hotspot\share\classfile\systemDictionary.cpp, line 256]
Event: 73.311 Thread 0x0000024d4ceff030 Exception <a 'java/lang/ClassNotFoundException'{0x000000008b42ac90}: org/jetbrains/kotlin/gradle/targets/js/npm/DefaultDevNpmDependencyExtensionBeanInfo> (0x000000008b42ac90) 
thrown [s\src\hotspot\share\classfile\systemDictionary.cpp, line 256]
Event: 73.312 Thread 0x0000024d4ceff030 Exception <a 'java/lang/ClassNotFoundException'{0x000000008b4373f8}: org/jetbrains/kotlin/gradle/targets/js/npm/DefaultDevNpmDependencyExtensionCustomizer> (0x000000008b4373f8) 
thrown [s\src\hotspot\share\classfile\systemDictionary.cpp, line 256]
Event: 73.320 Thread 0x0000024d4ceff030 Exception <a 'java/lang/ClassNotFoundException'{0x000000008b471c68}: org/jetbrains/kotlin/gradle/targets/js/npm/DefaultPeerNpmDependencyExtensionBeanInfo> (0x000000008b471c68) 
thrown [s\src\hotspot\share\classfile\systemDictionary.cpp, line 256]
Event: 73.320 Thread 0x0000024d4ceff030 Exception <a 'java/lang/ClassNotFoundException'{0x000000008b47e420}: org/jetbrains/kotlin/gradle/targets/js/npm/DefaultPeerNpmDependencyExtensionCustomizer> (0x000000008b47e420) 
thrown [s\src\hotspot\share\classfile\systemDictionary.cpp, line 256]
Event: 73.329 Thread 0x0000024d4ceff030 Exception <a 'java/lang/ClassNotFoundException'{0x000000008b4c06d0}: org/jetbrains/kotlin/gradle/targets/js/npm/DefaultPeerNpmDependencyExtension$delegate$1BeanInfo> (0x000000008b4c06d0) 
thrown [s\src\hotspot\share\classfile\systemDictionary.cpp, line 256]
Event: 73.331 Thread 0x0000024d4ceff030 Exception <a 'java/lang/ClassNotFoundException'{0x000000008b4cd150}: org/jetbrains/kotlin/gradle/targets/js/npm/DefaultPeerNpmDependencyExtension$delegate$1Customizer> (0x000000008b4cd150) 
thrown [s\src\hotspot\share\classfile\systemDictionary.cpp, line 256]
Event: 74.946 Thread 0x0000024d4ceff030 Exception <a 'java/lang/NoSuchMethodError'{0x000000008c3b0608}: 'long java.lang.invoke.DirectMethodHandle$Holder.invokeStatic(java.lang.Object)'> (0x000000008c3b0608) 
thrown [s\src\hotspot\share\interpreter\linkResolver.cpp, line 771]
Event: 74.947 Thread 0x0000024d4ceff030 Exception <a 'java/lang/NoSuchMethodError'{0x000000008c3b51a8}: 'long java.lang.invoke.DirectMethodHandle$Holder.invokeStaticInit(java.lang.Object)'> (0x000000008c3b51a8) 
thrown [s\src\hotspot\share\interpreter\linkResolver.cpp, line 771]
Event: 77.477 Thread 0x0000024d4ceff030 Exception <a 'java/lang/NoSuchMethodError'{0x000000008a9dbaf8}: 'java.lang.Object java.lang.invoke.Invokers$Holder.invoke_MT(java.lang.Object, java.lang.Object, java.lang.Object)'> (0x000000008a9dbaf8) 
thrown [s\src\hotspot\share\interpreter\linkResolver.cpp, line 771]
Event: 78.419 Thread 0x0000024d4ceff030 Implicit null exception at 0x0000024d3e434746 to 0x0000024d3e436634
Event: 78.419 Thread 0x0000024d4ceff030 Implicit null exception at 0x0000024d3e438b19 to 0x0000024d3e439624
Event: 78.561 Thread 0x0000024d4ceff030 Implicit null exception at 0x0000024d3e43ca93 to 0x0000024d3e43df24
Event: 86.337 Thread 0x0000024d4ceff030 Exception <a 'java/lang/NoSuchMethodError'{0x000000008fce1480}: 'java.lang.Object java.lang.invoke.DirectMethodHandle$Holder.invokeStatic(java.lang.Object, java.lang.Object, java.lang.Object, java.lang.Object, int)'> (0x000000008fce1480) 
thrown [s\src\hotspot\share\interpreter\linkResolver.cpp, line 771]

VM Operations (20 events):
Event: 84.666 Executing VM operation: HandshakeAllThreads
Event: 84.666 Executing VM operation: HandshakeAllThreads done
Event: 84.713 Executing VM operation: HandshakeAllThreads
Event: 84.713 Executing VM operation: HandshakeAllThreads done
Event: 85.051 Executing VM operation: HandshakeAllThreads
Event: 85.051 Executing VM operation: HandshakeAllThreads done
Event: 86.035 Executing VM operation: G1CollectForAllocation
Event: 86.052 Executing VM operation: G1CollectForAllocation done
Event: 86.285 Executing VM operation: HandshakeAllThreads
Event: 86.285 Executing VM operation: HandshakeAllThreads done
Event: 86.661 Executing VM operation: HandshakeAllThreads
Event: 86.661 Executing VM operation: HandshakeAllThreads done
Event: 86.685 Executing VM operation: G1CollectForAllocation
Event: 86.697 Executing VM operation: G1CollectForAllocation done
Event: 87.016 Executing VM operation: G1TryInitiateConcMark
Event: 87.027 Executing VM operation: G1TryInitiateConcMark done
Event: 87.311 Executing VM operation: G1Concurrent
Event: 87.334 Executing VM operation: G1Concurrent done
Event: 87.446 Executing VM operation: G1Concurrent
Event: 87.446 Executing VM operation: G1Concurrent done

Events (20 events):
Event: 84.732 Thread 0x0000024d4cc0d070 flushing nmethod 0x0000024d3753e290
Event: 84.732 Thread 0x0000024d4cc0d070 flushing nmethod 0x0000024d3753f090
Event: 84.732 Thread 0x0000024d4cc0d070 flushing nmethod 0x0000024d3753f510
Event: 84.732 Thread 0x0000024d4cc0d070 flushing nmethod 0x0000024d37540290
Event: 84.732 Thread 0x0000024d4cc0d070 flushing nmethod 0x0000024d375de790
Event: 85.209 loading class java/text/StringCharacterIterator
Event: 85.209 loading class java/text/CharacterIterator
Event: 85.210 loading class java/text/CharacterIterator done
Event: 85.210 loading class java/text/StringCharacterIterator done
Event: 85.293 loading class java/io/NotSerializableException
Event: 85.293 loading class java/io/NotSerializableException done
Event: 85.408 Thread 0x0000024d4ccd2080 Thread exited: 0x0000024d4ccd2080
Event: 86.141 loading class java/util/function/IntUnaryOperator
Event: 86.141 loading class java/util/function/IntUnaryOperator done
Event: 86.289 loading class java/util/AbstractList$SubList
Event: 86.290 loading class java/util/AbstractList$SubList done
Event: 86.290 loading class java/util/AbstractList$SubList$1
Event: 86.291 loading class java/util/AbstractList$SubList$1 done
Event: 86.291 loading class java/util/AbstractList$ListItr
Event: 86.291 loading class java/util/AbstractList$ListItr done


Dynamic libraries:
0x00007ff690bb0000 - 0x00007ff690bba000 	C:\Program Files\Android\Android Studio\jbr\bin\java.exe
0x00007fff62650000 - 0x00007fff62848000 	C:\WINDOWS\SYSTEM32\ntdll.dll
0x00007fff61ee0000 - 0x00007fff61f9d000 	C:\WINDOWS\System32\KERNEL32.DLL
0x00007fff601a0000 - 0x00007fff60496000 	C:\WINDOWS\System32\KERNELBASE.dll
0x00007fff60020000 - 0x00007fff60120000 	C:\WINDOWS\System32\ucrtbase.dll
0x00007fff578a0000 - 0x00007fff578bb000 	C:\Program Files\Android\Android Studio\jbr\bin\VCRUNTIME140.dll
0x00007fff20560000 - 0x00007fff20577000 	C:\Program Files\Android\Android Studio\jbr\bin\jli.dll
0x00007fff4d5e0000 - 0x00007fff4d87a000 	C:\WINDOWS\WinSxS\amd64_microsoft.windows.common-controls_6595b64144ccf1df_6.0.19041.1110_none_60b5254171f9507e\COMCTL32.dll
0x00007fff609d0000 - 0x00007fff60a6e000 	C:\WINDOWS\System32\msvcrt.dll
0x00007fff60dd0000 - 0x00007fff60dfc000 	C:\WINDOWS\System32\GDI32.dll
0x00007fff60650000 - 0x00007fff60672000 	C:\WINDOWS\System32\win32u.dll
0x00007fff60530000 - 0x00007fff6064a000 	C:\WINDOWS\System32\gdi32full.dll
0x00007fff5fd70000 - 0x00007fff5fe0d000 	C:\WINDOWS\System32\msvcp_win.dll
0x00007fff607b0000 - 0x00007fff6094e000 	C:\WINDOWS\System32\USER32.dll
0x00007fff61c00000 - 0x00007fff61c30000 	C:\WINDOWS\System32\IMM32.DLL
0x00007fff5c970000 - 0x00007fff5c97c000 	C:\Program Files\Android\Android Studio\jbr\bin\vcruntime140_1.dll
0x00007fff33e40000 - 0x00007fff33ecd000 	C:\Program Files\Android\Android Studio\jbr\bin\msvcp140.dll
0x00007fff20830000 - 0x00007fff2149e000 	C:\Program Files\Android\Android Studio\jbr\bin\server\jvm.dll
0x00007fff61fa0000 - 0x00007fff6204e000 	C:\WINDOWS\System32\ADVAPI32.dll
0x00007fff61400000 - 0x00007fff6149c000 	C:\WINDOWS\System32\sechost.dll
0x00007fff60680000 - 0x00007fff607a6000 	C:\WINDOWS\System32\RPCRT4.dll
0x00007fff4b9f0000 - 0x00007fff4b9f9000 	C:\WINDOWS\SYSTEM32\WSOCK32.dll
0x00007fff62170000 - 0x00007fff621db000 	C:\WINDOWS\System32\WS2_32.dll
0x00007fff55bd0000 - 0x00007fff55bf7000 	C:\WINDOWS\SYSTEM32\WINMM.dll
0x00007fff55c00000 - 0x00007fff55c0a000 	C:\WINDOWS\SYSTEM32\VERSION.dll
0x00007fff5db90000 - 0x00007fff5dba2000 	C:\WINDOWS\SYSTEM32\kernel.appcore.dll
0x00007fff53e60000 - 0x00007fff53e6a000 	C:\Program Files\Android\Android Studio\jbr\bin\jimage.dll
0x00007fff4c4b0000 - 0x00007fff4c694000 	C:\WINDOWS\SYSTEM32\DBGHELP.DLL
0x00007fff4c470000 - 0x00007fff4c4a4000 	C:\WINDOWS\SYSTEM32\dbgcore.DLL
0x00007fff604a0000 - 0x00007fff60522000 	C:\WINDOWS\System32\bcryptPrimitives.dll
0x00007fff31c00000 - 0x00007fff31c25000 	C:\Program Files\Android\Android Studio\jbr\bin\java.dll
0x00007fff31be0000 - 0x00007fff31bf8000 	C:\Program Files\Android\Android Studio\jbr\bin\zip.dll
0x00007fff614b0000 - 0x00007fff61bf5000 	C:\WINDOWS\System32\SHELL32.dll
0x00007fff5dd90000 - 0x00007fff5e52b000 	C:\WINDOWS\SYSTEM32\windows.storage.dll
0x00007fff60a70000 - 0x00007fff60dc4000 	C:\WINDOWS\System32\combase.dll
0x00007fff5f6d0000 - 0x00007fff5f6fe000 	C:\WINDOWS\SYSTEM32\Wldp.dll
0x00007fff62390000 - 0x00007fff6243d000 	C:\WINDOWS\System32\SHCORE.dll
0x00007fff60e00000 - 0x00007fff60e55000 	C:\WINDOWS\System32\shlwapi.dll
0x00007fff5fc30000 - 0x00007fff5fc55000 	C:\WINDOWS\SYSTEM32\profapi.dll
0x00007fff31bc0000 - 0x00007fff31bd9000 	C:\Program Files\Android\Android Studio\jbr\bin\net.dll
0x00007fff53b90000 - 0x00007fff53c9a000 	C:\WINDOWS\SYSTEM32\WINHTTP.dll
0x00007fff5f430000 - 0x00007fff5f49a000 	C:\WINDOWS\system32\mswsock.dll
0x00007fff31ba0000 - 0x00007fff31bb6000 	C:\Program Files\Android\Android Studio\jbr\bin\nio.dll
0x00007fff31e10000 - 0x00007fff31e20000 	C:\Program Files\Android\Android Studio\jbr\bin\verify.dll
0x00007fff214e0000 - 0x00007fff21507000 	C:\Users\user\.gradle\native\68d5fa5c4cc2d200863cafc0d521ce42e7d3e7ee720ec0a83991735586a16f82\windows-amd64\native-platform.dll
0x00007fff33520000 - 0x00007fff33664000 	C:\Users\user\.gradle\native\e376f236ea51e6404a007f0833ffe2c6e607c4080706a723a18a27aeea778392\windows-amd64\native-platform-file-events.dll
0x00007fff31e00000 - 0x00007fff31e09000 	C:\Program Files\Android\Android Studio\jbr\bin\management.dll
0x00007fff31920000 - 0x00007fff3192b000 	C:\Program Files\Android\Android Studio\jbr\bin\management_ext.dll
0x00007fff60f80000 - 0x00007fff60f88000 	C:\WINDOWS\System32\PSAPI.DLL
0x00007fff5f620000 - 0x00007fff5f638000 	C:\WINDOWS\SYSTEM32\CRYPTSP.dll
0x00007fff5ece0000 - 0x00007fff5ed14000 	C:\WINDOWS\system32\rsaenh.dll
0x00007fff60120000 - 0x00007fff60147000 	C:\WINDOWS\System32\bcrypt.dll
0x00007fff5fbb0000 - 0x00007fff5fbde000 	C:\WINDOWS\SYSTEM32\USERENV.dll
0x00007fff5f640000 - 0x00007fff5f64c000 	C:\WINDOWS\SYSTEM32\CRYPTBASE.dll
0x00007fff5f120000 - 0x00007fff5f15b000 	C:\WINDOWS\SYSTEM32\IPHLPAPI.DLL
0x00007fff614a0000 - 0x00007fff614a8000 	C:\WINDOWS\System32\NSI.dll
0x00007fff53940000 - 0x00007fff53957000 	C:\WINDOWS\SYSTEM32\dhcpcsvc6.DLL
0x00007fff53db0000 - 0x00007fff53dcd000 	C:\WINDOWS\SYSTEM32\dhcpcsvc.DLL
0x00007fff5f160000 - 0x00007fff5f22a000 	C:\WINDOWS\SYSTEM32\DNSAPI.dll
0x00007fff318b0000 - 0x00007fff318b7000 	C:\WINDOWS\system32\wshunix.dll

dbghelp: loaded successfully - version: 4.0.5 - missing functions: none
symbol engine: initialized successfully - sym options: 0x614 - pdb path: .;C:\Program Files\Android\Android Studio\jbr\bin;C:\WINDOWS\SYSTEM32;C:\WINDOWS\WinSxS\amd64_microsoft.windows.common-controls_6595b64144ccf1df_6.0.19041.1110_none_60b5254171f9507e;C:\Program Files\Android\Android Studio\jbr\bin\server;C:\Users\user\.gradle\native\68d5fa5c4cc2d200863cafc0d521ce42e7d3e7ee720ec0a83991735586a16f82\windows-amd64;C:\Users\user\.gradle\native\e376f236ea51e6404a007f0833ffe2c6e607c4080706a723a18a27aeea778392\windows-amd64

VM Arguments:
jvm_args: --add-opens=java.base/java.util=ALL-UNNAMED --add-opens=java.base/java.lang=ALL-UNNAMED --add-opens=java.base/java.lang.invoke=ALL-UNNAMED --add-opens=java.prefs/java.util.prefs=ALL-UNNAMED --add-opens=java.base/java.nio.charset=ALL-UNNAMED --add-opens=java.base/java.net=ALL-UNNAMED --add-opens=java.base/java.util.concurrent.atomic=ALL-UNNAMED -Xmx2048m -Dfile.encoding=UTF-8 -Duser.country=RU -Duser.language=ru -Duser.variant 
java_command: org.gradle.launcher.daemon.bootstrap.GradleDaemon 8.0
java_class_path (initial): C:\Users\user\.gradle\wrapper\dists\gradle-8.0-bin\ca5e32bp14vu59qr306oxotwh\gradle-8.0\lib\gradle-launcher-8.0.jar
Launcher Type: SUN_STANDARD

[Global flags]
     intx CICompilerCount                          = 2                                         {product} {ergonomic}
     uint ConcGCThreads                            = 1                                         {product} {ergonomic}
     uint G1ConcRefinementThreads                  = 2                                         {product} {ergonomic}
   size_t G1HeapRegionSize                         = 1048576                                   {product} {ergonomic}
    uintx GCDrainStackTargetSize                   = 64                                        {product} {ergonomic}
   size_t InitialHeapSize                          = 125829120                                 {product} {ergonomic}
   size_t MarkStackSize                            = 4194304                                   {product} {ergonomic}
   size_t MaxHeapSize                              = 2147483648                                {product} {command line}
   size_t MaxNewSize                               = 1287651328                                {product} {ergonomic}
   size_t MinHeapDeltaBytes                        = 1048576                                   {product} {ergonomic}
   size_t MinHeapSize                              = 8388608                                   {product} {ergonomic}
    uintx NonNMethodCodeHeapSize                   = 5826188                                {pd product} {ergonomic}
    uintx NonProfiledCodeHeapSize                  = 122916026                              {pd product} {ergonomic}
    uintx ProfiledCodeHeapSize                     = 122916026                              {pd product} {ergonomic}
    uintx ReservedCodeCacheSize                    = 251658240                              {pd product} {ergonomic}
     bool SegmentedCodeCache                       = true                                      {product} {ergonomic}
   size_t SoftMaxHeapSize                          = 2147483648                             {manageable} {ergonomic}
     bool UseCompressedClassPointers               = true                           {product lp64_product} {ergonomic}
     bool UseCompressedOops                        = true                           {product lp64_product} {ergonomic}
     bool UseG1GC                                  = true                                      {product} {ergonomic}
     bool UseLargePagesIndividualAllocation        = false                                  {pd product} {ergonomic}

Logging:
Log output configuration:
 #0: stdout all=warning uptime,level,tags
 #1: stderr all=off uptime,level,tags

Environment Variables:
PATH=C:\WINDOWS\system32;C:\WINDOWS;C:\WINDOWS\System32\Wbem;C:\WINDOWS\System32\WindowsPowerShell\v1.0\;C:\WINDOWS\System32\OpenSSH\;c:\Program Files (x86)\Microsoft SQL Server\100\Tools\Binn\;c:\Program Files (x86)\Microsoft SQL Server\100\DTS\Binn\;C:\Program Files\dotnet\;C:\Program Files (x86)\dotnet\;C:\Users\user\AppData\Local\Microsoft\WindowsApps;;C:\Users\user\AppData\Local\Programs\Microsoft VS Code\bin;C:\Users\user\.dotnet\tools
USERNAME=user
OS=Windows_NT
PROCESSOR_IDENTIFIER=AMD64 Family 21 Model 112 Stepping 0, AuthenticAMD
TMP=C:\Users\user\AppData\Local\Temp
TEMP=C:\Users\user\AppData\Local\Temp


JNI global refs:
JNI global refs: 24, weak refs: 11

JNI global refs memory usage: 843, weak refs: 841


---------------  S Y S T E M  ---------------

OS:
 Windows 10 , 64 bit Build 19041 (10.0.19041.3393)
OS uptime: 0 days 1:02 hours

CPU: total 2 (initial active 2) (2 cores per cpu, 1 threads per core) family 21 model 112 stepping 0 microcode 0x0, cx8, cmov, fxsr, mmx, 3dnowpref, sse, sse2, sse3, ssse3, sse4a, sse4.1, sse4.2, popcnt, lzcnt, tsc, tscinvbit, avx, avx2, aes, clmul, bmi1, bmi2, fma, vzeroupper, clflush

Memory: 4k page, system-wide physical 7632M (262M free)
TotalPageFile size 11232M (AvailPageFile size 3M)
current process WorkingSet (physical memory assigned to process): 516M, peak: 516M
current process commit charge ("private bytes"): 554M, peak: 554M

vm_info: OpenJDK 64-Bit Server VM (17.0.6+0-b2043.56-10027231) for windows-amd64 JRE (17.0.6+0-b2043.56-10027231), built on Apr 28 2023 00:43:19 by "androidbuild" with MS VC++ 16.10 / 16.11 (VS2019)

END.
