#
# There is insufficient memory for the Java Runtime Environment to continue.
# Native memory allocation (mmap) failed to map 5242880 bytes for G1 virtual space
# Possible reasons:
#   The system is out of physical RAM or swap space
#   The process is running with CompressedOops enabled, and the Java Heap may be blocking the growth of the native heap
# Possible solutions:
#   Reduce memory load on the system
#   Increase physical memory or swap space
#   Check if swap backing store is full
#   Decrease Java heap size (-Xmx/-Xms)
#   Decrease number of Java threads
#   Decrease Java thread stack sizes (-Xss)
#   Set larger code cache with -XX:ReservedCodeCacheSize=
#   JVM is running with Unscaled Compressed Oops mode in which the Java heap is
#     placed in the first 4GB address space. The Java Heap base address is the
#     maximum limit for the native heap growth. Please use -XX:HeapBaseMinAddress
#     to set the Java Heap base and to place the Java Heap above 4GB virtual address.
# This output file may be truncated or incomplete.
#
#  Out of Memory Error (os_windows.cpp:3769), pid=12216, tid=12256
#
# JRE version: OpenJDK Runtime Environment (17.0.6) (build 17.0.6+0-b2043.56-10027231)
# Java VM: OpenJDK 64-Bit Server VM (17.0.6+0-b2043.56-10027231, mixed mode, tiered, compressed oops, compressed class ptrs, g1 gc, windows-amd64)
# No core dump will be written. Minidumps are not enabled by default on client versions of Windows
#

---------------  S U M M A R Y ------------

Command Line: --add-opens=java.base/java.util=ALL-UNNAMED --add-opens=java.base/java.lang=ALL-UNNAMED --add-opens=java.base/java.lang.invoke=ALL-UNNAMED --add-opens=java.prefs/java.util.prefs=ALL-UNNAMED --add-opens=java.base/java.nio.charset=ALL-UNNAMED --add-opens=java.base/java.net=ALL-UNNAMED --add-opens=java.base/java.util.concurrent.atomic=ALL-UNNAMED -Xmx2048m -Dfile.encoding=UTF-8 -Duser.country=RU -Duser.language=ru -Duser.variant org.gradle.launcher.daemon.bootstrap.GradleDaemon 8.0

Host: AMD A9-9425 RADEON R5, 5 COMPUTE CORES 2C+3G   , 2 cores, 7G,  Windows 10 , 64 bit Build 19041 (10.0.19041.3393)
Time: Sat Oct  7 21:51:29 2023  Windows 10 , 64 bit Build 19041 (10.0.19041.3393) elapsed time: 52.496473 seconds (0d 0h 0m 52s)

---------------  T H R E A D  ---------------

Current thread (0x0000023b9ffcb7d0):  VMThread "VM Thread" [stack: 0x000000557e800000,0x000000557e900000] [id=12256]

Stack: [0x000000557e800000,0x000000557e900000]
Native frames: (J=compiled Java code, j=interpreted, Vv=VM code, C=native code)
V  [jvm.dll+0x683c9a]
V  [jvm.dll+0x8427a4]
V  [jvm.dll+0x843f9e]
V  [jvm.dll+0x844603]
V  [jvm.dll+0x249b75]
V  [jvm.dll+0x680b69]
V  [jvm.dll+0x67505a]
V  [jvm.dll+0x309acb]
V  [jvm.dll+0x310f86]
V  [jvm.dll+0x3608ee]
V  [jvm.dll+0x360b1f]
V  [jvm.dll+0x2dfbf8]
V  [jvm.dll+0x2e2ce6]
V  [jvm.dll+0x2ed478]
V  [jvm.dll+0x322150]
V  [jvm.dll+0x848ccb]
V  [jvm.dll+0x849a04]
V  [jvm.dll+0x849f1d]
V  [jvm.dll+0x84a2f4]
V  [jvm.dll+0x84a3c0]
V  [jvm.dll+0x7f274a]
V  [jvm.dll+0x682ad5]
C  [ucrtbase.dll+0x21bb2]
C  [KERNEL32.DLL+0x17344]
C  [ntdll.dll+0x526b1]

VM_Operation (0x000000557e4ff320): G1Concurrent, mode: safepoint, requested by thread 0x0000023b84f772c0


---------------  P R O C E S S  ---------------

Threads class SMR info:
_java_thread_list=0x0000023ba7780890, length=61, elements={
0x0000023b84f08570, 0x0000023b9ffd2fa0, 0x0000023b9ffd3d20, 0x0000023ba001cf10,
0x0000023ba001dbd0, 0x0000023ba001e490, 0x0000023ba001ed50, 0x0000023ba001f9f0,
0x0000023ba0c0c3c0, 0x0000023ba0c0d070, 0x0000023ba0d5c0e0, 0x0000023ba0d625d0,
0x0000023ba2245760, 0x0000023ba3adb010, 0x0000023ba217ab20, 0x0000023ba1d850c0,
0x0000023ba268bff0, 0x0000023ba119b030, 0x0000023ba33220c0, 0x0000023ba247c050,
0x0000023ba247c520, 0x0000023ba247d860, 0x0000023ba247d390, 0x0000023ba247b1e0,
0x0000023ba247bb80, 0x0000023ba247c9f0, 0x0000023ba247b6b0, 0x0000023ba247a840,
0x0000023ba247cec0, 0x0000023ba35ee9e0, 0x0000023ba35eeeb0, 0x0000023ba35ec830,
0x0000023ba35ec360, 0x0000023ba35ed1d0, 0x0000023ba35ea680, 0x0000023ba35ebe90,
0x0000023ba35eb4f0, 0x0000023ba35e9340, 0x0000023ba35ecd00, 0x0000023ba35ed6a0,
0x0000023ba35edb70, 0x0000023ba35ee510, 0x0000023ba75f4f90, 0x0000023ba75f2910,
0x0000023ba75efdc0, 0x0000023ba75f5930, 0x0000023ba75f3c50, 0x0000023ba75f0290,
0x0000023ba75f4120, 0x0000023ba75f0c30, 0x0000023ba75ef420, 0x0000023ba75f3780,
0x0000023ba75f2440, 0x0000023ba75f67a0, 0x0000023ba75f62d0, 0x0000023ba75f5e00,
0x0000023ba75f0760, 0x0000023ba75f45f0, 0x0000023ba75ef8f0, 0x0000023ba75f15d0,
0x0000023ba75f1f70
}

Java Threads: ( => current thread )
  0x0000023b84f08570 JavaThread "main" [_thread_blocked, id=6088, stack(0x000000557e100000,0x000000557e200000)]
  0x0000023b9ffd2fa0 JavaThread "Reference Handler" daemon [_thread_blocked, id=2852, stack(0x000000557e900000,0x000000557ea00000)]
  0x0000023b9ffd3d20 JavaThread "Finalizer" daemon [_thread_blocked, id=3848, stack(0x000000557ea00000,0x000000557eb00000)]
  0x0000023ba001cf10 JavaThread "Signal Dispatcher" daemon [_thread_blocked, id=5140, stack(0x000000557eb00000,0x000000557ec00000)]
  0x0000023ba001dbd0 JavaThread "Attach Listener" daemon [_thread_blocked, id=9940, stack(0x000000557ec00000,0x000000557ed00000)]
  0x0000023ba001e490 JavaThread "Service Thread" daemon [_thread_blocked, id=9024, stack(0x000000557ed00000,0x000000557ee00000)]
  0x0000023ba001ed50 JavaThread "Monitor Deflation Thread" daemon [_thread_blocked, id=9284, stack(0x000000557ee00000,0x000000557ef00000)]
  0x0000023ba001f9f0 JavaThread "C2 CompilerThread0" daemon [_thread_blocked, id=11052, stack(0x000000557ef00000,0x000000557f000000)]
  0x0000023ba0c0c3c0 JavaThread "C1 CompilerThread0" daemon [_thread_blocked, id=3616, stack(0x000000557f000000,0x000000557f100000)]
  0x0000023ba0c0d070 JavaThread "Sweeper thread" daemon [_thread_blocked, id=1292, stack(0x000000557f100000,0x000000557f200000)]
  0x0000023ba0d5c0e0 JavaThread "Common-Cleaner" daemon [_thread_blocked, id=1596, stack(0x000000557f200000,0x000000557f300000)]
  0x0000023ba0d625d0 JavaThread "Notification Thread" daemon [_thread_blocked, id=1516, stack(0x000000557f300000,0x000000557f400000)]
  0x0000023ba2245760 JavaThread "Daemon health stats" [_thread_blocked, id=492, stack(0x000000557f600000,0x000000557f700000)]
  0x0000023ba3adb010 JavaThread "Incoming local TCP Connector on port 51832" [_thread_in_native, id=2384, stack(0x000000557f700000,0x000000557f800000)]
  0x0000023ba217ab20 JavaThread "Daemon periodic checks" [_thread_blocked, id=1964, stack(0x000000557f800000,0x000000557f900000)]
  0x0000023ba1d850c0 JavaThread "Daemon" [_thread_blocked, id=5156, stack(0x000000557f900000,0x000000557fa00000)]
  0x0000023ba268bff0 JavaThread "Handler for socket connection from /127.0.0.1:51832 to /127.0.0.1:51833" [_thread_in_native, id=7348, stack(0x000000557fa00000,0x000000557fb00000)]
  0x0000023ba119b030 JavaThread "Cancel handler" [_thread_blocked, id=5424, stack(0x000000557fb00000,0x000000557fc00000)]
  0x0000023ba33220c0 JavaThread "Daemon worker" [_thread_blocked, id=3088, stack(0x000000557fc00000,0x000000557fd00000)]
  0x0000023ba247c050 JavaThread "Asynchronous log dispatcher for DefaultDaemonConnection: socket connection from /127.0.0.1:51832 to /127.0.0.1:51833" [_thread_blocked, id=7880, stack(0x000000557fd00000,0x000000557fe00000)]
  0x0000023ba247c520 JavaThread "Stdin handler" [_thread_blocked, id=5320, stack(0x000000557fe00000,0x000000557ff00000)]
  0x0000023ba247d860 JavaThread "Daemon client event forwarder" [_thread_blocked, id=6620, stack(0x000000557ff00000,0x0000005580000000)]
  0x0000023ba247d390 JavaThread "Cache worker for journal cache (C:\Users\user\.gradle\caches\journal-1)" [_thread_blocked, id=7548, stack(0x0000005500000000,0x0000005500100000)]
  0x0000023ba247b1e0 JavaThread "File lock request listener" [_thread_in_native, id=10540, stack(0x0000005500100000,0x0000005500200000)]
  0x0000023ba247bb80 JavaThread "Cache worker for file hash cache (C:\Users\user\.gradle\caches\8.0\fileHashes)" [_thread_blocked, id=9136, stack(0x0000005500200000,0x0000005500300000)]
  0x0000023ba247c9f0 JavaThread "File watcher server" daemon [_thread_in_native, id=4364, stack(0x0000005500300000,0x0000005500400000)]
  0x0000023ba247b6b0 JavaThread "File watcher consumer" daemon [_thread_blocked, id=8340, stack(0x0000005500400000,0x0000005500500000)]
  0x0000023ba247a840 JavaThread "jar transforms" [_thread_blocked, id=7412, stack(0x0000005500500000,0x0000005500600000)]
  0x0000023ba247cec0 JavaThread "jar transforms Thread 2" [_thread_blocked, id=10272, stack(0x0000005500600000,0x0000005500700000)]
  0x0000023ba35ee9e0 JavaThread "Cache worker for checksums cache (C:\Users\user\AndroidStudioProjects\Prilogeniezmeyka\.gradle\8.0\checksums)" [_thread_blocked, id=964, stack(0x0000005500700000,0x0000005500800000)]
  0x0000023ba35eeeb0 JavaThread "Cache worker for cache directory md-rule (C:\Users\user\.gradle\caches\8.0\md-rule)" [_thread_blocked, id=11724, stack(0x0000005500800000,0x0000005500900000)]
  0x0000023ba35ec830 JavaThread "Cache worker for file content cache (C:\Users\user\.gradle\caches\8.0\fileContent)" [_thread_blocked, id=6480, stack(0x0000005500900000,0x0000005500a00000)]
  0x0000023ba35ec360 JavaThread "Cache worker for file hash cache (C:\Users\user\AndroidStudioProjects\Prilogeniezmeyka\.gradle\8.0\fileHashes)" [_thread_blocked, id=8864, stack(0x0000005500a00000,0x0000005500b00000)]
  0x0000023ba35ed1d0 JavaThread "Cache worker for cache directory md-supplier (C:\Users\user\.gradle\caches\8.0\md-supplier)" [_thread_blocked, id=2388, stack(0x0000005500b00000,0x0000005500c00000)]
  0x0000023ba35ea680 JavaThread "Cache worker for execution history cache (C:\Users\user\.gradle\caches\8.0\executionHistory)" [_thread_blocked, id=1660, stack(0x0000005500c00000,0x0000005500d00000)]
  0x0000023ba35ebe90 JavaThread "Cache worker for kotlin-dsl (C:\Users\user\.gradle\caches\8.0\kotlin-dsl)" [_thread_blocked, id=11056, stack(0x0000005500e00000,0x0000005500f00000)]
  0x0000023ba35eb4f0 JavaThread "Cache worker for dependencies-accessors (C:\Users\user\AndroidStudioProjects\Prilogeniezmeyka\.gradle\8.0\dependencies-accessors)" [_thread_blocked, id=5808, stack(0x0000005500f00000,0x0000005501000000)]
  0x0000023ba35e9340 JavaThread "Cache worker for Build Output Cleanup Cache (C:\Users\user\AndroidStudioProjects\Prilogeniezmeyka\.gradle\buildOutputCleanup)" [_thread_blocked, id=8860, stack(0x0000005501000000,0x0000005501100000)]
  0x0000023ba35ecd00 JavaThread "Unconstrained build operations" [_thread_blocked, id=2500, stack(0x0000005501100000,0x0000005501200000)]
  0x0000023ba35ed6a0 JavaThread "Unconstrained build operations Thread 2" [_thread_blocked, id=5052, stack(0x0000005501200000,0x0000005501300000)]
  0x0000023ba35edb70 JavaThread "Unconstrained build operations Thread 3" [_thread_blocked, id=1064, stack(0x0000005501300000,0x0000005501400000)]
  0x0000023ba35ee510 JavaThread "Unconstrained build operations Thread 4" [_thread_blocked, id=7696, stack(0x0000005501400000,0x0000005501500000)]
  0x0000023ba75f4f90 JavaThread "Unconstrained build operations Thread 5" [_thread_blocked, id=10188, stack(0x0000005501500000,0x0000005501600000)]
  0x0000023ba75f2910 JavaThread "Unconstrained build operations Thread 6" [_thread_blocked, id=8908, stack(0x0000005501600000,0x0000005501700000)]
  0x0000023ba75efdc0 JavaThread "Unconstrained build operations Thread 7" [_thread_blocked, id=11384, stack(0x0000005501700000,0x0000005501800000)]
  0x0000023ba75f5930 JavaThread "Unconstrained build operations Thread 8" [_thread_blocked, id=5988, stack(0x0000005501800000,0x0000005501900000)]
  0x0000023ba75f3c50 JavaThread "Unconstrained build operations Thread 9" [_thread_blocked, id=1048, stack(0x0000005501900000,0x0000005501a00000)]
  0x0000023ba75f0290 JavaThread "Unconstrained build operations Thread 10" [_thread_blocked, id=11076, stack(0x0000005501a00000,0x0000005501b00000)]
  0x0000023ba75f4120 JavaThread "Unconstrained build operations Thread 11" [_thread_blocked, id=4792, stack(0x0000005501b00000,0x0000005501c00000)]
  0x0000023ba75f0c30 JavaThread "Unconstrained build operations Thread 12" [_thread_blocked, id=3564, stack(0x0000005501c00000,0x0000005501d00000)]
  0x0000023ba75ef420 JavaThread "Unconstrained build operations Thread 13" [_thread_blocked, id=12220, stack(0x0000005501d00000,0x0000005501e00000)]
  0x0000023ba75f3780 JavaThread "Unconstrained build operations Thread 14" [_thread_blocked, id=5132, stack(0x0000005501e00000,0x0000005501f00000)]
  0x0000023ba75f2440 JavaThread "Unconstrained build operations Thread 15" [_thread_blocked, id=7376, stack(0x0000005501f00000,0x0000005502000000)]
  0x0000023ba75f67a0 JavaThread "Unconstrained build operations Thread 16" [_thread_blocked, id=7960, stack(0x0000005502000000,0x0000005502100000)]
  0x0000023ba75f62d0 JavaThread "Unconstrained build operations Thread 17" [_thread_blocked, id=4532, stack(0x0000005502100000,0x0000005502200000)]
  0x0000023ba75f5e00 JavaThread "Unconstrained build operations Thread 18" [_thread_blocked, id=7968, stack(0x0000005502200000,0x0000005502300000)]
  0x0000023ba75f0760 JavaThread "Unconstrained build operations Thread 19" [_thread_blocked, id=10064, stack(0x0000005502300000,0x0000005502400000)]
  0x0000023ba75f45f0 JavaThread "Unconstrained build operations Thread 20" [_thread_blocked, id=5692, stack(0x0000005502400000,0x0000005502500000)]
  0x0000023ba75ef8f0 JavaThread "Memory manager" [_thread_blocked, id=752, stack(0x0000005502500000,0x0000005502600000)]
  0x0000023ba75f15d0 JavaThread "build event listener" [_thread_blocked, id=7588, stack(0x0000005502600000,0x0000005502700000)]
  0x0000023ba75f1f70 JavaThread "build event listener" [_thread_blocked, id=7640, stack(0x0000005502700000,0x0000005502800000)]

Other Threads:
=>0x0000023b9ffcb7d0 VMThread "VM Thread" [stack: 0x000000557e800000,0x000000557e900000] [id=12256]
  0x0000023ba0d78020 WatcherThread [stack: 0x000000557f400000,0x000000557f500000] [id=2520]
  0x0000023b84f66470 GCTaskThread "GC Thread#0" [stack: 0x000000557e300000,0x000000557e400000] [id=4428]
  0x0000023ba0e4aed0 GCTaskThread "GC Thread#1" [stack: 0x000000557f500000,0x000000557f600000] [id=2740]
  0x0000023b84f772c0 ConcurrentGCThread "G1 Main Marker" [stack: 0x000000557e400000,0x000000557e500000] [id=3784]
  0x0000023b84f77be0 ConcurrentGCThread "G1 Conc#0" [stack: 0x000000557e500000,0x000000557e600000] [id=6868]
  0x0000023b84fd23c0 ConcurrentGCThread "G1 Refine#0" [stack: 0x000000557e600000,0x000000557e700000] [id=5720]
  0x0000023ba334e270 ConcurrentGCThread "G1 Refine#1" [stack: 0x0000005500d00000,0x0000005500e00000] [id=4968]
  0x0000023b84fd3d00 ConcurrentGCThread "G1 Service" [stack: 0x000000557e700000,0x000000557e800000] [id=7192]

Threads with active compile tasks:
C2 CompilerThread0    52560 10554       4       org.jetbrains.kotlin.protobuf.AbstractMessageLite::writeDelimitedTo (40 bytes)

VM state: at safepoint (normal execution)

VM Mutex/Monitor currently owned by a thread:  ([mutex/lock_event])
[0x0000023b84f02e10] Threads_lock - owner thread: 0x0000023b9ffcb7d0
[0x0000023b84f03560] Heap_lock - owner thread: 0x0000023b84f772c0

Heap address: 0x0000000080000000, size: 2048 MB, Compressed Oops mode: 32-bit

CDS archive(s) not mapped
Compressed class space mapped at: 0x0000000100000000-0x0000000140000000, reserved size: 1073741824
Narrow klass base: 0x0000000000000000, Narrow klass shift: 3, Narrow klass range: 0x140000000

GC Precious Log:
 CPUs: 2 total, 2 available
 Memory: 7632M
 Large Page Support: Disabled
 NUMA Support: Disabled
 Compressed Oops: Enabled (32-bit)
 Heap Region Size: 1M
 Heap Min Capacity: 8M
 Heap Initial Capacity: 120M
 Heap Max Capacity: 2G
 Pre-touch: Disabled
 Parallel Workers: 2
 Concurrent Workers: 1
 Concurrent Refinement Workers: 2
 Periodic GC: Disabled

Heap:
 garbage-first heap   total 263168K, used 159038K [0x0000000080000000, 0x0000000100000000)
  region size 1024K, 6 young (6144K), 5 survivors (5120K)
 Metaspace       used 114358K, committed 115136K, reserved 1155072K
  class space    used 15105K, committed 15488K, reserved 1048576K

Heap Regions: E=young(eden), S=young(survivor), O=old, HS=humongous(starts), HC=humongous(continues), CS=collection set, F=free, OA=open archive, CA=closed archive, TAMS=top-at-mark-start (previous, next)
|   0|0x0000000080000000, 0x0000000080100000, 0x0000000080100000|100%| O|  |TAMS 0x0000000080100000, 0x0000000080000000| Untracked 
|   1|0x0000000080100000, 0x0000000080200000, 0x0000000080200000|100%| O|  |TAMS 0x0000000080200000, 0x0000000080100000| Untracked 
|   2|0x0000000080200000, 0x0000000080300000, 0x0000000080300000|100%| O|  |TAMS 0x0000000080300000, 0x0000000080200000| Untracked 
|   3|0x0000000080300000, 0x0000000080400000, 0x0000000080400000|100%|HS|  |TAMS 0x0000000080400000, 0x0000000080300000| Complete 
|   4|0x0000000080400000, 0x0000000080500000, 0x0000000080500000|100%|HC|  |TAMS 0x0000000080500000, 0x0000000080400000| Complete 
|   5|0x0000000080500000, 0x0000000080600000, 0x0000000080600000|100%|HC|  |TAMS 0x0000000080600000, 0x0000000080500000| Complete 
|   6|0x0000000080600000, 0x0000000080700000, 0x0000000080700000|100%|HC|  |TAMS 0x0000000080700000, 0x0000000080600000| Complete 
|   7|0x0000000080700000, 0x0000000080800000, 0x0000000080800000|100%| O|  |TAMS 0x0000000080800000, 0x0000000080700000| Untracked 
|   8|0x0000000080800000, 0x0000000080900000, 0x0000000080900000|100%| O|  |TAMS 0x0000000080900000, 0x0000000080800000| Untracked 
|   9|0x0000000080900000, 0x00000000809f3000, 0x0000000080a00000| 94%| O|  |TAMS 0x00000000809f3000, 0x0000000080900000| Untracked 
|  10|0x0000000080a00000, 0x0000000080b00000, 0x0000000080b00000|100%| O|  |TAMS 0x0000000080b00000, 0x0000000080a00000| Untracked 
|  11|0x0000000080b00000, 0x0000000080c00000, 0x0000000080c00000|100%| O|  |TAMS 0x0000000080c00000, 0x0000000080b00000| Untracked 
|  12|0x0000000080c00000, 0x0000000080d00000, 0x0000000080d00000|100%| O|  |TAMS 0x0000000080d00000, 0x0000000080c00000| Untracked 
|  13|0x0000000080d00000, 0x0000000080e00000, 0x0000000080e00000|100%| O|  |TAMS 0x0000000080e00000, 0x0000000080d00000| Untracked 
|  14|0x0000000080e00000, 0x0000000080f00000, 0x0000000080f00000|100%| O|  |TAMS 0x0000000080f00000, 0x0000000080e00000| Untracked 
|  15|0x0000000080f00000, 0x0000000081000000, 0x0000000081000000|100%| O|  |TAMS 0x0000000081000000, 0x0000000080f00000| Untracked 
|  16|0x0000000081000000, 0x0000000081100000, 0x0000000081100000|100%| O|  |TAMS 0x0000000081100000, 0x0000000081000000| Untracked 
|  17|0x0000000081100000, 0x0000000081200000, 0x0000000081200000|100%| O|  |TAMS 0x0000000081200000, 0x0000000081100000| Untracked 
|  18|0x0000000081200000, 0x0000000081300000, 0x0000000081300000|100%|HS|  |TAMS 0x0000000081300000, 0x0000000081200000| Complete 
|  19|0x0000000081300000, 0x0000000081400000, 0x0000000081400000|100%|HC|  |TAMS 0x0000000081400000, 0x0000000081300000| Complete 
|  20|0x0000000081400000, 0x0000000081500000, 0x0000000081500000|100%|HS|  |TAMS 0x0000000081500000, 0x0000000081400000| Complete 
|  21|0x0000000081500000, 0x0000000081600000, 0x0000000081600000|100%|HC|  |TAMS 0x0000000081600000, 0x0000000081500000| Complete 
|  22|0x0000000081600000, 0x0000000081700000, 0x0000000081700000|100%|HC|  |TAMS 0x0000000081700000, 0x0000000081600000| Complete 
|  23|0x0000000081700000, 0x0000000081800000, 0x0000000081800000|100%| O|  |TAMS 0x0000000081800000, 0x0000000081700000| Untracked 
|  24|0x0000000081800000, 0x0000000081900000, 0x0000000081900000|100%| O|  |TAMS 0x0000000081900000, 0x0000000081800000| Untracked 
|  25|0x0000000081900000, 0x0000000081a00000, 0x0000000081a00000|100%| O|  |TAMS 0x0000000081a00000, 0x0000000081900000| Untracked 
|  26|0x0000000081a00000, 0x0000000081b00000, 0x0000000081b00000|100%|HS|  |TAMS 0x0000000081b00000, 0x0000000081a00000| Complete 
|  27|0x0000000081b00000, 0x0000000081c00000, 0x0000000081c00000|100%|HC|  |TAMS 0x0000000081c00000, 0x0000000081b00000| Complete 
|  28|0x0000000081c00000, 0x0000000081d00000, 0x0000000081d00000|100%|HC|  |TAMS 0x0000000081d00000, 0x0000000081c00000| Complete 
|  29|0x0000000081d00000, 0x0000000081e00000, 0x0000000081e00000|100%| O|  |TAMS 0x0000000081e00000, 0x0000000081d00000| Updating 
|  30|0x0000000081e00000, 0x0000000081f00000, 0x0000000081f00000|100%| O|  |TAMS 0x0000000081f00000, 0x0000000081e00000| Untracked 
|  31|0x0000000081f00000, 0x0000000082000000, 0x0000000082000000|100%| O|  |TAMS 0x0000000082000000, 0x0000000081f00000| Updating 
|  32|0x0000000082000000, 0x0000000082100000, 0x0000000082100000|100%|HS|  |TAMS 0x0000000082100000, 0x0000000082000000| Complete 
|  33|0x0000000082100000, 0x0000000082200000, 0x0000000082200000|100%|HC|  |TAMS 0x0000000082200000, 0x0000000082100000| Complete 
|  34|0x0000000082200000, 0x0000000082300000, 0x0000000082300000|100%| O|  |TAMS 0x0000000082300000, 0x0000000082200000| Updating 
|  35|0x0000000082300000, 0x0000000082400000, 0x0000000082400000|100%| O|  |TAMS 0x0000000082400000, 0x0000000082300000| Untracked 
|  36|0x0000000082400000, 0x0000000082500000, 0x0000000082500000|100%| O|  |TAMS 0x0000000082500000, 0x0000000082400000| Updating 
|  37|0x0000000082500000, 0x0000000082600000, 0x0000000082600000|100%| O|  |TAMS 0x0000000082600000, 0x0000000082500000| Updating 
|  38|0x0000000082600000, 0x0000000082700000, 0x0000000082700000|100%| O|  |TAMS 0x0000000082700000, 0x0000000082600000| Untracked 
|  39|0x0000000082700000, 0x0000000082800000, 0x0000000082800000|100%| O|  |TAMS 0x0000000082800000, 0x0000000082700000| Untracked 
|  40|0x0000000082800000, 0x0000000082900000, 0x0000000082900000|100%| O|  |TAMS 0x0000000082900000, 0x0000000082800000| Untracked 
|  41|0x0000000082900000, 0x0000000082a00000, 0x0000000082a00000|100%|HS|  |TAMS 0x0000000082a00000, 0x0000000082900000| Complete 
|  42|0x0000000082a00000, 0x0000000082b00000, 0x0000000082b00000|100%|HC|  |TAMS 0x0000000082b00000, 0x0000000082a00000| Complete 
|  43|0x0000000082b00000, 0x0000000082c00000, 0x0000000082c00000|100%|HC|  |TAMS 0x0000000082c00000, 0x0000000082b00000| Complete 
|  44|0x0000000082c00000, 0x0000000082d00000, 0x0000000082d00000|100%|HC|  |TAMS 0x0000000082d00000, 0x0000000082c00000| Complete 
|  45|0x0000000082d00000, 0x0000000082e00000, 0x0000000082e00000|100%|HC|  |TAMS 0x0000000082e00000, 0x0000000082d00000| Complete 
|  46|0x0000000082e00000, 0x0000000082f00000, 0x0000000082f00000|100%|HC|  |TAMS 0x0000000082f00000, 0x0000000082e00000| Complete 
|  47|0x0000000082f00000, 0x0000000083000000, 0x0000000083000000|100%|HC|  |TAMS 0x0000000083000000, 0x0000000082f00000| Complete 
|  48|0x0000000083000000, 0x0000000083100000, 0x0000000083100000|100%|HC|  |TAMS 0x0000000083100000, 0x0000000083000000| Complete 
|  49|0x0000000083100000, 0x0000000083200000, 0x0000000083200000|100%|HC|  |TAMS 0x0000000083200000, 0x0000000083100000| Complete 
|  50|0x0000000083200000, 0x0000000083300000, 0x0000000083300000|100%|HC|  |TAMS 0x0000000083300000, 0x0000000083200000| Complete 
|  51|0x0000000083300000, 0x0000000083400000, 0x0000000083400000|100%|HC|  |TAMS 0x0000000083400000, 0x0000000083300000| Complete 
|  52|0x0000000083400000, 0x0000000083500000, 0x0000000083500000|100%|HC|  |TAMS 0x0000000083500000, 0x0000000083400000| Complete 
|  53|0x0000000083500000, 0x0000000083600000, 0x0000000083600000|100%| O|  |TAMS 0x0000000083600000, 0x0000000083500000| Untracked 
|  54|0x0000000083600000, 0x0000000083700000, 0x0000000083700000|100%| O|  |TAMS 0x0000000083700000, 0x0000000083600000| Untracked 
|  55|0x0000000083700000, 0x0000000083800000, 0x0000000083800000|100%| O|  |TAMS 0x0000000083800000, 0x0000000083700000| Updating 
|  56|0x0000000083800000, 0x0000000083900000, 0x0000000083900000|100%|HS|  |TAMS 0x0000000083900000, 0x0000000083800000| Complete 
|  57|0x0000000083900000, 0x0000000083a00000, 0x0000000083a00000|100%|HC|  |TAMS 0x0000000083a00000, 0x0000000083900000| Complete 
|  58|0x0000000083a00000, 0x0000000083b00000, 0x0000000083b00000|100%|HC|  |TAMS 0x0000000083b00000, 0x0000000083a00000| Complete 
|  59|0x0000000083b00000, 0x0000000083c00000, 0x0000000083c00000|100%| O|  |TAMS 0x0000000083c00000, 0x0000000083b00000| Untracked 
|  60|0x0000000083c00000, 0x0000000083d00000, 0x0000000083d00000|100%| O|  |TAMS 0x0000000083d00000, 0x0000000083c00000| Updating 
|  61|0x0000000083d00000, 0x0000000083e00000, 0x0000000083e00000|100%|HS|  |TAMS 0x0000000083e00000, 0x0000000083d00000| Complete 
|  62|0x0000000083e00000, 0x0000000083f00000, 0x0000000083f00000|100%|HC|  |TAMS 0x0000000083f00000, 0x0000000083e00000| Complete 
|  63|0x0000000083f00000, 0x0000000084000000, 0x0000000084000000|100%|HC|  |TAMS 0x0000000084000000, 0x0000000083f00000| Complete 
|  64|0x0000000084000000, 0x0000000084100000, 0x0000000084100000|100%| O|  |TAMS 0x0000000084100000, 0x0000000084000000| Untracked 
|  65|0x0000000084100000, 0x0000000084200000, 0x0000000084200000|100%| O|  |TAMS 0x0000000084200000, 0x0000000084100000| Untracked 
|  66|0x0000000084200000, 0x0000000084300000, 0x0000000084300000|100%| O|  |TAMS 0x0000000084300000, 0x0000000084200000| Untracked 
|  67|0x0000000084300000, 0x0000000084400000, 0x0000000084400000|100%| O|  |TAMS 0x0000000084400000, 0x0000000084300000| Untracked 
|  68|0x0000000084400000, 0x0000000084500000, 0x0000000084500000|100%| O|  |TAMS 0x0000000084500000, 0x0000000084400000| Untracked 
|  69|0x0000000084500000, 0x0000000084600000, 0x0000000084600000|100%| O|  |TAMS 0x0000000084600000, 0x0000000084500000| Untracked 
|  70|0x0000000084600000, 0x0000000084700000, 0x0000000084700000|100%| O|  |TAMS 0x0000000084700000, 0x0000000084600000| Untracked 
|  71|0x0000000084700000, 0x0000000084800000, 0x0000000084800000|100%| O|  |TAMS 0x0000000084800000, 0x0000000084700000| Untracked 
|  72|0x0000000084800000, 0x0000000084900000, 0x0000000084900000|100%|HS|  |TAMS 0x0000000084900000, 0x0000000084800000| Complete 
|  73|0x0000000084900000, 0x0000000084a00000, 0x0000000084a00000|100%|HS|  |TAMS 0x0000000084a00000, 0x0000000084900000| Complete 
|  74|0x0000000084a00000, 0x0000000084b00000, 0x0000000084b00000|100%|HS|  |TAMS 0x0000000084b00000, 0x0000000084a00000| Complete 
|  75|0x0000000084b00000, 0x0000000084c00000, 0x0000000084c00000|100%|HC|  |TAMS 0x0000000084c00000, 0x0000000084b00000| Complete 
|  76|0x0000000084c00000, 0x0000000084d00000, 0x0000000084d00000|100%|HS|  |TAMS 0x0000000084d00000, 0x0000000084c00000| Complete 
|  77|0x0000000084d00000, 0x0000000084e00000, 0x0000000084e00000|100%|HS|  |TAMS 0x0000000084e00000, 0x0000000084d00000| Complete 
|  78|0x0000000084e00000, 0x0000000084f00000, 0x0000000084f00000|100%|HC|  |TAMS 0x0000000084f00000, 0x0000000084e00000| Complete 
|  79|0x0000000084f00000, 0x0000000085000000, 0x0000000085000000|100%|HC|  |TAMS 0x0000000085000000, 0x0000000084f00000| Complete 
|  80|0x0000000085000000, 0x0000000085100000, 0x0000000085100000|100%|HC|  |TAMS 0x0000000085100000, 0x0000000085000000| Complete 
|  81|0x0000000085100000, 0x0000000085200000, 0x0000000085200000|100%| O|  |TAMS 0x0000000085200000, 0x0000000085100000| Untracked 
|  82|0x0000000085200000, 0x0000000085300000, 0x0000000085300000|100%| O|  |TAMS 0x0000000085300000, 0x0000000085200000| Untracked 
|  83|0x0000000085300000, 0x0000000085400000, 0x0000000085400000|100%| O|  |TAMS 0x0000000085400000, 0x0000000085300000| Untracked 
|  84|0x0000000085400000, 0x0000000085500000, 0x0000000085500000|100%| O|  |TAMS 0x0000000085500000, 0x0000000085400000| Updating 
|  85|0x0000000085500000, 0x0000000085600000, 0x0000000085600000|100%| O|  |TAMS 0x0000000085600000, 0x0000000085500000| Untracked 
|  86|0x0000000085600000, 0x0000000085700000, 0x0000000085700000|100%| O|  |TAMS 0x0000000085700000, 0x0000000085600000| Untracked 
|  87|0x0000000085700000, 0x0000000085800000, 0x0000000085800000|100%| O|  |TAMS 0x0000000085800000, 0x0000000085700000| Untracked 
|  88|0x0000000085800000, 0x0000000085900000, 0x0000000085900000|100%| O|  |TAMS 0x0000000085900000, 0x0000000085800000| Untracked 
|  89|0x0000000085900000, 0x0000000085a00000, 0x0000000085a00000|100%| O|  |TAMS 0x0000000085a00000, 0x0000000085900000| Untracked 
|  90|0x0000000085a00000, 0x0000000085b00000, 0x0000000085b00000|100%| O|  |TAMS 0x0000000085b00000, 0x0000000085a00000| Untracked 
|  91|0x0000000085b00000, 0x0000000085c00000, 0x0000000085c00000|100%| O|  |TAMS 0x0000000085c00000, 0x0000000085b00000| Untracked 
|  92|0x0000000085c00000, 0x0000000085d00000, 0x0000000085d00000|100%| O|  |TAMS 0x0000000085d00000, 0x0000000085c00000| Untracked 
|  93|0x0000000085d00000, 0x0000000085e00000, 0x0000000085e00000|100%| O|  |TAMS 0x0000000085e00000, 0x0000000085d00000| Untracked 
|  94|0x0000000085e00000, 0x0000000085f00000, 0x0000000085f00000|100%| O|  |TAMS 0x0000000085f00000, 0x0000000085e00000| Untracked 
|  95|0x0000000085f00000, 0x0000000086000000, 0x0000000086000000|100%| O|  |TAMS 0x0000000086000000, 0x0000000085f00000| Untracked 
|  96|0x0000000086000000, 0x0000000086100000, 0x0000000086100000|100%| O|  |TAMS 0x0000000086100000, 0x0000000086000000| Untracked 
|  97|0x0000000086100000, 0x0000000086200000, 0x0000000086200000|100%| O|  |TAMS 0x0000000086200000, 0x0000000086100000| Updating 
|  98|0x0000000086200000, 0x0000000086300000, 0x0000000086300000|100%|HS|  |TAMS 0x0000000086300000, 0x0000000086200000| Complete 
|  99|0x0000000086300000, 0x0000000086400000, 0x0000000086400000|100%|HC|  |TAMS 0x0000000086400000, 0x0000000086300000| Complete 
| 100|0x0000000086400000, 0x0000000086500000, 0x0000000086500000|100%|HC|  |TAMS 0x0000000086500000, 0x0000000086400000| Complete 
| 101|0x0000000086500000, 0x0000000086600000, 0x0000000086600000|100%|HC|  |TAMS 0x0000000086600000, 0x0000000086500000| Complete 
| 102|0x0000000086600000, 0x0000000086700000, 0x0000000086700000|100%| O|  |TAMS 0x0000000086700000, 0x0000000086600000| Untracked 
| 103|0x0000000086700000, 0x0000000086800000, 0x0000000086800000|100%| O|  |TAMS 0x0000000086800000, 0x0000000086700000| Untracked 
| 104|0x0000000086800000, 0x0000000086900000, 0x0000000086900000|100%| O|  |TAMS 0x0000000086900000, 0x0000000086800000| Untracked 
| 105|0x0000000086900000, 0x0000000086a00000, 0x0000000086a00000|100%| O|  |TAMS 0x0000000086a00000, 0x0000000086900000| Untracked 
| 106|0x0000000086a00000, 0x0000000086b00000, 0x0000000086b00000|100%| O|  |TAMS 0x0000000086b00000, 0x0000000086a00000| Untracked 
| 107|0x0000000086b00000, 0x0000000086c00000, 0x0000000086c00000|100%| O|  |TAMS 0x0000000086c00000, 0x0000000086b00000| Untracked 
| 108|0x0000000086c00000, 0x0000000086d00000, 0x0000000086d00000|100%| O|  |TAMS 0x0000000086d00000, 0x0000000086c00000| Untracked 
| 109|0x0000000086d00000, 0x0000000086e00000, 0x0000000086e00000|100%| O|  |TAMS 0x0000000086e00000, 0x0000000086d00000| Untracked 
| 110|0x0000000086e00000, 0x0000000086f00000, 0x0000000086f00000|100%| O|  |TAMS 0x0000000086f00000, 0x0000000086e00000| Untracked 
| 111|0x0000000086f00000, 0x0000000087000000, 0x0000000087000000|100%| O|  |TAMS 0x0000000087000000, 0x0000000086f00000| Untracked 
| 112|0x0000000087000000, 0x0000000087100000, 0x0000000087100000|100%| O|  |TAMS 0x0000000087100000, 0x0000000087000000| Untracked 
| 113|0x0000000087100000, 0x0000000087200000, 0x0000000087200000|100%| O|  |TAMS 0x0000000087200000, 0x0000000087100000| Untracked 
| 114|0x0000000087200000, 0x0000000087300000, 0x0000000087300000|100%| O|  |TAMS 0x0000000087300000, 0x0000000087200000| Untracked 
| 115|0x0000000087300000, 0x0000000087400000, 0x0000000087400000|100%| O|  |TAMS 0x0000000087400000, 0x0000000087300000| Untracked 
| 116|0x0000000087400000, 0x0000000087500000, 0x0000000087500000|100%| O|  |TAMS 0x0000000087500000, 0x0000000087400000| Untracked 
| 117|0x0000000087500000, 0x0000000087600000, 0x0000000087600000|100%| O|  |TAMS 0x0000000087600000, 0x0000000087500000| Untracked 
| 118|0x0000000087600000, 0x0000000087700000, 0x0000000087700000|100%| O|  |TAMS 0x0000000087700000, 0x0000000087600000| Untracked 
| 119|0x0000000087700000, 0x0000000087800000, 0x0000000087800000|100%| O|  |TAMS 0x0000000087800000, 0x0000000087700000| Untracked 
| 120|0x0000000087800000, 0x0000000087900000, 0x0000000087900000|100%| O|  |TAMS 0x0000000087900000, 0x0000000087800000| Untracked 
| 121|0x0000000087900000, 0x0000000087a00000, 0x0000000087a00000|100%| O|  |TAMS 0x0000000087a00000, 0x0000000087900000| Untracked 
| 122|0x0000000087a00000, 0x0000000087b00000, 0x0000000087b00000|100%| O|  |TAMS 0x0000000087b00000, 0x0000000087a00000| Untracked 
| 123|0x0000000087b00000, 0x0000000087c00000, 0x0000000087c00000|100%| O|  |TAMS 0x0000000087c00000, 0x0000000087b00000| Untracked 
| 124|0x0000000087c00000, 0x0000000087d00000, 0x0000000087d00000|100%| O|  |TAMS 0x0000000087d00000, 0x0000000087c00000| Untracked 
| 125|0x0000000087d00000, 0x0000000087e00000, 0x0000000087e00000|100%| O|  |TAMS 0x0000000087e00000, 0x0000000087d00000| Untracked 
| 126|0x0000000087e00000, 0x0000000087f00000, 0x0000000087f00000|100%| O|  |TAMS 0x0000000087f00000, 0x0000000087e00000| Updating 
| 127|0x0000000087f00000, 0x0000000088000000, 0x0000000088000000|100%| O|  |TAMS 0x0000000088000000, 0x0000000087f00000| Untracked 
| 128|0x0000000088000000, 0x0000000088100000, 0x0000000088100000|100%| O|  |TAMS 0x0000000088100000, 0x0000000088000000| Untracked 
| 129|0x0000000088100000, 0x0000000088200000, 0x0000000088200000|100%| O|  |TAMS 0x0000000088200000, 0x0000000088100000| Untracked 
| 130|0x0000000088200000, 0x0000000088300000, 0x0000000088300000|100%| O|  |TAMS 0x0000000088300000, 0x0000000088200000| Untracked 
| 131|0x0000000088300000, 0x0000000088400000, 0x0000000088400000|100%| O|  |TAMS 0x0000000088400000, 0x0000000088300000| Untracked 
| 132|0x0000000088400000, 0x0000000088400000, 0x0000000088500000|  0%| F|  |TAMS 0x0000000088400000, 0x0000000088400000| Untracked 
| 133|0x0000000088500000, 0x0000000088600000, 0x0000000088600000|100%|HS|  |TAMS 0x0000000088600000, 0x0000000088500000| Complete 
| 134|0x0000000088600000, 0x0000000088700000, 0x0000000088700000|100%|HC|  |TAMS 0x0000000088700000, 0x0000000088600000| Complete 
| 135|0x0000000088700000, 0x0000000088800000, 0x0000000088800000|100%|HC|  |TAMS 0x0000000088800000, 0x0000000088700000| Complete 
| 136|0x0000000088800000, 0x0000000088900000, 0x0000000088900000|100%|HC|  |TAMS 0x0000000088900000, 0x0000000088800000| Complete 
| 137|0x0000000088900000, 0x0000000088a00000, 0x0000000088a00000|100%|HC|  |TAMS 0x0000000088a00000, 0x0000000088900000| Complete 
| 138|0x0000000088a00000, 0x0000000088b00000, 0x0000000088b00000|100%|HC|  |TAMS 0x0000000088b00000, 0x0000000088a00000| Complete 
| 139|0x0000000088b00000, 0x0000000088c00000, 0x0000000088c00000|100%| O|  |TAMS 0x0000000088c00000, 0x0000000088b00000| Untracked 
| 140|0x0000000088c00000, 0x0000000088d00000, 0x0000000088d00000|100%| O|  |TAMS 0x0000000088d00000, 0x0000000088c00000| Untracked 
| 141|0x0000000088d00000, 0x0000000088e00000, 0x0000000088e00000|100%| O|  |TAMS 0x0000000088e00000, 0x0000000088d00000| Untracked 
| 142|0x0000000088e00000, 0x0000000088f00000, 0x0000000088f00000|100%| O|  |TAMS 0x0000000088f00000, 0x0000000088e00000| Untracked 
| 143|0x0000000088f00000, 0x0000000089000000, 0x0000000089000000|100%| O|  |TAMS 0x0000000089000000, 0x0000000088f00000| Untracked 
| 144|0x0000000089000000, 0x0000000089100000, 0x0000000089100000|100%| O|  |TAMS 0x0000000089100000, 0x0000000089000000| Untracked 
| 145|0x0000000089100000, 0x0000000089200000, 0x0000000089200000|100%| O|  |TAMS 0x0000000089200000, 0x0000000089100000| Untracked 
| 146|0x0000000089200000, 0x0000000089300000, 0x0000000089300000|100%| O|  |TAMS 0x0000000089300000, 0x0000000089200000| Untracked 
| 147|0x0000000089300000, 0x0000000089400000, 0x0000000089400000|100%| O|  |TAMS 0x0000000089400000, 0x0000000089300000| Untracked 
| 148|0x0000000089400000, 0x0000000089500000, 0x0000000089500000|100%| O|  |TAMS 0x0000000089500000, 0x0000000089400000| Untracked 
| 149|0x0000000089500000, 0x0000000089600000, 0x0000000089600000|100%| O|  |TAMS 0x0000000089600000, 0x0000000089500000| Untracked 
| 150|0x0000000089600000, 0x0000000089700000, 0x0000000089700000|100%| O|  |TAMS 0x0000000089700000, 0x0000000089600000| Untracked 
| 151|0x0000000089700000, 0x0000000089782e00, 0x0000000089800000| 51%| O|  |TAMS 0x0000000089782e00, 0x0000000089700000| Updating 
| 152|0x0000000089800000, 0x0000000089800000, 0x0000000089900000|  0%| F|  |TAMS 0x0000000089800000, 0x0000000089800000| Untracked 
| 153|0x0000000089900000, 0x0000000089900000, 0x0000000089a00000|  0%| F|  |TAMS 0x0000000089900000, 0x0000000089900000| Untracked 
| 154|0x0000000089a00000, 0x0000000089a00000, 0x0000000089b00000|  0%| F|  |TAMS 0x0000000089a00000, 0x0000000089a00000| Untracked 
| 155|0x0000000089b00000, 0x0000000089b00000, 0x0000000089c00000|  0%| F|  |TAMS 0x0000000089b00000, 0x0000000089b00000| Untracked 
| 156|0x0000000089c00000, 0x0000000089c00000, 0x0000000089d00000|  0%| F|  |TAMS 0x0000000089c00000, 0x0000000089c00000| Untracked 
| 157|0x0000000089d00000, 0x0000000089d00000, 0x0000000089e00000|  0%| F|  |TAMS 0x0000000089d00000, 0x0000000089d00000| Untracked 
| 158|0x0000000089e00000, 0x0000000089e00000, 0x0000000089f00000|  0%| F|  |TAMS 0x0000000089e00000, 0x0000000089e00000| Untracked 
| 159|0x0000000089f00000, 0x0000000089f00000, 0x000000008a000000|  0%| F|  |TAMS 0x0000000089f00000, 0x0000000089f00000| Untracked 
| 160|0x000000008a000000, 0x000000008a000000, 0x000000008a100000|  0%| F|  |TAMS 0x000000008a000000, 0x000000008a000000| Untracked 
| 161|0x000000008a100000, 0x000000008a100000, 0x000000008a200000|  0%| F|  |TAMS 0x000000008a100000, 0x000000008a100000| Untracked 
| 162|0x000000008a200000, 0x000000008a200000, 0x000000008a300000|  0%| F|  |TAMS 0x000000008a200000, 0x000000008a200000| Untracked 
| 163|0x000000008a300000, 0x000000008a300000, 0x000000008a400000|  0%| F|  |TAMS 0x000000008a300000, 0x000000008a300000| Untracked 
| 164|0x000000008a400000, 0x000000008a400000, 0x000000008a500000|  0%| F|  |TAMS 0x000000008a400000, 0x000000008a400000| Untracked 
| 165|0x000000008a500000, 0x000000008a500000, 0x000000008a600000|  0%| F|  |TAMS 0x000000008a500000, 0x000000008a500000| Untracked 
| 166|0x000000008a600000, 0x000000008a600000, 0x000000008a700000|  0%| F|  |TAMS 0x000000008a600000, 0x000000008a600000| Untracked 
| 167|0x000000008a700000, 0x000000008a700000, 0x000000008a800000|  0%| F|  |TAMS 0x000000008a700000, 0x000000008a700000| Untracked 
| 168|0x000000008a800000, 0x000000008a800000, 0x000000008a900000|  0%| F|  |TAMS 0x000000008a800000, 0x000000008a800000| Untracked 
| 169|0x000000008a900000, 0x000000008a900000, 0x000000008aa00000|  0%| F|  |TAMS 0x000000008a900000, 0x000000008a900000| Untracked 
| 170|0x000000008aa00000, 0x000000008aa00000, 0x000000008ab00000|  0%| F|  |TAMS 0x000000008aa00000, 0x000000008aa00000| Untracked 
| 171|0x000000008ab00000, 0x000000008ab00000, 0x000000008ac00000|  0%| F|  |TAMS 0x000000008ab00000, 0x000000008ab00000| Untracked 
| 172|0x000000008ac00000, 0x000000008ac00000, 0x000000008ad00000|  0%| F|  |TAMS 0x000000008ac00000, 0x000000008ac00000| Untracked 
| 173|0x000000008ad00000, 0x000000008ad00000, 0x000000008ae00000|  0%| F|  |TAMS 0x000000008ad00000, 0x000000008ad00000| Untracked 
| 174|0x000000008ae00000, 0x000000008ae00000, 0x000000008af00000|  0%| F|  |TAMS 0x000000008ae00000, 0x000000008ae00000| Untracked 
| 175|0x000000008af00000, 0x000000008af00000, 0x000000008b000000|  0%| F|  |TAMS 0x000000008af00000, 0x000000008af00000| Untracked 
| 176|0x000000008b000000, 0x000000008b000000, 0x000000008b100000|  0%| F|  |TAMS 0x000000008b000000, 0x000000008b000000| Untracked 
| 177|0x000000008b100000, 0x000000008b100000, 0x000000008b200000|  0%| F|  |TAMS 0x000000008b100000, 0x000000008b100000| Untracked 
| 178|0x000000008b200000, 0x000000008b200000, 0x000000008b300000|  0%| F|  |TAMS 0x000000008b200000, 0x000000008b200000| Untracked 
| 179|0x000000008b300000, 0x000000008b300000, 0x000000008b400000|  0%| F|  |TAMS 0x000000008b300000, 0x000000008b300000| Untracked 
| 180|0x000000008b400000, 0x000000008b400000, 0x000000008b500000|  0%| F|  |TAMS 0x000000008b400000, 0x000000008b400000| Untracked 
| 181|0x000000008b500000, 0x000000008b500000, 0x000000008b600000|  0%| F|  |TAMS 0x000000008b500000, 0x000000008b500000| Untracked 
| 182|0x000000008b600000, 0x000000008b600000, 0x000000008b700000|  0%| F|  |TAMS 0x000000008b600000, 0x000000008b600000| Untracked 
| 183|0x000000008b700000, 0x000000008b700000, 0x000000008b800000|  0%| F|  |TAMS 0x000000008b700000, 0x000000008b700000| Untracked 
| 184|0x000000008b800000, 0x000000008b800000, 0x000000008b900000|  0%| F|  |TAMS 0x000000008b800000, 0x000000008b800000| Untracked 
| 185|0x000000008b900000, 0x000000008b900000, 0x000000008ba00000|  0%| F|  |TAMS 0x000000008b900000, 0x000000008b900000| Untracked 
| 186|0x000000008ba00000, 0x000000008ba00000, 0x000000008bb00000|  0%| F|  |TAMS 0x000000008ba00000, 0x000000008ba00000| Untracked 
| 187|0x000000008bb00000, 0x000000008bb00000, 0x000000008bc00000|  0%| F|  |TAMS 0x000000008bb00000, 0x000000008bb00000| Untracked 
| 188|0x000000008bc00000, 0x000000008bc00000, 0x000000008bd00000|  0%| F|  |TAMS 0x000000008bc00000, 0x000000008bc00000| Untracked 
| 189|0x000000008bd00000, 0x000000008bd00000, 0x000000008be00000|  0%| F|  |TAMS 0x000000008bd00000, 0x000000008bd00000| Untracked 
| 190|0x000000008be00000, 0x000000008be00000, 0x000000008bf00000|  0%| F|  |TAMS 0x000000008be00000, 0x000000008be00000| Untracked 
| 191|0x000000008bf00000, 0x000000008bf00000, 0x000000008c000000|  0%| F|  |TAMS 0x000000008bf00000, 0x000000008bf00000| Untracked 
| 192|0x000000008c000000, 0x000000008c000000, 0x000000008c100000|  0%| F|  |TAMS 0x000000008c000000, 0x000000008c000000| Untracked 
| 193|0x000000008c100000, 0x000000008c100000, 0x000000008c200000|  0%| F|  |TAMS 0x000000008c100000, 0x000000008c100000| Untracked 
| 194|0x000000008c200000, 0x000000008c200000, 0x000000008c300000|  0%| F|  |TAMS 0x000000008c200000, 0x000000008c200000| Untracked 
| 195|0x000000008c300000, 0x000000008c300000, 0x000000008c400000|  0%| F|  |TAMS 0x000000008c300000, 0x000000008c300000| Untracked 
| 196|0x000000008c400000, 0x000000008c400000, 0x000000008c500000|  0%| F|  |TAMS 0x000000008c400000, 0x000000008c400000| Untracked 
| 197|0x000000008c500000, 0x000000008c5d9b60, 0x000000008c600000| 85%| S|CS|TAMS 0x000000008c500000, 0x000000008c500000| Complete 
| 198|0x000000008c600000, 0x000000008c700000, 0x000000008c700000|100%| S|CS|TAMS 0x000000008c600000, 0x000000008c600000| Complete 
| 199|0x000000008c700000, 0x000000008c800000, 0x000000008c800000|100%| S|CS|TAMS 0x000000008c700000, 0x000000008c700000| Complete 
| 200|0x000000008c800000, 0x000000008c900000, 0x000000008c900000|100%| S|CS|TAMS 0x000000008c800000, 0x000000008c800000| Complete 
| 201|0x000000008c900000, 0x000000008ca00000, 0x000000008ca00000|100%| S|CS|TAMS 0x000000008c900000, 0x000000008c900000| Complete 
| 202|0x000000008ca00000, 0x000000008ca00000, 0x000000008cb00000|  0%| F|  |TAMS 0x000000008ca00000, 0x000000008ca00000| Untracked 
| 203|0x000000008cb00000, 0x000000008cb00000, 0x000000008cc00000|  0%| F|  |TAMS 0x000000008cb00000, 0x000000008cb00000| Untracked 
| 204|0x000000008cc00000, 0x000000008cc00000, 0x000000008cd00000|  0%| F|  |TAMS 0x000000008cc00000, 0x000000008cc00000| Untracked 
| 205|0x000000008cd00000, 0x000000008cd00000, 0x000000008ce00000|  0%| F|  |TAMS 0x000000008cd00000, 0x000000008cd00000| Untracked 
| 206|0x000000008ce00000, 0x000000008ce00000, 0x000000008cf00000|  0%| F|  |TAMS 0x000000008ce00000, 0x000000008ce00000| Untracked 
| 207|0x000000008cf00000, 0x000000008cf00000, 0x000000008d000000|  0%| F|  |TAMS 0x000000008cf00000, 0x000000008cf00000| Untracked 
| 208|0x000000008d000000, 0x000000008d000000, 0x000000008d100000|  0%| F|  |TAMS 0x000000008d000000, 0x000000008d000000| Untracked 
| 209|0x000000008d100000, 0x000000008d100000, 0x000000008d200000|  0%| F|  |TAMS 0x000000008d100000, 0x000000008d100000| Untracked 
| 210|0x000000008d200000, 0x000000008d200000, 0x000000008d300000|  0%| F|  |TAMS 0x000000008d200000, 0x000000008d200000| Untracked 
| 211|0x000000008d300000, 0x000000008d300000, 0x000000008d400000|  0%| F|  |TAMS 0x000000008d300000, 0x000000008d300000| Untracked 
| 212|0x000000008d400000, 0x000000008d400000, 0x000000008d500000|  0%| F|  |TAMS 0x000000008d400000, 0x000000008d400000| Untracked 
| 213|0x000000008d500000, 0x000000008d500000, 0x000000008d600000|  0%| F|  |TAMS 0x000000008d500000, 0x000000008d500000| Untracked 
| 214|0x000000008d600000, 0x000000008d600000, 0x000000008d700000|  0%| F|  |TAMS 0x000000008d600000, 0x000000008d600000| Untracked 
| 215|0x000000008d700000, 0x000000008d700000, 0x000000008d800000|  0%| F|  |TAMS 0x000000008d700000, 0x000000008d700000| Untracked 
| 216|0x000000008d800000, 0x000000008d800000, 0x000000008d900000|  0%| F|  |TAMS 0x000000008d800000, 0x000000008d800000| Untracked 
| 217|0x000000008d900000, 0x000000008d900000, 0x000000008da00000|  0%| F|  |TAMS 0x000000008d900000, 0x000000008d900000| Untracked 
| 218|0x000000008da00000, 0x000000008da00000, 0x000000008db00000|  0%| F|  |TAMS 0x000000008da00000, 0x000000008da00000| Untracked 
| 219|0x000000008db00000, 0x000000008db00000, 0x000000008dc00000|  0%| F|  |TAMS 0x000000008db00000, 0x000000008db00000| Untracked 
| 220|0x000000008dc00000, 0x000000008dc00000, 0x000000008dd00000|  0%| F|  |TAMS 0x000000008dc00000, 0x000000008dc00000| Untracked 
| 221|0x000000008dd00000, 0x000000008dd00000, 0x000000008de00000|  0%| F|  |TAMS 0x000000008dd00000, 0x000000008dd00000| Untracked 
| 222|0x000000008de00000, 0x000000008de00000, 0x000000008df00000|  0%| F|  |TAMS 0x000000008de00000, 0x000000008de00000| Untracked 
| 223|0x000000008df00000, 0x000000008df00000, 0x000000008e000000|  0%| F|  |TAMS 0x000000008df00000, 0x000000008df00000| Untracked 
| 224|0x000000008e000000, 0x000000008e000000, 0x000000008e100000|  0%| F|  |TAMS 0x000000008e000000, 0x000000008e000000| Untracked 
| 225|0x000000008e100000, 0x000000008e100000, 0x000000008e200000|  0%| F|  |TAMS 0x000000008e100000, 0x000000008e100000| Untracked 
| 226|0x000000008e200000, 0x000000008e200000, 0x000000008e300000|  0%| F|  |TAMS 0x000000008e200000, 0x000000008e200000| Untracked 
| 227|0x000000008e300000, 0x000000008e300000, 0x000000008e400000|  0%| F|  |TAMS 0x000000008e300000, 0x000000008e300000| Untracked 
| 228|0x000000008e400000, 0x000000008e400000, 0x000000008e500000|  0%| F|  |TAMS 0x000000008e400000, 0x000000008e400000| Untracked 
| 229|0x000000008e500000, 0x000000008e500000, 0x000000008e600000|  0%| F|  |TAMS 0x000000008e500000, 0x000000008e500000| Untracked 
| 230|0x000000008e600000, 0x000000008e600000, 0x000000008e700000|  0%| F|  |TAMS 0x000000008e600000, 0x000000008e600000| Untracked 
| 231|0x000000008e700000, 0x000000008e700000, 0x000000008e800000|  0%| F|  |TAMS 0x000000008e700000, 0x000000008e700000| Untracked 
| 232|0x000000008e800000, 0x000000008e800000, 0x000000008e900000|  0%| F|  |TAMS 0x000000008e800000, 0x000000008e800000| Untracked 
| 233|0x000000008e900000, 0x000000008e900000, 0x000000008ea00000|  0%| F|  |TAMS 0x000000008e900000, 0x000000008e900000| Untracked 
| 234|0x000000008ea00000, 0x000000008ea00000, 0x000000008eb00000|  0%| F|  |TAMS 0x000000008ea00000, 0x000000008ea00000| Untracked 
| 235|0x000000008eb00000, 0x000000008eb00000, 0x000000008ec00000|  0%| F|  |TAMS 0x000000008eb00000, 0x000000008eb00000| Untracked 
| 236|0x000000008ec00000, 0x000000008ec00000, 0x000000008ed00000|  0%| F|  |TAMS 0x000000008ec00000, 0x000000008ec00000| Untracked 
| 237|0x000000008ed00000, 0x000000008ed00000, 0x000000008ee00000|  0%| F|  |TAMS 0x000000008ed00000, 0x000000008ed00000| Untracked 
| 238|0x000000008ee00000, 0x000000008ee00000, 0x000000008ef00000|  0%| F|  |TAMS 0x000000008ee00000, 0x000000008ee00000| Untracked 
| 239|0x000000008ef00000, 0x000000008ef00000, 0x000000008f000000|  0%| F|  |TAMS 0x000000008ef00000, 0x000000008ef00000| Untracked 
| 240|0x000000008f000000, 0x000000008f000000, 0x000000008f100000|  0%| F|  |TAMS 0x000000008f000000, 0x000000008f000000| Untracked 
| 241|0x000000008f100000, 0x000000008f100000, 0x000000008f200000|  0%| F|  |TAMS 0x000000008f100000, 0x000000008f100000| Untracked 
| 242|0x000000008f200000, 0x000000008f200000, 0x000000008f300000|  0%| F|  |TAMS 0x000000008f200000, 0x000000008f200000| Untracked 
| 243|0x000000008f300000, 0x000000008f300000, 0x000000008f400000|  0%| F|  |TAMS 0x000000008f300000, 0x000000008f300000| Untracked 
| 244|0x000000008f400000, 0x000000008f400000, 0x000000008f500000|  0%| F|  |TAMS 0x000000008f400000, 0x000000008f400000| Untracked 
| 245|0x000000008f500000, 0x000000008f500000, 0x000000008f600000|  0%| F|  |TAMS 0x000000008f500000, 0x000000008f500000| Untracked 
| 246|0x000000008f600000, 0x000000008f600000, 0x000000008f700000|  0%| F|  |TAMS 0x000000008f600000, 0x000000008f600000| Untracked 
| 247|0x000000008f700000, 0x000000008f700000, 0x000000008f800000|  0%| F|  |TAMS 0x000000008f700000, 0x000000008f700000| Untracked 
| 248|0x000000008f800000, 0x000000008f800000, 0x000000008f900000|  0%| F|  |TAMS 0x000000008f800000, 0x000000008f800000| Untracked 
| 249|0x000000008f900000, 0x000000008f900000, 0x000000008fa00000|  0%| F|  |TAMS 0x000000008f900000, 0x000000008f900000| Untracked 
| 250|0x000000008fa00000, 0x000000008fa00000, 0x000000008fb00000|  0%| F|  |TAMS 0x000000008fa00000, 0x000000008fa00000| Untracked 
| 251|0x000000008fb00000, 0x000000008fb00000, 0x000000008fc00000|  0%| F|  |TAMS 0x000000008fb00000, 0x000000008fb00000| Untracked 
| 252|0x000000008fc00000, 0x000000008fc00000, 0x000000008fd00000|  0%| F|  |TAMS 0x000000008fc00000, 0x000000008fc00000| Untracked 
| 253|0x000000008fd00000, 0x000000008fd00000, 0x000000008fe00000|  0%| F|  |TAMS 0x000000008fd00000, 0x000000008fd00000| Untracked 
| 254|0x000000008fe00000, 0x000000008fe00000, 0x000000008ff00000|  0%| F|  |TAMS 0x000000008fe00000, 0x000000008fe00000| Untracked 
| 255|0x000000008ff00000, 0x000000008ff00000, 0x0000000090000000|  0%| F|  |TAMS 0x000000008ff00000, 0x000000008ff00000| Untracked 
| 256|0x0000000090000000, 0x0000000090080800, 0x0000000090100000| 50%| E|  |TAMS 0x0000000090000000, 0x0000000090000000| Complete 

Card table byte_map: [0x0000023b993c0000,0x0000023b997c0000] _byte_map_base: 0x0000023b98fc0000

Marking Bits (Prev, Next): (CMBitMap*) 0x0000023b84f66990, (CMBitMap*) 0x0000023b84f669d0
 Prev Bits: [0x0000023b99bc0000, 0x0000023b9bbc0000)
 Next Bits: [0x0000023b9bbc0000, 0x0000023b9dbc0000)

Polling page: 0x0000023b84db0000

Metaspace:

Usage:
  Non-class:     96.93 MB used.
      Class:     14.75 MB used.
       Both:    111.68 MB used.

Virtual space:
  Non-class space:      104.00 MB reserved,      97.31 MB ( 94%) committed,  13 nodes.
      Class space:        1.00 GB reserved,      15.12 MB (  1%) committed,  1 nodes.
             Both:        1.10 GB reserved,     112.44 MB ( 10%) committed. 

Chunk freelists:
   Non-Class:  2.50 MB
       Class:  848.00 KB
        Both:  3.33 MB

MaxMetaspaceSize: unlimited
CompressedClassSpaceSize: 1.00 GB
Initial GC threshold: 21.00 MB
Current GC threshold: 177.19 MB
CDS: off
MetaspaceReclaimPolicy: balanced
 - commit_granule_bytes: 65536.
 - commit_granule_words: 8192.
 - virtual_space_node_default_size: 1048576.
 - enlarge_chunks_in_place: 1.
 - new_chunks_are_fully_committed: 0.
 - uncommit_free_chunks: 1.
 - use_allocation_guard: 0.
 - handle_deallocations: 1.


Internal statistics:

num_allocs_failed_limit: 3.
num_arena_births: 952.
num_arena_deaths: 0.
num_vsnodes_births: 14.
num_vsnodes_deaths: 0.
num_space_committed: 1797.
num_space_uncommitted: 0.
num_chunks_returned_to_freelist: 3.
num_chunks_taken_from_freelist: 4881.
num_chunk_merges: 3.
num_chunk_splits: 3551.
num_chunks_enlarged: 2715.
num_purges: 0.
num_inconsistent_stats: 0.

CodeHeap 'non-profiled nmethods': size=120064Kb used=4688Kb max_used=4819Kb free=115375Kb
 bounds [0x0000023b91680000, 0x0000023b91b40000, 0x0000023b98bc0000]
CodeHeap 'profiled nmethods': size=120000Kb used=17676Kb max_used=17995Kb free=102323Kb
 bounds [0x0000023b89bc0000, 0x0000023b8ad60000, 0x0000023b910f0000]
CodeHeap 'non-nmethods': size=5696Kb used=2433Kb max_used=2473Kb free=3262Kb
 bounds [0x0000023b910f0000, 0x0000023b91370000, 0x0000023b91680000]
 total_blobs=9857 nmethods=8872 adapters=897
 compilation: enabled
              stopped_count=0, restarted_count=0
 full_count=0

Compilation events (20 events):
Event: 52.140 Thread 0x0000023ba0c0c3c0 10549       3       org.jetbrains.kotlin.metadata.ProtoBuf$Type::getSerializedSize (393 bytes)
Event: 52.143 Thread 0x0000023ba0c0c3c0 nmethod 10549 0x0000023b89bd7790 code [0x0000023b89bd7d40, 0x0000023b89bda768]
Event: 52.147 Thread 0x0000023ba0c0c3c0 10550       3       org.jetbrains.kotlin.metadata.ProtoBuf$Type::writeTo (354 bytes)
Event: 52.151 Thread 0x0000023ba0c0c3c0 nmethod 10550 0x0000023b8aa3c510 code [0x0000023b8aa3cbe0, 0x0000023b8aa3fcb8]
Event: 52.360 Thread 0x0000023ba001f9f0 nmethod 10539 0x0000023b91b34d90 code [0x0000023b91b35260, 0x0000023b91b39d28]
Event: 52.361 Thread 0x0000023ba001f9f0 10547       4       org.jetbrains.kotlin.protobuf.CodedOutputStream::computeInt32Size (10 bytes)
Event: 52.362 Thread 0x0000023ba001f9f0 nmethod 10547 0x0000023b91987990 code [0x0000023b91987b00, 0x0000023b91987c18]
Event: 52.362 Thread 0x0000023ba001f9f0 10548       4       org.jetbrains.kotlin.protobuf.GeneratedMessageLite$ExtendableMessage::newExtensionWriter (11 bytes)
Event: 52.379 Thread 0x0000023ba001f9f0 nmethod 10548 0x0000023b91986890 code [0x0000023b91986a80, 0x0000023b91987338]
Event: 52.379 Thread 0x0000023ba001f9f0 10546       4       org.jetbrains.kotlin.metadata.ProtoBuf$ValueParameter::getSerializedSize (171 bytes)
Event: 52.410 Thread 0x0000023ba001f9f0 nmethod 10546 0x0000023b91a92b90 code [0x0000023b91a92e00, 0x0000023b91a93ae0]
Event: 52.410 Thread 0x0000023ba001f9f0 10541       4       java.util.ArrayList::add (65 bytes)
Event: 52.422 Thread 0x0000023ba001f9f0 nmethod 10541 0x0000023b91985a90 code [0x0000023b91985c20, 0x0000023b91986558]
Event: 52.427 Thread 0x0000023ba001f9f0 10551       4       org.jetbrains.kotlin.metadata.ProtoBuf$TypeParameter::getSerializedSize (244 bytes)
Event: 52.467 Thread 0x0000023ba001f9f0 nmethod 10551 0x0000023b91904610 code [0x0000023b919048c0, 0x0000023b91905710]
Event: 52.469 Thread 0x0000023ba0c0c3c0 10552       3       kotlin.text.StringsKt__StringsKt::getLastIndex (15 bytes)
Event: 52.469 Thread 0x0000023ba0c0c3c0 nmethod 10552 0x0000023b89bd6d10 code [0x0000023b89bd6f20, 0x0000023b89bd7548]
Event: 52.470 Thread 0x0000023ba0c0c3c0 10553       3       org.jetbrains.kotlin.metadata.ProtoBuf$Package::initFields (36 bytes)
Event: 52.470 Thread 0x0000023ba0c0c3c0 nmethod 10553 0x0000023b8a069490 code [0x0000023b8a069680, 0x0000023b8a069b78]
Event: 52.471 Thread 0x0000023ba001f9f0 10554       4       org.jetbrains.kotlin.protobuf.AbstractMessageLite::writeDelimitedTo (40 bytes)

GC Heap History (20 events):
Event: 38.670 GC heap before
{Heap before GC invocations=54 (full 0):
 garbage-first heap   total 205824K, used 155596K [0x0000000080000000, 0x0000000100000000)
  region size 1024K, 51 young (52224K), 4 survivors (4096K)
 Metaspace       used 93235K, committed 94016K, reserved 1130496K
  class space    used 12775K, committed 13120K, reserved 1048576K
}
Event: 38.688 GC heap after
{Heap after GC invocations=55 (full 0):
 garbage-first heap   total 205824K, used 109516K [0x0000000080000000, 0x0000000100000000)
  region size 1024K, 5 young (5120K), 5 survivors (5120K)
 Metaspace       used 93235K, committed 94016K, reserved 1130496K
  class space    used 12775K, committed 13120K, reserved 1048576K
}
Event: 39.907 GC heap before
{Heap before GC invocations=56 (full 0):
 garbage-first heap   total 205824K, used 168908K [0x0000000080000000, 0x0000000100000000)
  region size 1024K, 57 young (58368K), 5 survivors (5120K)
 Metaspace       used 93364K, committed 94144K, reserved 1130496K
  class space    used 12783K, committed 13120K, reserved 1048576K
}
Event: 39.970 GC heap after
{Heap after GC invocations=57 (full 0):
 garbage-first heap   total 205824K, used 125231K [0x0000000080000000, 0x0000000100000000)
  region size 1024K, 8 young (8192K), 8 survivors (8192K)
 Metaspace       used 93364K, committed 94144K, reserved 1130496K
  class space    used 12783K, committed 13120K, reserved 1048576K
}
Event: 40.909 GC heap before
{Heap before GC invocations=57 (full 0):
 garbage-first heap   total 205824K, used 163119K [0x0000000080000000, 0x0000000100000000)
  region size 1024K, 45 young (46080K), 8 survivors (8192K)
 Metaspace       used 93704K, committed 94400K, reserved 1130496K
  class space    used 12810K, committed 13120K, reserved 1048576K
}
Event: 40.968 GC heap after
{Heap after GC invocations=58 (full 0):
 garbage-first heap   total 205824K, used 135628K [0x0000000080000000, 0x0000000100000000)
  region size 1024K, 6 young (6144K), 6 survivors (6144K)
 Metaspace       used 93704K, committed 94400K, reserved 1130496K
  class space    used 12810K, committed 13120K, reserved 1048576K
}
Event: 42.486 GC heap before
{Heap before GC invocations=59 (full 0):
 garbage-first heap   total 230400K, used 165324K [0x0000000080000000, 0x0000000100000000)
  region size 1024K, 35 young (35840K), 6 survivors (6144K)
 Metaspace       used 97613K, committed 98368K, reserved 1138688K
  class space    used 13270K, committed 13568K, reserved 1048576K
}
Event: 42.513 GC heap after
{Heap after GC invocations=60 (full 0):
 garbage-first heap   total 230400K, used 138188K [0x0000000080000000, 0x0000000100000000)
  region size 1024K, 2 young (2048K), 2 survivors (2048K)
 Metaspace       used 97613K, committed 98368K, reserved 1138688K
  class space    used 13270K, committed 13568K, reserved 1048576K
}
Event: 42.663 GC heap before
{Heap before GC invocations=60 (full 0):
 garbage-first heap   total 230400K, used 139212K [0x0000000080000000, 0x0000000100000000)
  region size 1024K, 4 young (4096K), 2 survivors (2048K)
 Metaspace       used 97770K, committed 98560K, reserved 1138688K
  class space    used 13286K, committed 13632K, reserved 1048576K
}
Event: 42.671 GC heap after
{Heap after GC invocations=61 (full 0):
 garbage-first heap   total 230400K, used 138188K [0x0000000080000000, 0x0000000100000000)
  region size 1024K, 2 young (2048K), 2 survivors (2048K)
 Metaspace       used 97770K, committed 98560K, reserved 1138688K
  class space    used 13286K, committed 13632K, reserved 1048576K
}
Event: 44.551 GC heap before
{Heap before GC invocations=62 (full 0):
 garbage-first heap   total 247808K, used 186316K [0x0000000080000000, 0x0000000100000000)
  region size 1024K, 43 young (44032K), 2 survivors (2048K)
 Metaspace       used 101553K, committed 102272K, reserved 1138688K
  class space    used 13652K, committed 13952K, reserved 1048576K
}
Event: 44.568 GC heap after
{Heap after GC invocations=63 (full 0):
 garbage-first heap   total 247808K, used 149406K [0x0000000080000000, 0x0000000100000000)
  region size 1024K, 6 young (6144K), 6 survivors (6144K)
 Metaspace       used 101553K, committed 102272K, reserved 1138688K
  class space    used 13652K, committed 13952K, reserved 1048576K
}
Event: 46.735 GC heap before
{Heap before GC invocations=63 (full 0):
 garbage-first heap   total 247808K, used 194462K [0x0000000080000000, 0x0000000100000000)
  region size 1024K, 50 young (51200K), 6 survivors (6144K)
 Metaspace       used 107921K, committed 108736K, reserved 1146880K
  class space    used 14335K, committed 14720K, reserved 1048576K
}
Event: 46.757 GC heap after
{Heap after GC invocations=64 (full 0):
 garbage-first heap   total 247808K, used 152337K [0x0000000080000000, 0x0000000100000000)
  region size 1024K, 3 young (3072K), 3 survivors (3072K)
 Metaspace       used 107921K, committed 108736K, reserved 1146880K
  class space    used 14335K, committed 14720K, reserved 1048576K
}
Event: 48.487 GC heap before
{Heap before GC invocations=65 (full 0):
 garbage-first heap   total 263168K, used 199441K [0x0000000080000000, 0x0000000100000000)
  region size 1024K, 48 young (49152K), 3 survivors (3072K)
 Metaspace       used 111857K, committed 112640K, reserved 1146880K
  class space    used 14837K, committed 15232K, reserved 1048576K
}
Event: 48.503 GC heap after
{Heap after GC invocations=66 (full 0):
 garbage-first heap   total 263168K, used 154831K [0x0000000080000000, 0x0000000100000000)
  region size 1024K, 6 young (6144K), 6 survivors (6144K)
 Metaspace       used 111857K, committed 112640K, reserved 1146880K
  class space    used 14837K, committed 15232K, reserved 1048576K
}
Event: 48.545 GC heap before
{Heap before GC invocations=66 (full 0):
 garbage-first heap   total 263168K, used 160975K [0x0000000080000000, 0x0000000100000000)
  region size 1024K, 12 young (12288K), 6 survivors (6144K)
 Metaspace       used 111863K, committed 112640K, reserved 1146880K
  class space    used 14837K, committed 15232K, reserved 1048576K
}
Event: 48.565 GC heap after
{Heap after GC invocations=67 (full 0):
 garbage-first heap   total 263168K, used 154982K [0x0000000080000000, 0x0000000100000000)
  region size 1024K, 1 young (1024K), 1 survivors (1024K)
 Metaspace       used 111863K, committed 112640K, reserved 1146880K
  class space    used 14837K, committed 15232K, reserved 1048576K
}
Event: 52.153 GC heap before
{Heap before GC invocations=67 (full 0):
 garbage-first heap   total 263168K, used 210278K [0x0000000080000000, 0x0000000100000000)
  region size 1024K, 55 young (56320K), 1 survivors (1024K)
 Metaspace       used 114358K, committed 115136K, reserved 1155072K
  class space    used 15105K, committed 15488K, reserved 1048576K
}
Event: 52.172 GC heap after
{Heap after GC invocations=68 (full 0):
 garbage-first heap   total 263168K, used 159038K [0x0000000080000000, 0x0000000100000000)
  region size 1024K, 5 young (5120K), 5 survivors (5120K)
 Metaspace       used 114358K, committed 115136K, reserved 1155072K
  class space    used 15105K, committed 15488K, reserved 1048576K
}

Dll operation events (2 events):
Event: 0.021 Loaded shared library C:\Program Files\Android\Android Studio\jbr\bin\java.dll
Event: 1.771 Loaded shared library C:\Program Files\Android\Android Studio\jbr\bin\verify.dll

Deoptimization events (20 events):
Event: 50.578 Thread 0x0000023ba33220c0 DEOPT PACKING pc=0x0000023b8a1b6de9 sp=0x000000557fcf3440
Event: 50.578 Thread 0x0000023ba33220c0 DEOPT UNPACKING pc=0x0000023b91147143 sp=0x000000557fcf2948 mode 0
Event: 50.589 Thread 0x0000023ba33220c0 Uncommon trap: trap_request=0xffffff45 fr.pc=0x0000023b91b07dac relative=0x000000000000010c
Event: 50.589 Thread 0x0000023ba33220c0 Uncommon trap: reason=unstable_if action=reinterpret pc=0x0000023b91b07dac method=org.jetbrains.kotlin.metadata.ProtoBuf$Annotation$Argument$Value$Type.valueOf(I)Lorg/jetbrains/kotlin/metadata/ProtoBuf$Annotation$Argument$Value$Type; @ 1 c2
Event: 50.589 Thread 0x0000023ba33220c0 DEOPT PACKING pc=0x0000023b91b07dac sp=0x000000557fcf23a0
Event: 50.589 Thread 0x0000023ba33220c0 DEOPT UNPACKING pc=0x0000023b911469a3 sp=0x000000557fcf2328 mode 2
Event: 50.622 Thread 0x0000023ba33220c0 DEOPT PACKING pc=0x0000023b8a1b6de9 sp=0x000000557fcf3440
Event: 50.622 Thread 0x0000023ba33220c0 DEOPT UNPACKING pc=0x0000023b91147143 sp=0x000000557fcf2948 mode 0
Event: 51.831 Thread 0x0000023ba33220c0 DEOPT PACKING pc=0x0000023b8aabab85 sp=0x000000557fcf2bb0
Event: 51.831 Thread 0x0000023ba33220c0 DEOPT UNPACKING pc=0x0000023b91147143 sp=0x000000557fcf2040 mode 0
Event: 52.026 Thread 0x0000023ba33220c0 DEOPT PACKING pc=0x0000023b8a1b6de9 sp=0x000000557fcf3440
Event: 52.026 Thread 0x0000023ba33220c0 DEOPT UNPACKING pc=0x0000023b91147143 sp=0x000000557fcf2948 mode 0
Event: 52.138 Thread 0x0000023ba33220c0 Uncommon trap: trap_request=0xffffff45 fr.pc=0x0000023b91899250 relative=0x0000000000000e70
Event: 52.138 Thread 0x0000023ba33220c0 Uncommon trap: reason=unstable_if action=reinterpret pc=0x0000023b91899250 method=org.jetbrains.kotlin.metadata.ProtoBuf$Type.getSerializedSize()I @ 108 c2
Event: 52.138 Thread 0x0000023ba33220c0 DEOPT PACKING pc=0x0000023b91899250 sp=0x000000557fcf2df0
Event: 52.138 Thread 0x0000023ba33220c0 DEOPT UNPACKING pc=0x0000023b911469a3 sp=0x000000557fcf2db0 mode 2
Event: 52.138 Thread 0x0000023ba33220c0 Uncommon trap: trap_request=0xffffff45 fr.pc=0x0000023b9181852c relative=0x0000000000001c4c
Event: 52.138 Thread 0x0000023ba33220c0 Uncommon trap: reason=unstable_if action=reinterpret pc=0x0000023b9181852c method=org.jetbrains.kotlin.metadata.ProtoBuf$Type.writeTo(Lorg/jetbrains/kotlin/protobuf/CodedOutputStream;)V @ 98 c2
Event: 52.138 Thread 0x0000023ba33220c0 DEOPT PACKING pc=0x0000023b9181852c sp=0x000000557fcf2da0
Event: 52.138 Thread 0x0000023ba33220c0 DEOPT UNPACKING pc=0x0000023b911469a3 sp=0x000000557fcf2da8 mode 2

Classes unloaded (0 events):
No events

Classes redefined (0 events):
No events

Internal exceptions (20 events):
Event: 33.813 Thread 0x0000023ba33220c0 Exception <a 'java/lang/ClassNotFoundException'{0x000000008b9b6588}: org/jetbrains/kotlin/gradle/targets/js/npm/DefaultPeerNpmDependencyExtensionBeanInfo> (0x000000008b9b6588) 
thrown [s\src\hotspot\share\classfile\systemDictionary.cpp, line 256]
Event: 33.833 Thread 0x0000023ba33220c0 Exception <a 'java/lang/ClassNotFoundException'{0x000000008b9c2d40}: org/jetbrains/kotlin/gradle/targets/js/npm/DefaultPeerNpmDependencyExtensionCustomizer> (0x000000008b9c2d40) 
thrown [s\src\hotspot\share\classfile\systemDictionary.cpp, line 256]
Event: 33.889 Thread 0x0000023ba33220c0 Exception <a 'java/lang/ClassNotFoundException'{0x000000008b805a00}: org/jetbrains/kotlin/gradle/targets/js/npm/DefaultPeerNpmDependencyExtension$delegate$1BeanInfo> (0x000000008b805a00) 
thrown [s\src\hotspot\share\classfile\systemDictionary.cpp, line 256]
Event: 33.892 Thread 0x0000023ba33220c0 Exception <a 'java/lang/ClassNotFoundException'{0x000000008b812480}: org/jetbrains/kotlin/gradle/targets/js/npm/DefaultPeerNpmDependencyExtension$delegate$1Customizer> (0x000000008b812480) 
thrown [s\src\hotspot\share\classfile\systemDictionary.cpp, line 256]
Event: 34.939 Thread 0x0000023ba33220c0 Exception <a 'java/lang/NoSuchMethodError'{0x000000008a481a30}: 'void java.lang.invoke.DirectMethodHandle$Holder.invokeVirtual(java.lang.Object, java.lang.Object)'> (0x000000008a481a30) 
thrown [s\src\hotspot\share\interpreter\linkResolver.cpp, line 771]
Event: 35.251 Thread 0x0000023ba33220c0 Exception <a 'java/lang/NoSuchMethodError'{0x0000000089eb45c8}: 'int java.lang.invoke.DelegatingMethodHandle$Holder.reinvoke_L(java.lang.Object, java.lang.Object, java.lang.Object, long, int, int)'> (0x0000000089eb45c8) 
thrown [s\src\hotspot\share\interpreter\linkResolver.cpp, line 771]
Event: 35.257 Thread 0x0000023ba33220c0 Exception <a 'java/lang/NoSuchMethodError'{0x0000000089ec4400}: 'int java.lang.invoke.DelegatingMethodHandle$Holder.reinvoke_L(java.lang.Object, java.lang.Object, java.lang.Object, long, long, long)'> (0x0000000089ec4400) 
thrown [s\src\hotspot\share\interpreter\linkResolver.cpp, line 771]
Event: 35.260 Thread 0x0000023ba33220c0 Exception <a 'java/lang/NoSuchMethodError'{0x0000000089ed4958}: 'int java.lang.invoke.DelegatingMethodHandle$Holder.reinvoke_L(java.lang.Object, java.lang.Object, java.lang.Object, long, java.lang.Object, java.lang.Object)'> (0x0000000089ed4958) 
thrown [s\src\hotspot\share\interpreter\linkResolver.cpp, line 771]
Event: 35.268 Thread 0x0000023ba33220c0 Exception <a 'java/lang/NoSuchMethodError'{0x0000000089ee4940}: 'void java.lang.invoke.DelegatingMethodHandle$Holder.reinvoke_L(java.lang.Object, java.lang.Object, java.lang.Object, long, java.lang.Object)'> (0x0000000089ee4940) 
thrown [s\src\hotspot\share\interpreter\linkResolver.cpp, line 771]
Event: 35.269 Thread 0x0000023ba33220c0 Exception <a 'java/lang/NoSuchMethodError'{0x0000000089eed230}: 'java.lang.Object java.lang.invoke.DirectMethodHandle$Holder.invokeSpecial(java.lang.Object, java.lang.Object, java.lang.Object, java.lang.Object, long)'> (0x0000000089eed230) 
thrown [s\src\hotspot\share\interpreter\linkResolver.cpp, line 771]
Event: 35.278 Thread 0x0000023ba33220c0 Exception <a 'java/lang/NoSuchMethodError'{0x0000000089d12460}: 'long java.lang.invoke.Invokers$Holder.invoke_MT(java.lang.Object, java.lang.Object, java.lang.Object, java.lang.Object)'> (0x0000000089d12460) 
thrown [s\src\hotspot\share\interpreter\linkResolver.cpp, line 771]
Event: 35.281 Thread 0x0000023ba33220c0 Exception <a 'java/lang/NoSuchMethodError'{0x0000000089d1b528}: 'int java.lang.invoke.Invokers$Holder.invoke_MT(java.lang.Object, java.lang.Object, java.lang.Object, java.lang.Object)'> (0x0000000089d1b528) 
thrown [s\src\hotspot\share\interpreter\linkResolver.cpp, line 771]
Event: 35.326 Thread 0x0000023ba33220c0 Exception <a 'java/lang/NoSuchMethodError'{0x0000000089d2c500}: 'int java.lang.invoke.DelegatingMethodHandle$Holder.reinvoke_L(java.lang.Object, java.lang.Object, java.lang.Object, long, int)'> (0x0000000089d2c500) 
thrown [s\src\hotspot\share\interpreter\linkResolver.cpp, line 771]
Event: 35.330 Thread 0x0000023ba33220c0 Exception <a 'java/lang/NoSuchMethodError'{0x0000000089d3fab0}: 'java.lang.Object java.lang.invoke.Invokers$Holder.invokeExact_MT(java.lang.Object, java.lang.Object, long, java.lang.Object)'> (0x0000000089d3fab0) 
thrown [s\src\hotspot\share\interpreter\linkResolver.cpp, line 771]
Event: 35.788 Thread 0x0000023ba33220c0 Exception <a 'java/lang/NoSuchMethodError'{0x000000008c223cf0}: 'long java.lang.invoke.DirectMethodHandle$Holder.invokeStatic(java.lang.Object)'> (0x000000008c223cf0) 
thrown [s\src\hotspot\share\interpreter\linkResolver.cpp, line 771]
Event: 35.789 Thread 0x0000023ba33220c0 Exception <a 'java/lang/NoSuchMethodError'{0x000000008c2288d8}: 'long java.lang.invoke.DirectMethodHandle$Holder.invokeStaticInit(java.lang.Object)'> (0x000000008c2288d8) 
thrown [s\src\hotspot\share\interpreter\linkResolver.cpp, line 771]
Event: 38.607 Thread 0x0000023ba33220c0 Exception <a 'java/lang/NoSuchMethodError'{0x00000000898ce1c8}: 'java.lang.Object java.lang.invoke.Invokers$Holder.invoke_MT(java.lang.Object, java.lang.Object, java.lang.Object)'> (0x00000000898ce1c8) 
thrown [s\src\hotspot\share\interpreter\linkResolver.cpp, line 771]
Event: 39.402 Thread 0x0000023ba33220c0 Implicit null exception at 0x0000023b91a799cb to 0x0000023b91a7b8a4
Event: 39.402 Thread 0x0000023ba33220c0 Implicit null exception at 0x0000023b91a7d976 to 0x0000023b91a7e8d8
Event: 47.737 Thread 0x0000023ba33220c0 Exception <a 'java/lang/NoSuchMethodError'{0x000000008f4c7cc8}: 'java.lang.Object java.lang.invoke.DirectMethodHandle$Holder.invokeStatic(java.lang.Object, java.lang.Object, java.lang.Object, java.lang.Object, int)'> (0x000000008f4c7cc8) 
thrown [s\src\hotspot\share\interpreter\linkResolver.cpp, line 771]

VM Operations (20 events):
Event: 47.198 Executing VM operation: HandshakeAllThreads done
Event: 47.645 Executing VM operation: HandshakeAllThreads
Event: 47.646 Executing VM operation: HandshakeAllThreads done
Event: 47.878 Executing VM operation: HandshakeAllThreads
Event: 47.878 Executing VM operation: HandshakeAllThreads done
Event: 47.920 Executing VM operation: HandshakeAllThreads
Event: 47.933 Executing VM operation: HandshakeAllThreads done
Event: 48.487 Executing VM operation: G1CollectForAllocation
Event: 48.504 Executing VM operation: G1CollectForAllocation done
Event: 48.545 Executing VM operation: G1CollectForAllocation
Event: 48.565 Executing VM operation: G1CollectForAllocation done
Event: 49.576 Executing VM operation: Cleanup
Event: 49.626 Executing VM operation: Cleanup done
Event: 50.642 Executing VM operation: Cleanup
Event: 50.652 Executing VM operation: Cleanup done
Event: 51.670 Executing VM operation: Cleanup
Event: 51.670 Executing VM operation: Cleanup done
Event: 52.153 Executing VM operation: G1CollectForAllocation
Event: 52.172 Executing VM operation: G1CollectForAllocation done
Event: 52.472 Executing VM operation: G1Concurrent

Events (20 events):
Event: 47.949 Thread 0x0000023ba0c0d070 flushing nmethod 0x0000023b8ab91310
Event: 47.949 Thread 0x0000023ba0c0d070 flushing nmethod 0x0000023b8ab92e90
Event: 47.949 Thread 0x0000023ba0c0d070 flushing nmethod 0x0000023b8ab93310
Event: 47.949 Thread 0x0000023ba0c0d070 flushing nmethod 0x0000023b8ab94090
Event: 47.949 Thread 0x0000023ba0c0d070 flushing nmethod 0x0000023b8ab98e90
Event: 47.949 Thread 0x0000023ba0c0d070 flushing nmethod 0x0000023b8aba4890
Event: 47.950 Thread 0x0000023ba0c0d070 flushing nmethod 0x0000023b8abb9110
Event: 47.950 Thread 0x0000023ba0c0d070 flushing nmethod 0x0000023b8abccc90
Event: 47.950 Thread 0x0000023ba0c0d070 flushing nmethod 0x0000023b8abf5110
Event: 47.950 Thread 0x0000023ba0c0d070 flushing nmethod 0x0000023b8ac0de90
Event: 47.950 Thread 0x0000023ba0c0d070 flushing nmethod 0x0000023b8ac18e90
Event: 47.950 Thread 0x0000023ba0c0d070 flushing nmethod 0x0000023b8ac2f510
Event: 47.950 Thread 0x0000023ba0c0d070 flushing nmethod 0x0000023b8ac66590
Event: 47.951 Thread 0x0000023ba0c0d070 flushing nmethod 0x0000023b8ac9ba10
Event: 47.951 Thread 0x0000023ba0c0d070 flushing nmethod 0x0000023b8acc2a10
Event: 47.951 Thread 0x0000023ba0c0d070 flushing nmethod 0x0000023b8acc2e90
Event: 47.951 Thread 0x0000023ba0c0d070 flushing nmethod 0x0000023b8acc9d90
Event: 47.951 Thread 0x0000023ba0c0d070 flushing nmethod 0x0000023b8accb090
Event: 47.951 Thread 0x0000023ba0c0d070 flushing nmethod 0x0000023b8accbf10
Event: 47.951 Thread 0x0000023ba0c0d070 flushing nmethod 0x0000023b8accca90


Dynamic libraries:
0x00007ff690bb0000 - 0x00007ff690bba000 	C:\Program Files\Android\Android Studio\jbr\bin\java.exe
0x00007fff62650000 - 0x00007fff62848000 	C:\WINDOWS\SYSTEM32\ntdll.dll
0x00007fff61ee0000 - 0x00007fff61f9d000 	C:\WINDOWS\System32\KERNEL32.DLL
0x00007fff601a0000 - 0x00007fff60496000 	C:\WINDOWS\System32\KERNELBASE.dll
0x00007fff60020000 - 0x00007fff60120000 	C:\WINDOWS\System32\ucrtbase.dll
0x00007fff20560000 - 0x00007fff20577000 	C:\Program Files\Android\Android Studio\jbr\bin\jli.dll
0x00007fff607b0000 - 0x00007fff6094e000 	C:\WINDOWS\System32\USER32.dll
0x00007fff60650000 - 0x00007fff60672000 	C:\WINDOWS\System32\win32u.dll
0x00007fff60dd0000 - 0x00007fff60dfc000 	C:\WINDOWS\System32\GDI32.dll
0x00007fff60530000 - 0x00007fff6064a000 	C:\WINDOWS\System32\gdi32full.dll
0x00007fff5fd70000 - 0x00007fff5fe0d000 	C:\WINDOWS\System32\msvcp_win.dll
0x00007fff5d440000 - 0x00007fff5d45b000 	C:\Program Files\Android\Android Studio\jbr\bin\VCRUNTIME140.dll
0x00007fff4d5e0000 - 0x00007fff4d87a000 	C:\WINDOWS\WinSxS\amd64_microsoft.windows.common-controls_6595b64144ccf1df_6.0.19041.1110_none_60b5254171f9507e\COMCTL32.dll
0x00007fff609d0000 - 0x00007fff60a6e000 	C:\WINDOWS\System32\msvcrt.dll
0x00007fff61c00000 - 0x00007fff61c30000 	C:\WINDOWS\System32\IMM32.DLL
0x00007fff5c970000 - 0x00007fff5c97c000 	C:\Program Files\Android\Android Studio\jbr\bin\vcruntime140_1.dll
0x00007fff33f60000 - 0x00007fff33fed000 	C:\Program Files\Android\Android Studio\jbr\bin\msvcp140.dll
0x00007fff20830000 - 0x00007fff2149e000 	C:\Program Files\Android\Android Studio\jbr\bin\server\jvm.dll
0x00007fff61fa0000 - 0x00007fff6204e000 	C:\WINDOWS\System32\ADVAPI32.dll
0x00007fff61400000 - 0x00007fff6149c000 	C:\WINDOWS\System32\sechost.dll
0x00007fff60680000 - 0x00007fff607a6000 	C:\WINDOWS\System32\RPCRT4.dll
0x00007fff4b9f0000 - 0x00007fff4b9f9000 	C:\WINDOWS\SYSTEM32\WSOCK32.dll
0x00007fff62170000 - 0x00007fff621db000 	C:\WINDOWS\System32\WS2_32.dll
0x00007fff55bd0000 - 0x00007fff55bf7000 	C:\WINDOWS\SYSTEM32\WINMM.dll
0x00007fff55c00000 - 0x00007fff55c0a000 	C:\WINDOWS\SYSTEM32\VERSION.dll
0x00007fff5db90000 - 0x00007fff5dba2000 	C:\WINDOWS\SYSTEM32\kernel.appcore.dll
0x00007fff53e60000 - 0x00007fff53e6a000 	C:\Program Files\Android\Android Studio\jbr\bin\jimage.dll
0x00007fff4c4b0000 - 0x00007fff4c694000 	C:\WINDOWS\SYSTEM32\DBGHELP.DLL
0x00007fff4c470000 - 0x00007fff4c4a4000 	C:\WINDOWS\SYSTEM32\dbgcore.DLL
0x00007fff604a0000 - 0x00007fff60522000 	C:\WINDOWS\System32\bcryptPrimitives.dll
0x00007fff31c00000 - 0x00007fff31c25000 	C:\Program Files\Android\Android Studio\jbr\bin\java.dll
0x00007fff31be0000 - 0x00007fff31bf8000 	C:\Program Files\Android\Android Studio\jbr\bin\zip.dll
0x00007fff614b0000 - 0x00007fff61bf5000 	C:\WINDOWS\System32\SHELL32.dll
0x00007fff5dd90000 - 0x00007fff5e52b000 	C:\WINDOWS\SYSTEM32\windows.storage.dll
0x00007fff60a70000 - 0x00007fff60dc4000 	C:\WINDOWS\System32\combase.dll
0x00007fff5f6d0000 - 0x00007fff5f6fe000 	C:\WINDOWS\SYSTEM32\Wldp.dll
0x00007fff62390000 - 0x00007fff6243d000 	C:\WINDOWS\System32\SHCORE.dll
0x00007fff60e00000 - 0x00007fff60e55000 	C:\WINDOWS\System32\shlwapi.dll
0x00007fff5fc30000 - 0x00007fff5fc55000 	C:\WINDOWS\SYSTEM32\profapi.dll
0x00007fff31bc0000 - 0x00007fff31bd9000 	C:\Program Files\Android\Android Studio\jbr\bin\net.dll
0x00007fff53b90000 - 0x00007fff53c9a000 	C:\WINDOWS\SYSTEM32\WINHTTP.dll
0x00007fff5f430000 - 0x00007fff5f49a000 	C:\WINDOWS\system32\mswsock.dll
0x00007fff31ba0000 - 0x00007fff31bb6000 	C:\Program Files\Android\Android Studio\jbr\bin\nio.dll
0x00007fff31e10000 - 0x00007fff31e20000 	C:\Program Files\Android\Android Studio\jbr\bin\verify.dll
0x00007fff214e0000 - 0x00007fff21507000 	C:\Users\user\.gradle\native\68d5fa5c4cc2d200863cafc0d521ce42e7d3e7ee720ec0a83991735586a16f82\windows-amd64\native-platform.dll
0x00007fff33e10000 - 0x00007fff33f54000 	C:\Users\user\.gradle\native\e376f236ea51e6404a007f0833ffe2c6e607c4080706a723a18a27aeea778392\windows-amd64\native-platform-file-events.dll
0x00007fff31e00000 - 0x00007fff31e09000 	C:\Program Files\Android\Android Studio\jbr\bin\management.dll
0x00007fff31920000 - 0x00007fff3192b000 	C:\Program Files\Android\Android Studio\jbr\bin\management_ext.dll
0x00007fff60f80000 - 0x00007fff60f88000 	C:\WINDOWS\System32\PSAPI.DLL
0x00007fff5f620000 - 0x00007fff5f638000 	C:\WINDOWS\SYSTEM32\CRYPTSP.dll
0x00007fff5ece0000 - 0x00007fff5ed14000 	C:\WINDOWS\system32\rsaenh.dll
0x00007fff60120000 - 0x00007fff60147000 	C:\WINDOWS\System32\bcrypt.dll
0x00007fff5fbb0000 - 0x00007fff5fbde000 	C:\WINDOWS\SYSTEM32\USERENV.dll
0x00007fff5f640000 - 0x00007fff5f64c000 	C:\WINDOWS\SYSTEM32\CRYPTBASE.dll
0x00007fff5f120000 - 0x00007fff5f15b000 	C:\WINDOWS\SYSTEM32\IPHLPAPI.DLL
0x00007fff614a0000 - 0x00007fff614a8000 	C:\WINDOWS\System32\NSI.dll
0x00007fff53940000 - 0x00007fff53957000 	C:\WINDOWS\SYSTEM32\dhcpcsvc6.DLL
0x00007fff53db0000 - 0x00007fff53dcd000 	C:\WINDOWS\SYSTEM32\dhcpcsvc.DLL
0x00007fff5f160000 - 0x00007fff5f22a000 	C:\WINDOWS\SYSTEM32\DNSAPI.dll
0x00007fff318b0000 - 0x00007fff318b7000 	C:\WINDOWS\system32\wshunix.dll

dbghelp: loaded successfully - version: 4.0.5 - missing functions: none
symbol engine: initialized successfully - sym options: 0x614 - pdb path: .;C:\Program Files\Android\Android Studio\jbr\bin;C:\WINDOWS\SYSTEM32;C:\WINDOWS\WinSxS\amd64_microsoft.windows.common-controls_6595b64144ccf1df_6.0.19041.1110_none_60b5254171f9507e;C:\Program Files\Android\Android Studio\jbr\bin\server;C:\Users\user\.gradle\native\68d5fa5c4cc2d200863cafc0d521ce42e7d3e7ee720ec0a83991735586a16f82\windows-amd64;C:\Users\user\.gradle\native\e376f236ea51e6404a007f0833ffe2c6e607c4080706a723a18a27aeea778392\windows-amd64

VM Arguments:
jvm_args: --add-opens=java.base/java.util=ALL-UNNAMED --add-opens=java.base/java.lang=ALL-UNNAMED --add-opens=java.base/java.lang.invoke=ALL-UNNAMED --add-opens=java.prefs/java.util.prefs=ALL-UNNAMED --add-opens=java.base/java.nio.charset=ALL-UNNAMED --add-opens=java.base/java.net=ALL-UNNAMED --add-opens=java.base/java.util.concurrent.atomic=ALL-UNNAMED -Xmx2048m -Dfile.encoding=UTF-8 -Duser.country=RU -Duser.language=ru -Duser.variant 
java_command: org.gradle.launcher.daemon.bootstrap.GradleDaemon 8.0
java_class_path (initial): C:\Users\user\.gradle\wrapper\dists\gradle-8.0-bin\ca5e32bp14vu59qr306oxotwh\gradle-8.0\lib\gradle-launcher-8.0.jar
Launcher Type: SUN_STANDARD

[Global flags]
     intx CICompilerCount                          = 2                                         {product} {ergonomic}
     uint ConcGCThreads                            = 1                                         {product} {ergonomic}
     uint G1ConcRefinementThreads                  = 2                                         {product} {ergonomic}
   size_t G1HeapRegionSize                         = 1048576                                   {product} {ergonomic}
    uintx GCDrainStackTargetSize                   = 64                                        {product} {ergonomic}
   size_t InitialHeapSize                          = 125829120                                 {product} {ergonomic}
   size_t MarkStackSize                            = 4194304                                   {product} {ergonomic}
   size_t MaxHeapSize                              = 2147483648                                {product} {command line}
   size_t MaxNewSize                               = 1287651328                                {product} {ergonomic}
   size_t MinHeapDeltaBytes                        = 1048576                                   {product} {ergonomic}
   size_t MinHeapSize                              = 8388608                                   {product} {ergonomic}
    uintx NonNMethodCodeHeapSize                   = 5826188                                {pd product} {ergonomic}
    uintx NonProfiledCodeHeapSize                  = 122916026                              {pd product} {ergonomic}
    uintx ProfiledCodeHeapSize                     = 122916026                              {pd product} {ergonomic}
    uintx ReservedCodeCacheSize                    = 251658240                              {pd product} {ergonomic}
     bool SegmentedCodeCache                       = true                                      {product} {ergonomic}
   size_t SoftMaxHeapSize                          = 2147483648                             {manageable} {ergonomic}
     bool UseCompressedClassPointers               = true                           {product lp64_product} {ergonomic}
     bool UseCompressedOops                        = true                           {product lp64_product} {ergonomic}
     bool UseG1GC                                  = true                                      {product} {ergonomic}
     bool UseLargePagesIndividualAllocation        = false                                  {pd product} {ergonomic}

Logging:
Log output configuration:
 #0: stdout all=warning uptime,level,tags
 #1: stderr all=off uptime,level,tags

Environment Variables:
PATH=C:\WINDOWS\system32;C:\WINDOWS;C:\WINDOWS\System32\Wbem;C:\WINDOWS\System32\WindowsPowerShell\v1.0\;C:\WINDOWS\System32\OpenSSH\;c:\Program Files (x86)\Microsoft SQL Server\100\Tools\Binn\;c:\Program Files (x86)\Microsoft SQL Server\100\DTS\Binn\;C:\Program Files\dotnet\;C:\Program Files (x86)\dotnet\;C:\Users\user\AppData\Local\Microsoft\WindowsApps;;C:\Users\user\AppData\Local\Programs\Microsoft VS Code\bin;C:\Users\user\.dotnet\tools
USERNAME=user
OS=Windows_NT
PROCESSOR_IDENTIFIER=AMD64 Family 21 Model 112 Stepping 0, AuthenticAMD
TMP=C:\Users\user\AppData\Local\Temp
TEMP=C:\Users\user\AppData\Local\Temp


JNI global refs:
JNI global refs: 24, weak refs: 0

JNI global refs memory usage: 843, weak refs: 841


---------------  S Y S T E M  ---------------

OS:
 Windows 10 , 64 bit Build 19041 (10.0.19041.3393)
OS uptime: 0 days 1:04 hours

CPU: total 2 (initial active 2) (2 cores per cpu, 1 threads per core) family 21 model 112 stepping 0 microcode 0x0, cx8, cmov, fxsr, mmx, 3dnowpref, sse, sse2, sse3, ssse3, sse4a, sse4.1, sse4.2, popcnt, lzcnt, tsc, tscinvbit, avx, avx2, aes, clmul, bmi1, bmi2, fma, vzeroupper, clflush

Memory: 4k page, system-wide physical 7632M (382M free)
TotalPageFile size 11232M (AvailPageFile size 7M)
current process WorkingSet (physical memory assigned to process): 516M, peak: 528M
current process commit charge ("private bytes"): 539M, peak: 551M

vm_info: OpenJDK 64-Bit Server VM (17.0.6+0-b2043.56-10027231) for windows-amd64 JRE (17.0.6+0-b2043.56-10027231), built on Apr 28 2023 00:43:19 by "androidbuild" with MS VC++ 16.10 / 16.11 (VS2019)

END.
