#
# There is insufficient memory for the Java Runtime Environment to continue.
# Native memory allocation (mmap) failed to map 983040 bytes for G1 virtual space
# Possible reasons:
#   The system is out of physical RAM or swap space
#   The process is running with CompressedOops enabled, and the Java Heap may be blocking the growth of the native heap
# Possible solutions:
#   Reduce memory load on the system
#   Increase physical memory or swap space
#   Check if swap backing store is full
#   Decrease Java heap size (-Xmx/-Xms)
#   Decrease number of Java threads
#   Decrease Java thread stack sizes (-Xss)
#   Set larger code cache with -XX:ReservedCodeCacheSize=
#   JVM is running with Unscaled Compressed Oops mode in which the Java heap is
#     placed in the first 4GB address space. The Java Heap base address is the
#     maximum limit for the native heap growth. Please use -XX:HeapBaseMinAddress
#     to set the Java Heap base and to place the Java Heap above 4GB virtual address.
# This output file may be truncated or incomplete.
#
#  Out of Memory Error (os_windows.cpp:3769), pid=11408, tid=9044
#
# JRE version: OpenJDK Runtime Environment (17.0.6) (build 17.0.6+0-b2043.56-10027231)
# Java VM: OpenJDK 64-Bit Server VM (17.0.6+0-b2043.56-10027231, mixed mode, tiered, compressed oops, compressed class ptrs, g1 gc, windows-amd64)
# No core dump will be written. Minidumps are not enabled by default on client versions of Windows
#

---------------  S U M M A R Y ------------

Command Line: --add-opens=java.base/java.util=ALL-UNNAMED --add-opens=java.base/java.lang=ALL-UNNAMED --add-opens=java.base/java.lang.invoke=ALL-UNNAMED --add-opens=java.prefs/java.util.prefs=ALL-UNNAMED --add-opens=java.base/java.nio.charset=ALL-UNNAMED --add-opens=java.base/java.net=ALL-UNNAMED --add-opens=java.base/java.util.concurrent.atomic=ALL-UNNAMED -Xmx2048m -Dfile.encoding=UTF-8 -Duser.country=RU -Duser.language=ru -Duser.variant org.gradle.launcher.daemon.bootstrap.GradleDaemon 8.0

Host: AMD A9-9425 RADEON R5, 5 COMPUTE CORES 2C+3G   , 2 cores, 7G,  Windows 10 , 64 bit Build 19041 (10.0.19041.3393)
Time: Sat Oct  7 21:45:59 2023  Windows 10 , 64 bit Build 19041 (10.0.19041.3393) elapsed time: 50.308230 seconds (0d 0h 0m 50s)

---------------  T H R E A D  ---------------

Current thread (0x000001b2b3cf5410):  VMThread "VM Thread" [stack: 0x0000004516200000,0x0000004516300000] [id=9044]

Stack: [0x0000004516200000,0x0000004516300000]
Native frames: (J=compiled Java code, j=interpreted, Vv=VM code, C=native code)
V  [jvm.dll+0x683c9a]
V  [jvm.dll+0x8427a4]
V  [jvm.dll+0x843f9e]
V  [jvm.dll+0x844603]
V  [jvm.dll+0x249b75]
V  [jvm.dll+0x680b69]
V  [jvm.dll+0x67505a]
V  [jvm.dll+0x309acb]
V  [jvm.dll+0x310f86]
V  [jvm.dll+0x360918]
V  [jvm.dll+0x360b1f]
V  [jvm.dll+0x2dfbf8]
V  [jvm.dll+0x2ddec4]
V  [jvm.dll+0x2dd4cc]
V  [jvm.dll+0x321f3b]
V  [jvm.dll+0x848ccb]
V  [jvm.dll+0x849a04]
V  [jvm.dll+0x849f1d]
V  [jvm.dll+0x84a2f4]
V  [jvm.dll+0x84a3c0]
V  [jvm.dll+0x7f274a]
V  [jvm.dll+0x682ad5]
C  [ucrtbase.dll+0x21bb2]
C  [KERNEL32.DLL+0x17344]
C  [ntdll.dll+0x526b1]

VM_Operation (0x00000045176f2170): G1CollectForAllocation, mode: safepoint, requested by thread 0x000001b2b63537f0


---------------  P R O C E S S  ---------------

Threads class SMR info:
_java_thread_list=0x000001b2b7111560, length=61, elements={
0x000001b29aa79840, 0x000001b2b3cf9410, 0x000001b2b3cfc430, 0x000001b2b4800290,
0x000001b2b4802b60, 0x000001b2b4803420, 0x000001b2b4803ce0, 0x000001b2b480bf90,
0x000001b2b480c940, 0x000001b2b486e5b0, 0x000001b2b498c440, 0x000001b2b498c910,
0x000001b2b5f8d170, 0x000001b2b618f9f0, 0x000001b2b618f460, 0x000001b2b6246b70,
0x000001b2b4cca020, 0x000001b2b4dd52b0, 0x000001b2b63537f0, 0x000001b2b56f46e0,
0x000001b2b56f2530, 0x000001b2b56f4bb0, 0x000001b2b56f11f0, 0x000001b2b56f16c0,
0x000001b2b56f2a00, 0x000001b2b56f3870, 0x000001b2b56f33a0, 0x000001b2b56f3d40,
0x000001b2b56f4210, 0x000001b2b56f2060, 0x000001b2b56f1b90, 0x000001b2b70dcf10,
0x000001b2b70ddd80, 0x000001b2b70dd3e0, 0x000001b2b70e20e0, 0x000001b2b70dff30,
0x000001b2b70db700, 0x000001b2b70dfa60, 0x000001b2b70dca40, 0x000001b2b70dc0a0,
0x000001b2b70e0400, 0x000001b2b70debf0, 0x000001b2b70db230, 0x000001b2b70e08d0,
0x000001b2b70e0da0, 0x000001b2b70e1270, 0x000001b2b70e2a80, 0x000001b2b8f2c2a0,
0x000001b2b8f2af60, 0x000001b2b8f2b900, 0x000001b2b8f2edf0, 0x000001b2b8f27a70,
0x000001b2b8f2aa90, 0x000001b2b8f2b430, 0x000001b2b8f2c770, 0x000001b2b8f2bdd0,
0x000001b2b8f2a0f0, 0x000001b2b8f2a5c0, 0x000001b2b8f27f40, 0x000001b2b8f29750,
0x000001b2b8f2d5e0
}

Java Threads: ( => current thread )
  0x000001b29aa79840 JavaThread "main" [_thread_blocked, id=10856, stack(0x0000004515c00000,0x0000004515d00000)]
  0x000001b2b3cf9410 JavaThread "Reference Handler" daemon [_thread_blocked, id=12116, stack(0x0000004516300000,0x0000004516400000)]
  0x000001b2b3cfc430 JavaThread "Finalizer" daemon [_thread_blocked, id=2140, stack(0x0000004516400000,0x0000004516500000)]
  0x000001b2b4800290 JavaThread "Signal Dispatcher" daemon [_thread_blocked, id=9764, stack(0x0000004516500000,0x0000004516600000)]
  0x000001b2b4802b60 JavaThread "Attach Listener" daemon [_thread_blocked, id=1296, stack(0x0000004516600000,0x0000004516700000)]
  0x000001b2b4803420 JavaThread "Service Thread" daemon [_thread_blocked, id=4744, stack(0x0000004516700000,0x0000004516800000)]
  0x000001b2b4803ce0 JavaThread "Monitor Deflation Thread" daemon [_thread_blocked, id=4168, stack(0x0000004516800000,0x0000004516900000)]
  0x000001b2b480bf90 JavaThread "C2 CompilerThread0" daemon [_thread_blocked, id=6552, stack(0x0000004516900000,0x0000004516a00000)]
  0x000001b2b480c940 JavaThread "C1 CompilerThread0" daemon [_thread_blocked, id=10068, stack(0x0000004516a00000,0x0000004516b00000)]
  0x000001b2b486e5b0 JavaThread "Sweeper thread" daemon [_thread_blocked, id=11976, stack(0x0000004516b00000,0x0000004516c00000)]
  0x000001b2b498c440 JavaThread "Common-Cleaner" daemon [_thread_blocked, id=3756, stack(0x0000004516c00000,0x0000004516d00000)]
  0x000001b2b498c910 JavaThread "Notification Thread" daemon [_thread_blocked, id=7960, stack(0x0000004516d00000,0x0000004516e00000)]
  0x000001b2b5f8d170 JavaThread "Daemon health stats" [_thread_blocked, id=2832, stack(0x0000004517000000,0x0000004517100000)]
  0x000001b2b618f9f0 JavaThread "Incoming local TCP Connector on port 51719" [_thread_in_native, id=9156, stack(0x0000004517100000,0x0000004517200000)]
  0x000001b2b618f460 JavaThread "Daemon periodic checks" [_thread_blocked, id=9596, stack(0x0000004517200000,0x0000004517300000)]
  0x000001b2b6246b70 JavaThread "Daemon" [_thread_blocked, id=3284, stack(0x0000004517300000,0x0000004517400000)]
  0x000001b2b4cca020 JavaThread "Handler for socket connection from /127.0.0.1:51719 to /127.0.0.1:51720" [_thread_in_native, id=8608, stack(0x0000004517400000,0x0000004517500000)]
  0x000001b2b4dd52b0 JavaThread "Cancel handler" [_thread_blocked, id=2868, stack(0x0000004517500000,0x0000004517600000)]
  0x000001b2b63537f0 JavaThread "Daemon worker" [_thread_blocked, id=11220, stack(0x0000004517600000,0x0000004517700000)]
  0x000001b2b56f46e0 JavaThread "Asynchronous log dispatcher for DefaultDaemonConnection: socket connection from /127.0.0.1:51719 to /127.0.0.1:51720" [_thread_blocked, id=11164, stack(0x0000004517700000,0x0000004517800000)]
  0x000001b2b56f2530 JavaThread "Stdin handler" [_thread_blocked, id=11808, stack(0x0000004517800000,0x0000004517900000)]
  0x000001b2b56f4bb0 JavaThread "Daemon client event forwarder" [_thread_blocked, id=11900, stack(0x0000004517900000,0x0000004517a00000)]
  0x000001b2b56f11f0 JavaThread "Cache worker for journal cache (C:\Users\user\.gradle\caches\journal-1)" [_thread_blocked, id=5560, stack(0x0000004517a00000,0x0000004517b00000)]
  0x000001b2b56f16c0 JavaThread "File lock request listener" [_thread_in_native, id=1352, stack(0x0000004517b00000,0x0000004517c00000)]
  0x000001b2b56f2a00 JavaThread "Cache worker for file hash cache (C:\Users\user\.gradle\caches\8.0\fileHashes)" [_thread_blocked, id=2052, stack(0x0000004517c00000,0x0000004517d00000)]
  0x000001b2b56f3870 JavaThread "File watcher server" daemon [_thread_in_native, id=7476, stack(0x0000004517d00000,0x0000004517e00000)]
  0x000001b2b56f33a0 JavaThread "File watcher consumer" daemon [_thread_blocked, id=3264, stack(0x0000004517e00000,0x0000004517f00000)]
  0x000001b2b56f3d40 JavaThread "jar transforms" [_thread_blocked, id=9188, stack(0x0000004517f00000,0x0000004518000000)]
  0x000001b2b56f4210 JavaThread "jar transforms Thread 2" [_thread_blocked, id=5028, stack(0x0000004518000000,0x0000004518100000)]
  0x000001b2b56f2060 JavaThread "Cache worker for checksums cache (C:\Users\user\AndroidStudioProjects\Prilogeniezmeyka\.gradle\8.0\checksums)" [_thread_blocked, id=11700, stack(0x0000004518100000,0x0000004518200000)]
  0x000001b2b56f1b90 JavaThread "Cache worker for cache directory md-rule (C:\Users\user\.gradle\caches\8.0\md-rule)" [_thread_blocked, id=6580, stack(0x0000004518200000,0x0000004518300000)]
  0x000001b2b70dcf10 JavaThread "Cache worker for file content cache (C:\Users\user\.gradle\caches\8.0\fileContent)" [_thread_blocked, id=10012, stack(0x0000004518300000,0x0000004518400000)]
  0x000001b2b70ddd80 JavaThread "Cache worker for file hash cache (C:\Users\user\AndroidStudioProjects\Prilogeniezmeyka\.gradle\8.0\fileHashes)" [_thread_blocked, id=7340, stack(0x0000004518400000,0x0000004518500000)]
  0x000001b2b70dd3e0 JavaThread "Cache worker for cache directory md-supplier (C:\Users\user\.gradle\caches\8.0\md-supplier)" [_thread_blocked, id=9308, stack(0x0000004518500000,0x0000004518600000)]
  0x000001b2b70e20e0 JavaThread "Cache worker for execution history cache (C:\Users\user\.gradle\caches\8.0\executionHistory)" [_thread_blocked, id=3308, stack(0x0000004518600000,0x0000004518700000)]
  0x000001b2b70dff30 JavaThread "Cache worker for kotlin-dsl (C:\Users\user\.gradle\caches\8.0\kotlin-dsl)" [_thread_blocked, id=3192, stack(0x0000004518700000,0x0000004518800000)]
  0x000001b2b70db700 JavaThread "Cache worker for dependencies-accessors (C:\Users\user\AndroidStudioProjects\Prilogeniezmeyka\.gradle\8.0\dependencies-accessors)" [_thread_blocked, id=8652, stack(0x0000004518800000,0x0000004518900000)]
  0x000001b2b70dfa60 JavaThread "Cache worker for Build Output Cleanup Cache (C:\Users\user\AndroidStudioProjects\Prilogeniezmeyka\.gradle\buildOutputCleanup)" [_thread_blocked, id=12168, stack(0x0000004518900000,0x0000004518a00000)]
  0x000001b2b70dca40 JavaThread "Unconstrained build operations" [_thread_blocked, id=10344, stack(0x0000004518a00000,0x0000004518b00000)]
  0x000001b2b70dc0a0 JavaThread "Unconstrained build operations Thread 2" [_thread_blocked, id=10716, stack(0x0000004518b00000,0x0000004518c00000)]
  0x000001b2b70e0400 JavaThread "Unconstrained build operations Thread 3" [_thread_blocked, id=7532, stack(0x0000004518c00000,0x0000004518d00000)]
  0x000001b2b70debf0 JavaThread "Unconstrained build operations Thread 4" [_thread_blocked, id=2492, stack(0x0000004518d00000,0x0000004518e00000)]
  0x000001b2b70db230 JavaThread "Unconstrained build operations Thread 5" [_thread_blocked, id=8520, stack(0x0000004518e00000,0x0000004518f00000)]
  0x000001b2b70e08d0 JavaThread "Unconstrained build operations Thread 6" [_thread_blocked, id=8452, stack(0x0000004518f00000,0x0000004519000000)]
  0x000001b2b70e0da0 JavaThread "Unconstrained build operations Thread 7" [_thread_blocked, id=3380, stack(0x0000004519000000,0x0000004519100000)]
  0x000001b2b70e1270 JavaThread "Unconstrained build operations Thread 8" [_thread_blocked, id=11436, stack(0x0000004519100000,0x0000004519200000)]
  0x000001b2b70e2a80 JavaThread "Unconstrained build operations Thread 9" [_thread_blocked, id=4684, stack(0x0000004519200000,0x0000004519300000)]
  0x000001b2b8f2c2a0 JavaThread "Unconstrained build operations Thread 10" [_thread_blocked, id=8236, stack(0x0000004519300000,0x0000004519400000)]
  0x000001b2b8f2af60 JavaThread "Unconstrained build operations Thread 11" [_thread_blocked, id=9616, stack(0x0000004519400000,0x0000004519500000)]
  0x000001b2b8f2b900 JavaThread "Unconstrained build operations Thread 12" [_thread_blocked, id=9788, stack(0x0000004519500000,0x0000004519600000)]
  0x000001b2b8f2edf0 JavaThread "Unconstrained build operations Thread 13" [_thread_blocked, id=9684, stack(0x0000004519600000,0x0000004519700000)]
  0x000001b2b8f27a70 JavaThread "Unconstrained build operations Thread 14" [_thread_blocked, id=11520, stack(0x0000004519700000,0x0000004519800000)]
  0x000001b2b8f2aa90 JavaThread "Unconstrained build operations Thread 15" [_thread_blocked, id=12212, stack(0x0000004519800000,0x0000004519900000)]
  0x000001b2b8f2b430 JavaThread "Unconstrained build operations Thread 16" [_thread_blocked, id=10964, stack(0x0000004519900000,0x0000004519a00000)]
  0x000001b2b8f2c770 JavaThread "Unconstrained build operations Thread 17" [_thread_blocked, id=2064, stack(0x0000004519a00000,0x0000004519b00000)]
  0x000001b2b8f2bdd0 JavaThread "Unconstrained build operations Thread 18" [_thread_blocked, id=2248, stack(0x0000004519b00000,0x0000004519c00000)]
  0x000001b2b8f2a0f0 JavaThread "Unconstrained build operations Thread 19" [_thread_blocked, id=1652, stack(0x0000004519c00000,0x0000004519d00000)]
  0x000001b2b8f2a5c0 JavaThread "Unconstrained build operations Thread 20" [_thread_blocked, id=1564, stack(0x0000004519d00000,0x0000004519e00000)]
  0x000001b2b8f27f40 JavaThread "Memory manager" [_thread_blocked, id=7904, stack(0x0000004519e00000,0x0000004519f00000)]
  0x000001b2b8f29750 JavaThread "build event listener" [_thread_blocked, id=9736, stack(0x0000004519f00000,0x000000451a000000)]
  0x000001b2b8f2d5e0 JavaThread "build event listener" [_thread_blocked, id=464, stack(0x000000451a000000,0x000000451a100000)]

Other Threads:
=>0x000001b2b3cf5410 VMThread "VM Thread" [stack: 0x0000004516200000,0x0000004516300000] [id=9044]
  0x000001b2b3c7a700 WatcherThread [stack: 0x0000004516e00000,0x0000004516f00000] [id=10196]
  0x000001b29aad8b90 GCTaskThread "GC Thread#0" [stack: 0x0000004515d00000,0x0000004515e00000] [id=10496]
  0x000001b2b4a47040 GCTaskThread "GC Thread#1" [stack: 0x0000004516f00000,0x0000004517000000] [id=4220]
  0x000001b29aae99e0 ConcurrentGCThread "G1 Main Marker" [stack: 0x0000004515e00000,0x0000004515f00000] [id=4920]
  0x000001b29aaeaaa0 ConcurrentGCThread "G1 Conc#0" [stack: 0x0000004515f00000,0x0000004516000000] [id=10824]
  0x000001b29ab46eb0 ConcurrentGCThread "G1 Refine#0" [stack: 0x0000004516000000,0x0000004516100000] [id=5184]
  0x000001b2b92443a0 ConcurrentGCThread "G1 Refine#1" [stack: 0x000000451a300000,0x000000451a400000] [id=3384]
  0x000001b29ab487f0 ConcurrentGCThread "G1 Service" [stack: 0x0000004516100000,0x0000004516200000] [id=9488]

Threads with active compile tasks:

VM state: at safepoint (normal execution)

VM Mutex/Monitor currently owned by a thread:  ([mutex/lock_event])
[0x000001b29aa742f0] Threads_lock - owner thread: 0x000001b2b3cf5410
[0x000001b29aa74890] Heap_lock - owner thread: 0x000001b2b63537f0

Heap address: 0x0000000080000000, size: 2048 MB, Compressed Oops mode: 32-bit

CDS archive(s) not mapped
Compressed class space mapped at: 0x0000000100000000-0x0000000140000000, reserved size: 1073741824
Narrow klass base: 0x0000000000000000, Narrow klass shift: 3, Narrow klass range: 0x140000000

GC Precious Log:
 CPUs: 2 total, 2 available
 Memory: 7632M
 Large Page Support: Disabled
 NUMA Support: Disabled
 Compressed Oops: Enabled (32-bit)
 Heap Region Size: 1M
 Heap Min Capacity: 8M
 Heap Initial Capacity: 120M
 Heap Max Capacity: 2G
 Pre-touch: Disabled
 Parallel Workers: 2
 Concurrent Workers: 1
 Concurrent Refinement Workers: 2
 Periodic GC: Disabled

Heap:
 garbage-first heap   total 249856K, used 150899K [0x0000000080000000, 0x0000000100000000)
  region size 1024K, 1 young (1024K), 1 survivors (1024K)
 Metaspace       used 103186K, committed 103936K, reserved 1138688K
  class space    used 13805K, committed 14144K, reserved 1048576K

Heap Regions: E=young(eden), S=young(survivor), O=old, HS=humongous(starts), HC=humongous(continues), CS=collection set, F=free, OA=open archive, CA=closed archive, TAMS=top-at-mark-start (previous, next)
|   0|0x0000000080000000, 0x0000000080100000, 0x0000000080100000|100%| O|  |TAMS 0x0000000080100000, 0x0000000080000000| Untracked 
|   1|0x0000000080100000, 0x0000000080200000, 0x0000000080200000|100%| O|  |TAMS 0x0000000080200000, 0x0000000080100000| Untracked 
|   2|0x0000000080200000, 0x0000000080300000, 0x0000000080300000|100%| O|  |TAMS 0x0000000080300000, 0x0000000080200000| Untracked 
|   3|0x0000000080300000, 0x0000000080400000, 0x0000000080400000|100%|HS|  |TAMS 0x0000000080400000, 0x0000000080300000| Complete 
|   4|0x0000000080400000, 0x0000000080500000, 0x0000000080500000|100%|HC|  |TAMS 0x0000000080500000, 0x0000000080400000| Complete 
|   5|0x0000000080500000, 0x0000000080600000, 0x0000000080600000|100%|HC|  |TAMS 0x0000000080600000, 0x0000000080500000| Complete 
|   6|0x0000000080600000, 0x0000000080700000, 0x0000000080700000|100%|HC|  |TAMS 0x0000000080700000, 0x0000000080600000| Complete 
|   7|0x0000000080700000, 0x0000000080800000, 0x0000000080800000|100%| O|  |TAMS 0x0000000080800000, 0x0000000080700000| Untracked 
|   8|0x0000000080800000, 0x0000000080900000, 0x0000000080900000|100%| O|  |TAMS 0x0000000080900000, 0x0000000080800000| Untracked 
|   9|0x0000000080900000, 0x00000000809ec200, 0x0000000080a00000| 92%| O|  |TAMS 0x00000000809ec200, 0x0000000080900000| Untracked 
|  10|0x0000000080a00000, 0x0000000080b00000, 0x0000000080b00000|100%| O|  |TAMS 0x0000000080b00000, 0x0000000080a00000| Untracked 
|  11|0x0000000080b00000, 0x0000000080c00000, 0x0000000080c00000|100%| O|  |TAMS 0x0000000080c00000, 0x0000000080b00000| Untracked 
|  12|0x0000000080c00000, 0x0000000080d00000, 0x0000000080d00000|100%| O|  |TAMS 0x0000000080d00000, 0x0000000080c00000| Untracked 
|  13|0x0000000080d00000, 0x0000000080e00000, 0x0000000080e00000|100%| O|  |TAMS 0x0000000080e00000, 0x0000000080d00000| Untracked 
|  14|0x0000000080e00000, 0x0000000080f00000, 0x0000000080f00000|100%| O|  |TAMS 0x0000000080f00000, 0x0000000080e00000| Untracked 
|  15|0x0000000080f00000, 0x0000000081000000, 0x0000000081000000|100%| O|  |TAMS 0x0000000081000000, 0x0000000080f00000| Untracked 
|  16|0x0000000081000000, 0x0000000081100000, 0x0000000081100000|100%| O|  |TAMS 0x0000000081100000, 0x0000000081000000| Untracked 
|  17|0x0000000081100000, 0x0000000081200000, 0x0000000081200000|100%| O|  |TAMS 0x0000000081200000, 0x0000000081100000| Untracked 
|  18|0x0000000081200000, 0x0000000081300000, 0x0000000081300000|100%|HS|  |TAMS 0x0000000081300000, 0x0000000081200000| Complete 
|  19|0x0000000081300000, 0x0000000081400000, 0x0000000081400000|100%|HC|  |TAMS 0x0000000081400000, 0x0000000081300000| Complete 
|  20|0x0000000081400000, 0x0000000081500000, 0x0000000081500000|100%|HS|  |TAMS 0x0000000081500000, 0x0000000081400000| Complete 
|  21|0x0000000081500000, 0x0000000081600000, 0x0000000081600000|100%|HC|  |TAMS 0x0000000081600000, 0x0000000081500000| Complete 
|  22|0x0000000081600000, 0x0000000081700000, 0x0000000081700000|100%|HC|  |TAMS 0x0000000081700000, 0x0000000081600000| Complete 
|  23|0x0000000081700000, 0x0000000081800000, 0x0000000081800000|100%| O|  |TAMS 0x0000000081800000, 0x0000000081700000| Untracked 
|  24|0x0000000081800000, 0x0000000081900000, 0x0000000081900000|100%| O|  |TAMS 0x0000000081900000, 0x0000000081800000| Untracked 
|  25|0x0000000081900000, 0x0000000081a00000, 0x0000000081a00000|100%| O|  |TAMS 0x0000000081a00000, 0x0000000081900000| Untracked 
|  26|0x0000000081a00000, 0x0000000081b00000, 0x0000000081b00000|100%| O|  |TAMS 0x0000000081b00000, 0x0000000081a00000| Untracked 
|  27|0x0000000081b00000, 0x0000000081c00000, 0x0000000081c00000|100%|HS|  |TAMS 0x0000000081c00000, 0x0000000081b00000| Complete 
|  28|0x0000000081c00000, 0x0000000081d00000, 0x0000000081d00000|100%|HC|  |TAMS 0x0000000081d00000, 0x0000000081c00000| Complete 
|  29|0x0000000081d00000, 0x0000000081e00000, 0x0000000081e00000|100%|HC|  |TAMS 0x0000000081e00000, 0x0000000081d00000| Complete 
|  30|0x0000000081e00000, 0x0000000081e00000, 0x0000000081f00000|  0%| F|  |TAMS 0x0000000081e00000, 0x0000000081e00000| Untracked 
|  31|0x0000000081f00000, 0x0000000082000000, 0x0000000082000000|100%| O|  |TAMS 0x0000000082000000, 0x0000000081f00000| Untracked 
|  32|0x0000000082000000, 0x0000000082100000, 0x0000000082100000|100%|HS|  |TAMS 0x0000000082100000, 0x0000000082000000| Complete 
|  33|0x0000000082100000, 0x0000000082200000, 0x0000000082200000|100%|HC|  |TAMS 0x0000000082200000, 0x0000000082100000| Complete 
|  34|0x0000000082200000, 0x0000000082300000, 0x0000000082300000|100%| O|  |TAMS 0x0000000082300000, 0x0000000082200000| Untracked 
|  35|0x0000000082300000, 0x0000000082400000, 0x0000000082400000|100%| O|  |TAMS 0x0000000082400000, 0x0000000082300000| Untracked 
|  36|0x0000000082400000, 0x0000000082500000, 0x0000000082500000|100%| O|  |TAMS 0x0000000082500000, 0x0000000082400000| Untracked 
|  37|0x0000000082500000, 0x0000000082600000, 0x0000000082600000|100%| O|  |TAMS 0x0000000082600000, 0x0000000082500000| Untracked 
|  38|0x0000000082600000, 0x0000000082700000, 0x0000000082700000|100%| O|  |TAMS 0x0000000082700000, 0x0000000082600000| Untracked 
|  39|0x0000000082700000, 0x0000000082800000, 0x0000000082800000|100%| O|  |TAMS 0x0000000082800000, 0x0000000082700000| Untracked 
|  40|0x0000000082800000, 0x0000000082900000, 0x0000000082900000|100%| O|  |TAMS 0x0000000082900000, 0x0000000082800000| Untracked 
|  41|0x0000000082900000, 0x0000000082a00000, 0x0000000082a00000|100%| O|  |TAMS 0x0000000082a00000, 0x0000000082900000| Untracked 
|  42|0x0000000082a00000, 0x0000000082b00000, 0x0000000082b00000|100%| O|  |TAMS 0x0000000082b00000, 0x0000000082a00000| Untracked 
|  43|0x0000000082b00000, 0x0000000082c00000, 0x0000000082c00000|100%| O|  |TAMS 0x0000000082c00000, 0x0000000082b00000| Untracked 
|  44|0x0000000082c00000, 0x0000000082d00000, 0x0000000082d00000|100%| O|  |TAMS 0x0000000082d00000, 0x0000000082c00000| Untracked 
|  45|0x0000000082d00000, 0x0000000082e00000, 0x0000000082e00000|100%|HS|  |TAMS 0x0000000082e00000, 0x0000000082d00000| Complete 
|  46|0x0000000082e00000, 0x0000000082f00000, 0x0000000082f00000|100%|HC|  |TAMS 0x0000000082f00000, 0x0000000082e00000| Complete 
|  47|0x0000000082f00000, 0x0000000083000000, 0x0000000083000000|100%|HC|  |TAMS 0x0000000083000000, 0x0000000082f00000| Complete 
|  48|0x0000000083000000, 0x0000000083100000, 0x0000000083100000|100%|HC|  |TAMS 0x0000000083100000, 0x0000000083000000| Complete 
|  49|0x0000000083100000, 0x0000000083200000, 0x0000000083200000|100%|HC|  |TAMS 0x0000000083200000, 0x0000000083100000| Complete 
|  50|0x0000000083200000, 0x0000000083300000, 0x0000000083300000|100%|HC|  |TAMS 0x0000000083300000, 0x0000000083200000| Complete 
|  51|0x0000000083300000, 0x0000000083400000, 0x0000000083400000|100%|HC|  |TAMS 0x0000000083400000, 0x0000000083300000| Complete 
|  52|0x0000000083400000, 0x0000000083500000, 0x0000000083500000|100%|HC|  |TAMS 0x0000000083500000, 0x0000000083400000| Complete 
|  53|0x0000000083500000, 0x0000000083600000, 0x0000000083600000|100%|HC|  |TAMS 0x0000000083600000, 0x0000000083500000| Complete 
|  54|0x0000000083600000, 0x0000000083700000, 0x0000000083700000|100%|HC|  |TAMS 0x0000000083700000, 0x0000000083600000| Complete 
|  55|0x0000000083700000, 0x0000000083800000, 0x0000000083800000|100%|HC|  |TAMS 0x0000000083800000, 0x0000000083700000| Complete 
|  56|0x0000000083800000, 0x0000000083900000, 0x0000000083900000|100%|HC|  |TAMS 0x0000000083900000, 0x0000000083800000| Complete 
|  57|0x0000000083900000, 0x0000000083a00000, 0x0000000083a00000|100%|HS|  |TAMS 0x0000000083a00000, 0x0000000083900000| Complete 
|  58|0x0000000083a00000, 0x0000000083b00000, 0x0000000083b00000|100%|HC|  |TAMS 0x0000000083b00000, 0x0000000083a00000| Complete 
|  59|0x0000000083b00000, 0x0000000083c00000, 0x0000000083c00000|100%|HC|  |TAMS 0x0000000083c00000, 0x0000000083b00000| Complete 
|  60|0x0000000083c00000, 0x0000000083d00000, 0x0000000083d00000|100%|HS|  |TAMS 0x0000000083d00000, 0x0000000083c00000| Complete 
|  61|0x0000000083d00000, 0x0000000083e00000, 0x0000000083e00000|100%|HC|  |TAMS 0x0000000083e00000, 0x0000000083d00000| Complete 
|  62|0x0000000083e00000, 0x0000000083f00000, 0x0000000083f00000|100%|HC|  |TAMS 0x0000000083f00000, 0x0000000083e00000| Complete 
|  63|0x0000000083f00000, 0x0000000084000000, 0x0000000084000000|100%| O|  |TAMS 0x0000000084000000, 0x0000000083f00000| Untracked 
|  64|0x0000000084000000, 0x0000000084100000, 0x0000000084100000|100%| O|  |TAMS 0x0000000084100000, 0x0000000084000000| Untracked 
|  65|0x0000000084100000, 0x0000000084200000, 0x0000000084200000|100%| O|  |TAMS 0x0000000084200000, 0x0000000084100000| Untracked 
|  66|0x0000000084200000, 0x0000000084300000, 0x0000000084300000|100%| O|  |TAMS 0x0000000084300000, 0x0000000084200000| Untracked 
|  67|0x0000000084300000, 0x0000000084400000, 0x0000000084400000|100%| O|  |TAMS 0x0000000084400000, 0x0000000084300000| Untracked 
|  68|0x0000000084400000, 0x0000000084500000, 0x0000000084500000|100%| O|  |TAMS 0x0000000084500000, 0x0000000084400000| Untracked 
|  69|0x0000000084500000, 0x0000000084600000, 0x0000000084600000|100%| O|  |TAMS 0x0000000084600000, 0x0000000084500000| Untracked 
|  70|0x0000000084600000, 0x0000000084700000, 0x0000000084700000|100%| O|  |TAMS 0x0000000084700000, 0x0000000084600000| Untracked 
|  71|0x0000000084700000, 0x0000000084800000, 0x0000000084800000|100%|HS|  |TAMS 0x0000000084800000, 0x0000000084700000| Complete 
|  72|0x0000000084800000, 0x0000000084900000, 0x0000000084900000|100%|HS|  |TAMS 0x0000000084900000, 0x0000000084800000| Complete 
|  73|0x0000000084900000, 0x0000000084a00000, 0x0000000084a00000|100%|HS|  |TAMS 0x0000000084a00000, 0x0000000084900000| Complete 
|  74|0x0000000084a00000, 0x0000000084b00000, 0x0000000084b00000|100%|HC|  |TAMS 0x0000000084b00000, 0x0000000084a00000| Complete 
|  75|0x0000000084b00000, 0x0000000084c00000, 0x0000000084c00000|100%| O|  |TAMS 0x0000000084c00000, 0x0000000084b00000| Untracked 
|  76|0x0000000084c00000, 0x0000000084d00000, 0x0000000084d00000|100%| O|  |TAMS 0x0000000084d00000, 0x0000000084c00000| Untracked 
|  77|0x0000000084d00000, 0x0000000084e00000, 0x0000000084e00000|100%|HS|  |TAMS 0x0000000084e00000, 0x0000000084d00000| Complete 
|  78|0x0000000084e00000, 0x0000000084f00000, 0x0000000084f00000|100%|HS|  |TAMS 0x0000000084f00000, 0x0000000084e00000| Complete 
|  79|0x0000000084f00000, 0x0000000085000000, 0x0000000085000000|100%|HC|  |TAMS 0x0000000085000000, 0x0000000084f00000| Complete 
|  80|0x0000000085000000, 0x0000000085100000, 0x0000000085100000|100%|HC|  |TAMS 0x0000000085100000, 0x0000000085000000| Complete 
|  81|0x0000000085100000, 0x0000000085200000, 0x0000000085200000|100%|HC|  |TAMS 0x0000000085200000, 0x0000000085100000| Complete 
|  82|0x0000000085200000, 0x0000000085300000, 0x0000000085300000|100%| O|  |TAMS 0x0000000085300000, 0x0000000085200000| Untracked 
|  83|0x0000000085300000, 0x0000000085400000, 0x0000000085400000|100%| O|  |TAMS 0x0000000085400000, 0x0000000085300000| Untracked 
|  84|0x0000000085400000, 0x0000000085500000, 0x0000000085500000|100%| O|  |TAMS 0x0000000085500000, 0x0000000085400000| Untracked 
|  85|0x0000000085500000, 0x0000000085600000, 0x0000000085600000|100%| O|  |TAMS 0x0000000085600000, 0x0000000085500000| Untracked 
|  86|0x0000000085600000, 0x0000000085700000, 0x0000000085700000|100%| O|  |TAMS 0x0000000085700000, 0x0000000085600000| Untracked 
|  87|0x0000000085700000, 0x0000000085800000, 0x0000000085800000|100%| O|  |TAMS 0x0000000085800000, 0x0000000085700000| Untracked 
|  88|0x0000000085800000, 0x0000000085900000, 0x0000000085900000|100%| O|  |TAMS 0x0000000085900000, 0x0000000085800000| Untracked 
|  89|0x0000000085900000, 0x0000000085a00000, 0x0000000085a00000|100%| O|  |TAMS 0x0000000085a00000, 0x0000000085900000| Untracked 
|  90|0x0000000085a00000, 0x0000000085b00000, 0x0000000085b00000|100%| O|  |TAMS 0x0000000085b00000, 0x0000000085a00000| Untracked 
|  91|0x0000000085b00000, 0x0000000085c00000, 0x0000000085c00000|100%| O|  |TAMS 0x0000000085c00000, 0x0000000085b00000| Untracked 
|  92|0x0000000085c00000, 0x0000000085d00000, 0x0000000085d00000|100%| O|  |TAMS 0x0000000085d00000, 0x0000000085c00000| Untracked 
|  93|0x0000000085d00000, 0x0000000085e00000, 0x0000000085e00000|100%| O|  |TAMS 0x0000000085e00000, 0x0000000085d00000| Untracked 
|  94|0x0000000085e00000, 0x0000000085f00000, 0x0000000085f00000|100%| O|  |TAMS 0x0000000085f00000, 0x0000000085e00000| Untracked 
|  95|0x0000000085f00000, 0x0000000086000000, 0x0000000086000000|100%| O|  |TAMS 0x0000000086000000, 0x0000000085f00000| Untracked 
|  96|0x0000000086000000, 0x0000000086100000, 0x0000000086100000|100%| O|  |TAMS 0x0000000086100000, 0x0000000086000000| Untracked 
|  97|0x0000000086100000, 0x0000000086200000, 0x0000000086200000|100%| O|  |TAMS 0x0000000086200000, 0x0000000086100000| Untracked 
|  98|0x0000000086200000, 0x0000000086300000, 0x0000000086300000|100%| O|  |TAMS 0x0000000086300000, 0x0000000086200000| Untracked 
|  99|0x0000000086300000, 0x0000000086400000, 0x0000000086400000|100%|HS|  |TAMS 0x0000000086400000, 0x0000000086300000| Complete 
| 100|0x0000000086400000, 0x0000000086500000, 0x0000000086500000|100%|HC|  |TAMS 0x0000000086500000, 0x0000000086400000| Complete 
| 101|0x0000000086500000, 0x0000000086600000, 0x0000000086600000|100%|HC|  |TAMS 0x0000000086600000, 0x0000000086500000| Complete 
| 102|0x0000000086600000, 0x0000000086700000, 0x0000000086700000|100%|HC|  |TAMS 0x0000000086700000, 0x0000000086600000| Complete 
| 103|0x0000000086700000, 0x0000000086800000, 0x0000000086800000|100%| O|  |TAMS 0x0000000086800000, 0x0000000086700000| Untracked 
| 104|0x0000000086800000, 0x0000000086900000, 0x0000000086900000|100%| O|  |TAMS 0x0000000086900000, 0x0000000086800000| Untracked 
| 105|0x0000000086900000, 0x0000000086a00000, 0x0000000086a00000|100%| O|  |TAMS 0x0000000086a00000, 0x0000000086900000| Untracked 
| 106|0x0000000086a00000, 0x0000000086b00000, 0x0000000086b00000|100%| O|  |TAMS 0x0000000086b00000, 0x0000000086a00000| Untracked 
| 107|0x0000000086b00000, 0x0000000086c00000, 0x0000000086c00000|100%| O|  |TAMS 0x0000000086c00000, 0x0000000086b00000| Untracked 
| 108|0x0000000086c00000, 0x0000000086d00000, 0x0000000086d00000|100%| O|  |TAMS 0x0000000086d00000, 0x0000000086c00000| Untracked 
| 109|0x0000000086d00000, 0x0000000086e00000, 0x0000000086e00000|100%| O|  |TAMS 0x0000000086e00000, 0x0000000086d00000| Untracked 
| 110|0x0000000086e00000, 0x0000000086f00000, 0x0000000086f00000|100%| O|  |TAMS 0x0000000086f00000, 0x0000000086e00000| Untracked 
| 111|0x0000000086f00000, 0x0000000087000000, 0x0000000087000000|100%| O|  |TAMS 0x0000000087000000, 0x0000000086f00000| Untracked 
| 112|0x0000000087000000, 0x0000000087100000, 0x0000000087100000|100%| O|  |TAMS 0x0000000087100000, 0x0000000087000000| Untracked 
| 113|0x0000000087100000, 0x0000000087200000, 0x0000000087200000|100%| O|  |TAMS 0x0000000087200000, 0x0000000087100000| Untracked 
| 114|0x0000000087200000, 0x0000000087300000, 0x0000000087300000|100%| O|  |TAMS 0x0000000087300000, 0x0000000087200000| Untracked 
| 115|0x0000000087300000, 0x0000000087400000, 0x0000000087400000|100%| O|  |TAMS 0x0000000087400000, 0x0000000087300000| Untracked 
| 116|0x0000000087400000, 0x0000000087500000, 0x0000000087500000|100%| O|  |TAMS 0x0000000087500000, 0x0000000087400000| Untracked 
| 117|0x0000000087500000, 0x0000000087600000, 0x0000000087600000|100%| O|  |TAMS 0x0000000087600000, 0x0000000087500000| Untracked 
| 118|0x0000000087600000, 0x0000000087700000, 0x0000000087700000|100%| O|  |TAMS 0x0000000087700000, 0x0000000087600000| Untracked 
| 119|0x0000000087700000, 0x0000000087800000, 0x0000000087800000|100%| O|  |TAMS 0x0000000087800000, 0x0000000087700000| Untracked 
| 120|0x0000000087800000, 0x0000000087900000, 0x0000000087900000|100%| O|  |TAMS 0x0000000087900000, 0x0000000087800000| Untracked 
| 121|0x0000000087900000, 0x0000000087a00000, 0x0000000087a00000|100%| O|  |TAMS 0x0000000087a00000, 0x0000000087900000| Untracked 
| 122|0x0000000087a00000, 0x0000000087b00000, 0x0000000087b00000|100%| O|  |TAMS 0x0000000087b00000, 0x0000000087a00000| Untracked 
| 123|0x0000000087b00000, 0x0000000087c00000, 0x0000000087c00000|100%| O|  |TAMS 0x0000000087c00000, 0x0000000087b00000| Untracked 
| 124|0x0000000087c00000, 0x0000000087d00000, 0x0000000087d00000|100%| O|  |TAMS 0x0000000087d00000, 0x0000000087c00000| Untracked 
| 125|0x0000000087d00000, 0x0000000087e00000, 0x0000000087e00000|100%| O|  |TAMS 0x0000000087e00000, 0x0000000087d00000| Untracked 
| 126|0x0000000087e00000, 0x0000000087f00000, 0x0000000087f00000|100%| O|  |TAMS 0x0000000087f00000, 0x0000000087e00000| Untracked 
| 127|0x0000000087f00000, 0x0000000088000000, 0x0000000088000000|100%| O|  |TAMS 0x0000000088000000, 0x0000000087f00000| Untracked 
| 128|0x0000000088000000, 0x0000000088100000, 0x0000000088100000|100%| O|  |TAMS 0x0000000088100000, 0x0000000088000000| Untracked 
| 129|0x0000000088100000, 0x0000000088200000, 0x0000000088200000|100%| O|  |TAMS 0x0000000088200000, 0x0000000088100000| Untracked 
| 130|0x0000000088200000, 0x0000000088300000, 0x0000000088300000|100%| O|  |TAMS 0x0000000088280000, 0x0000000088200000| Untracked 
| 131|0x0000000088300000, 0x0000000088400000, 0x0000000088400000|100%| O|  |TAMS 0x0000000088300000, 0x0000000088300000| Untracked 
| 132|0x0000000088400000, 0x0000000088500000, 0x0000000088500000|100%| O|  |TAMS 0x0000000088400000, 0x0000000088400000| Untracked 
| 133|0x0000000088500000, 0x0000000088600000, 0x0000000088600000|100%| O|  |TAMS 0x0000000088500000, 0x0000000088500000| Untracked 
| 134|0x0000000088600000, 0x0000000088700000, 0x0000000088700000|100%|HS|  |TAMS 0x0000000088600000, 0x0000000088600000| Complete 
| 135|0x0000000088700000, 0x0000000088800000, 0x0000000088800000|100%|HC|  |TAMS 0x0000000088700000, 0x0000000088700000| Complete 
| 136|0x0000000088800000, 0x0000000088900000, 0x0000000088900000|100%|HC|  |TAMS 0x0000000088800000, 0x0000000088800000| Complete 
| 137|0x0000000088900000, 0x0000000088a00000, 0x0000000088a00000|100%|HC|  |TAMS 0x0000000088900000, 0x0000000088900000| Complete 
| 138|0x0000000088a00000, 0x0000000088b00000, 0x0000000088b00000|100%|HC|  |TAMS 0x0000000088a00000, 0x0000000088a00000| Complete 
| 139|0x0000000088b00000, 0x0000000088c00000, 0x0000000088c00000|100%|HC|  |TAMS 0x0000000088b00000, 0x0000000088b00000| Complete 
| 140|0x0000000088c00000, 0x0000000088d00000, 0x0000000088d00000|100%| O|  |TAMS 0x0000000088c00000, 0x0000000088c00000| Untracked 
| 141|0x0000000088d00000, 0x0000000088e00000, 0x0000000088e00000|100%| O|  |TAMS 0x0000000088d00000, 0x0000000088d00000| Untracked 
| 142|0x0000000088e00000, 0x0000000088f00000, 0x0000000088f00000|100%| O|  |TAMS 0x0000000088e00000, 0x0000000088e00000| Untracked 
| 143|0x0000000088f00000, 0x0000000089000000, 0x0000000089000000|100%| O|  |TAMS 0x0000000088f00000, 0x0000000088f00000| Untracked 
| 144|0x0000000089000000, 0x0000000089100000, 0x0000000089100000|100%| O|  |TAMS 0x0000000089000000, 0x0000000089000000| Untracked 
| 145|0x0000000089100000, 0x0000000089200000, 0x0000000089200000|100%| O|  |TAMS 0x0000000089100000, 0x0000000089100000| Untracked 
| 146|0x0000000089200000, 0x0000000089300000, 0x0000000089300000|100%| O|  |TAMS 0x0000000089200000, 0x0000000089200000| Untracked 
| 147|0x0000000089300000, 0x0000000089370c00, 0x0000000089400000| 44%| O|  |TAMS 0x0000000089300000, 0x0000000089300000| Untracked 
| 148|0x0000000089400000, 0x0000000089400000, 0x0000000089500000|  0%| F|  |TAMS 0x0000000089400000, 0x0000000089400000| Untracked 
| 149|0x0000000089500000, 0x0000000089500000, 0x0000000089600000|  0%| F|  |TAMS 0x0000000089500000, 0x0000000089500000| Untracked 
| 150|0x0000000089600000, 0x0000000089600000, 0x0000000089700000|  0%| F|  |TAMS 0x0000000089600000, 0x0000000089600000| Untracked 
| 151|0x0000000089700000, 0x0000000089700000, 0x0000000089800000|  0%| F|  |TAMS 0x0000000089700000, 0x0000000089700000| Untracked 
| 152|0x0000000089800000, 0x0000000089800000, 0x0000000089900000|  0%| F|  |TAMS 0x0000000089800000, 0x0000000089800000| Untracked 
| 153|0x0000000089900000, 0x0000000089900000, 0x0000000089a00000|  0%| F|  |TAMS 0x0000000089900000, 0x0000000089900000| Untracked 
| 154|0x0000000089a00000, 0x0000000089a00000, 0x0000000089b00000|  0%| F|  |TAMS 0x0000000089a00000, 0x0000000089a00000| Untracked 
| 155|0x0000000089b00000, 0x0000000089b00000, 0x0000000089c00000|  0%| F|  |TAMS 0x0000000089b00000, 0x0000000089b00000| Untracked 
| 156|0x0000000089c00000, 0x0000000089c00000, 0x0000000089d00000|  0%| F|  |TAMS 0x0000000089c00000, 0x0000000089c00000| Untracked 
| 157|0x0000000089d00000, 0x0000000089d00000, 0x0000000089e00000|  0%| F|  |TAMS 0x0000000089d00000, 0x0000000089d00000| Untracked 
| 158|0x0000000089e00000, 0x0000000089e00000, 0x0000000089f00000|  0%| F|  |TAMS 0x0000000089e00000, 0x0000000089e00000| Untracked 
| 159|0x0000000089f00000, 0x0000000089f00000, 0x000000008a000000|  0%| F|  |TAMS 0x0000000089f00000, 0x0000000089f00000| Untracked 
| 160|0x000000008a000000, 0x000000008a000000, 0x000000008a100000|  0%| F|  |TAMS 0x000000008a000000, 0x000000008a000000| Untracked 
| 161|0x000000008a100000, 0x000000008a100000, 0x000000008a200000|  0%| F|  |TAMS 0x000000008a100000, 0x000000008a100000| Untracked 
| 162|0x000000008a200000, 0x000000008a200000, 0x000000008a300000|  0%| F|  |TAMS 0x000000008a200000, 0x000000008a200000| Untracked 
| 163|0x000000008a300000, 0x000000008a300000, 0x000000008a400000|  0%| F|  |TAMS 0x000000008a300000, 0x000000008a300000| Untracked 
| 164|0x000000008a400000, 0x000000008a400000, 0x000000008a500000|  0%| F|  |TAMS 0x000000008a400000, 0x000000008a400000| Untracked 
| 165|0x000000008a500000, 0x000000008a500000, 0x000000008a600000|  0%| F|  |TAMS 0x000000008a500000, 0x000000008a500000| Untracked 
| 166|0x000000008a600000, 0x000000008a600000, 0x000000008a700000|  0%| F|  |TAMS 0x000000008a600000, 0x000000008a600000| Untracked 
| 167|0x000000008a700000, 0x000000008a700000, 0x000000008a800000|  0%| F|  |TAMS 0x000000008a700000, 0x000000008a700000| Untracked 
| 168|0x000000008a800000, 0x000000008a800000, 0x000000008a900000|  0%| F|  |TAMS 0x000000008a800000, 0x000000008a800000| Untracked 
| 169|0x000000008a900000, 0x000000008a900000, 0x000000008aa00000|  0%| F|  |TAMS 0x000000008a900000, 0x000000008a900000| Untracked 
| 170|0x000000008aa00000, 0x000000008aa00000, 0x000000008ab00000|  0%| F|  |TAMS 0x000000008aa00000, 0x000000008aa00000| Untracked 
| 171|0x000000008ab00000, 0x000000008ab00000, 0x000000008ac00000|  0%| F|  |TAMS 0x000000008ab00000, 0x000000008ab00000| Untracked 
| 172|0x000000008ac00000, 0x000000008ac00000, 0x000000008ad00000|  0%| F|  |TAMS 0x000000008ac00000, 0x000000008ac00000| Untracked 
| 173|0x000000008ad00000, 0x000000008ad00000, 0x000000008ae00000|  0%| F|  |TAMS 0x000000008ad00000, 0x000000008ad00000| Untracked 
| 174|0x000000008ae00000, 0x000000008ae00000, 0x000000008af00000|  0%| F|  |TAMS 0x000000008ae00000, 0x000000008ae00000| Untracked 
| 175|0x000000008af00000, 0x000000008af00000, 0x000000008b000000|  0%| F|  |TAMS 0x000000008af00000, 0x000000008af00000| Untracked 
| 176|0x000000008b000000, 0x000000008b000000, 0x000000008b100000|  0%| F|  |TAMS 0x000000008b000000, 0x000000008b000000| Untracked 
| 177|0x000000008b100000, 0x000000008b100000, 0x000000008b200000|  0%| F|  |TAMS 0x000000008b100000, 0x000000008b100000| Untracked 
| 178|0x000000008b200000, 0x000000008b200000, 0x000000008b300000|  0%| F|  |TAMS 0x000000008b200000, 0x000000008b200000| Untracked 
| 179|0x000000008b300000, 0x000000008b300000, 0x000000008b400000|  0%| F|  |TAMS 0x000000008b300000, 0x000000008b300000| Untracked 
| 180|0x000000008b400000, 0x000000008b400000, 0x000000008b500000|  0%| F|  |TAMS 0x000000008b400000, 0x000000008b400000| Untracked 
| 181|0x000000008b500000, 0x000000008b500000, 0x000000008b600000|  0%| F|  |TAMS 0x000000008b500000, 0x000000008b500000| Untracked 
| 182|0x000000008b600000, 0x000000008b600000, 0x000000008b700000|  0%| F|  |TAMS 0x000000008b600000, 0x000000008b600000| Untracked 
| 183|0x000000008b700000, 0x000000008b700000, 0x000000008b800000|  0%| F|  |TAMS 0x000000008b700000, 0x000000008b700000| Untracked 
| 184|0x000000008b800000, 0x000000008b800000, 0x000000008b900000|  0%| F|  |TAMS 0x000000008b800000, 0x000000008b800000| Untracked 
| 185|0x000000008b900000, 0x000000008b900000, 0x000000008ba00000|  0%| F|  |TAMS 0x000000008b900000, 0x000000008b900000| Untracked 
| 186|0x000000008ba00000, 0x000000008ba00000, 0x000000008bb00000|  0%| F|  |TAMS 0x000000008ba00000, 0x000000008ba00000| Untracked 
| 187|0x000000008bb00000, 0x000000008bb00000, 0x000000008bc00000|  0%| F|  |TAMS 0x000000008bb00000, 0x000000008bb00000| Untracked 
| 188|0x000000008bc00000, 0x000000008bc00000, 0x000000008bd00000|  0%| F|  |TAMS 0x000000008bc00000, 0x000000008bc00000| Untracked 
| 189|0x000000008bd00000, 0x000000008bd00000, 0x000000008be00000|  0%| F|  |TAMS 0x000000008bd00000, 0x000000008bd00000| Untracked 
| 190|0x000000008be00000, 0x000000008be00000, 0x000000008bf00000|  0%| F|  |TAMS 0x000000008be00000, 0x000000008be00000| Untracked 
| 191|0x000000008bf00000, 0x000000008bf00000, 0x000000008c000000|  0%| F|  |TAMS 0x000000008bf00000, 0x000000008bf00000| Untracked 
| 192|0x000000008c000000, 0x000000008c000000, 0x000000008c100000|  0%| F|  |TAMS 0x000000008c000000, 0x000000008c000000| Untracked 
| 193|0x000000008c100000, 0x000000008c100000, 0x000000008c200000|  0%| F|  |TAMS 0x000000008c100000, 0x000000008c100000| Untracked 
| 194|0x000000008c200000, 0x000000008c200000, 0x000000008c300000|  0%| F|  |TAMS 0x000000008c200000, 0x000000008c200000| Untracked 
| 195|0x000000008c300000, 0x000000008c300000, 0x000000008c400000|  0%| F|  |TAMS 0x000000008c300000, 0x000000008c300000| Untracked 
| 196|0x000000008c400000, 0x000000008c400000, 0x000000008c500000|  0%| F|  |TAMS 0x000000008c400000, 0x000000008c400000| Untracked 
| 197|0x000000008c500000, 0x000000008c500000, 0x000000008c600000|  0%| F|  |TAMS 0x000000008c500000, 0x000000008c500000| Untracked 
| 198|0x000000008c600000, 0x000000008c600000, 0x000000008c700000|  0%| F|  |TAMS 0x000000008c600000, 0x000000008c600000| Untracked 
| 199|0x000000008c700000, 0x000000008c700000, 0x000000008c800000|  0%| F|  |TAMS 0x000000008c700000, 0x000000008c700000| Untracked 
| 200|0x000000008c800000, 0x000000008c800000, 0x000000008c900000|  0%| F|  |TAMS 0x000000008c800000, 0x000000008c800000| Untracked 
| 201|0x000000008c900000, 0x000000008c900000, 0x000000008ca00000|  0%| F|  |TAMS 0x000000008c900000, 0x000000008c900000| Untracked 
| 202|0x000000008ca00000, 0x000000008ca00000, 0x000000008cb00000|  0%| F|  |TAMS 0x000000008ca00000, 0x000000008ca00000| Untracked 
| 203|0x000000008cb00000, 0x000000008cb00000, 0x000000008cc00000|  0%| F|  |TAMS 0x000000008cb00000, 0x000000008cb00000| Untracked 
| 204|0x000000008cc00000, 0x000000008cc00000, 0x000000008cd00000|  0%| F|  |TAMS 0x000000008cc00000, 0x000000008cc00000| Untracked 
| 205|0x000000008cd00000, 0x000000008cd00000, 0x000000008ce00000|  0%| F|  |TAMS 0x000000008cd00000, 0x000000008cd00000| Untracked 
| 206|0x000000008ce00000, 0x000000008ce00000, 0x000000008cf00000|  0%| F|  |TAMS 0x000000008ce00000, 0x000000008ce00000| Untracked 
| 207|0x000000008cf00000, 0x000000008cf00000, 0x000000008d000000|  0%| F|  |TAMS 0x000000008cf00000, 0x000000008cf00000| Untracked 
| 208|0x000000008d000000, 0x000000008d000000, 0x000000008d100000|  0%| F|  |TAMS 0x000000008d000000, 0x000000008d000000| Untracked 
| 209|0x000000008d100000, 0x000000008d100000, 0x000000008d200000|  0%| F|  |TAMS 0x000000008d100000, 0x000000008d100000| Untracked 
| 210|0x000000008d200000, 0x000000008d200000, 0x000000008d300000|  0%| F|  |TAMS 0x000000008d200000, 0x000000008d200000| Untracked 
| 211|0x000000008d300000, 0x000000008d300000, 0x000000008d400000|  0%| F|  |TAMS 0x000000008d300000, 0x000000008d300000| Untracked 
| 212|0x000000008d400000, 0x000000008d400000, 0x000000008d500000|  0%| F|  |TAMS 0x000000008d400000, 0x000000008d400000| Untracked 
| 213|0x000000008d500000, 0x000000008d500000, 0x000000008d600000|  0%| F|  |TAMS 0x000000008d500000, 0x000000008d500000| Untracked 
| 214|0x000000008d600000, 0x000000008d600000, 0x000000008d700000|  0%| F|  |TAMS 0x000000008d600000, 0x000000008d600000| Untracked 
| 215|0x000000008d700000, 0x000000008d700000, 0x000000008d800000|  0%| F|  |TAMS 0x000000008d700000, 0x000000008d700000| Untracked 
| 216|0x000000008d800000, 0x000000008d800000, 0x000000008d900000|  0%| F|  |TAMS 0x000000008d800000, 0x000000008d800000| Untracked 
| 217|0x000000008d900000, 0x000000008d900000, 0x000000008da00000|  0%| F|  |TAMS 0x000000008d900000, 0x000000008d900000| Untracked 
| 218|0x000000008da00000, 0x000000008da00000, 0x000000008db00000|  0%| F|  |TAMS 0x000000008da00000, 0x000000008da00000| Untracked 
| 219|0x000000008db00000, 0x000000008db00000, 0x000000008dc00000|  0%| F|  |TAMS 0x000000008db00000, 0x000000008db00000| Untracked 
| 220|0x000000008dc00000, 0x000000008dc00000, 0x000000008dd00000|  0%| F|  |TAMS 0x000000008dc00000, 0x000000008dc00000| Untracked 
| 221|0x000000008dd00000, 0x000000008dd00000, 0x000000008de00000|  0%| F|  |TAMS 0x000000008dd00000, 0x000000008dd00000| Untracked 
| 222|0x000000008de00000, 0x000000008de00000, 0x000000008df00000|  0%| F|  |TAMS 0x000000008de00000, 0x000000008de00000| Untracked 
| 223|0x000000008df00000, 0x000000008df00000, 0x000000008e000000|  0%| F|  |TAMS 0x000000008df00000, 0x000000008df00000| Untracked 
| 224|0x000000008e000000, 0x000000008e000000, 0x000000008e100000|  0%| F|  |TAMS 0x000000008e000000, 0x000000008e000000| Untracked 
| 225|0x000000008e100000, 0x000000008e100000, 0x000000008e200000|  0%| F|  |TAMS 0x000000008e100000, 0x000000008e100000| Untracked 
| 226|0x000000008e200000, 0x000000008e200000, 0x000000008e300000|  0%| F|  |TAMS 0x000000008e200000, 0x000000008e200000| Untracked 
| 227|0x000000008e300000, 0x000000008e300000, 0x000000008e400000|  0%| F|  |TAMS 0x000000008e300000, 0x000000008e300000| Untracked 
| 228|0x000000008e400000, 0x000000008e400000, 0x000000008e500000|  0%| F|  |TAMS 0x000000008e400000, 0x000000008e400000| Untracked 
| 229|0x000000008e500000, 0x000000008e500000, 0x000000008e600000|  0%| F|  |TAMS 0x000000008e500000, 0x000000008e500000| Untracked 
| 230|0x000000008e600000, 0x000000008e600000, 0x000000008e700000|  0%| F|  |TAMS 0x000000008e600000, 0x000000008e600000| Untracked 
| 231|0x000000008e700000, 0x000000008e700000, 0x000000008e800000|  0%| F|  |TAMS 0x000000008e700000, 0x000000008e700000| Untracked 
| 232|0x000000008e800000, 0x000000008e800000, 0x000000008e900000|  0%| F|  |TAMS 0x000000008e800000, 0x000000008e800000| Untracked 
| 233|0x000000008e900000, 0x000000008e900000, 0x000000008ea00000|  0%| F|  |TAMS 0x000000008e900000, 0x000000008e900000| Untracked 
| 234|0x000000008ea00000, 0x000000008ea00000, 0x000000008eb00000|  0%| F|  |TAMS 0x000000008ea00000, 0x000000008ea00000| Untracked 
| 235|0x000000008eb00000, 0x000000008eb00000, 0x000000008ec00000|  0%| F|  |TAMS 0x000000008eb00000, 0x000000008eb00000| Untracked 
| 236|0x000000008ec00000, 0x000000008ec00000, 0x000000008ed00000|  0%| F|  |TAMS 0x000000008ec00000, 0x000000008ec00000| Untracked 
| 237|0x000000008ed00000, 0x000000008ee00000, 0x000000008ee00000|100%| S|CS|TAMS 0x000000008ed00000, 0x000000008ed00000| Complete 
| 238|0x000000008ee00000, 0x000000008ee00000, 0x000000008ef00000|  0%| F|  |TAMS 0x000000008ee00000, 0x000000008ee00000| Untracked 
| 239|0x000000008ef00000, 0x000000008ef00000, 0x000000008f000000|  0%| F|  |TAMS 0x000000008ef00000, 0x000000008ef00000| Untracked 
| 240|0x000000008f000000, 0x000000008f000000, 0x000000008f100000|  0%| F|  |TAMS 0x000000008f000000, 0x000000008f000000| Untracked 
| 241|0x000000008f100000, 0x000000008f100000, 0x000000008f200000|  0%| F|  |TAMS 0x000000008f100000, 0x000000008f100000| Untracked 
| 242|0x000000008f200000, 0x000000008f200000, 0x000000008f300000|  0%| F|  |TAMS 0x000000008f200000, 0x000000008f200000| Untracked 
| 243|0x000000008f300000, 0x000000008f300000, 0x000000008f400000|  0%| F|  |TAMS 0x000000008f300000, 0x000000008f300000| Untracked 

Card table byte_map: [0x000001b2ad350000,0x000001b2ad750000] _byte_map_base: 0x000001b2acf50000

Marking Bits (Prev, Next): (CMBitMap*) 0x000001b29aad90b0, (CMBitMap*) 0x000001b29aad90f0
 Prev Bits: [0x000001b2adb50000, 0x000001b2afb50000)
 Next Bits: [0x000001b2afb50000, 0x000001b2b1b50000)

Polling page: 0x000001b29a250000

Metaspace:

Usage:
  Non-class:     87.29 MB used.
      Class:     13.48 MB used.
       Both:    100.77 MB used.

Virtual space:
  Non-class space:       88.00 MB reserved,      87.69 MB (>99%) committed,  11 nodes.
      Class space:        1.00 GB reserved,      13.81 MB (  1%) committed,  1 nodes.
             Both:        1.09 GB reserved,     101.50 MB (  9%) committed. 

Chunk freelists:
   Non-Class:  128.00 KB
       Class:  2.22 MB
        Both:  2.34 MB

MaxMetaspaceSize: unlimited
CompressedClassSpaceSize: 1.00 GB
Initial GC threshold: 21.00 MB
Current GC threshold: 161.56 MB
CDS: off
MetaspaceReclaimPolicy: balanced
 - commit_granule_bytes: 65536.
 - commit_granule_words: 8192.
 - virtual_space_node_default_size: 1048576.
 - enlarge_chunks_in_place: 1.
 - new_chunks_are_fully_committed: 0.
 - uncommit_free_chunks: 1.
 - use_allocation_guard: 0.
 - handle_deallocations: 1.


Internal statistics:

num_allocs_failed_limit: 3.
num_arena_births: 956.
num_arena_deaths: 0.
num_vsnodes_births: 12.
num_vsnodes_deaths: 0.
num_space_committed: 1622.
num_space_uncommitted: 0.
num_chunks_returned_to_freelist: 3.
num_chunks_taken_from_freelist: 4519.
num_chunk_merges: 3.
num_chunk_splits: 3222.
num_chunks_enlarged: 2398.
num_purges: 0.
num_inconsistent_stats: 0.

CodeHeap 'non-profiled nmethods': size=120064Kb used=4909Kb max_used=4909Kb free=115154Kb
 bounds [0x000001b2a5a10000, 0x000001b2a5ee0000, 0x000001b2acf50000]
CodeHeap 'profiled nmethods': size=120000Kb used=16851Kb max_used=16851Kb free=103149Kb
 bounds [0x000001b29df50000, 0x000001b29efd0000, 0x000001b2a5480000]
CodeHeap 'non-nmethods': size=5696Kb used=2408Kb max_used=2443Kb free=3287Kb
 bounds [0x000001b2a5480000, 0x000001b2a56f0000, 0x000001b2a5a10000]
 total_blobs=9416 nmethods=8469 adapters=859
 compilation: enabled
              stopped_count=0, restarted_count=0
 full_count=0

Compilation events (20 events):
Event: 49.806 Thread 0x000001b2b480c940 nmethod 9348 0x000001b29efc3810 code [0x000001b29efc39c0, 0x000001b29efc3b48]
Event: 49.824 Thread 0x000001b2b480c940 9349       1       kotlin.collections.EmptyList::isEmpty (2 bytes)
Event: 49.824 Thread 0x000001b2b480c940 nmethod 9349 0x000001b2a5ece610 code [0x000001b2a5ece7a0, 0x000001b2a5ece878]
Event: 50.139 Thread 0x000001b2b480bf90 nmethod 9329 0x000001b2a5ece910 code [0x000001b2a5ecf100, 0x000001b2a5ed4ec8]
Event: 50.142 Thread 0x000001b2b480bf90 9332       4       java.util.LinkedHashMap::valuesToArray (38 bytes)
Event: 50.145 Thread 0x000001b2b480bf90 nmethod 9332 0x000001b2a5ed8610 code [0x000001b2a5ed87a0, 0x000001b2a5ed8978]
Event: 50.166 Thread 0x000001b2b480bf90 9350       4       java.lang.PublicMethods::toArray (76 bytes)
Event: 50.181 Thread 0x000001b2b480bf90 nmethod 9350 0x000001b2a5ed8a90 code [0x000001b2a5ed8c40, 0x000001b2a5ed9238]
Event: 50.197 Thread 0x000001b2b480c940 9351       3       kotlin.SynchronizedLazyImpl::<init> (34 bytes)
Event: 50.198 Thread 0x000001b2b480c940 nmethod 9351 0x000001b29efc3c10 code [0x000001b29efc3e40, 0x000001b29efc45b8]
Event: 50.210 Thread 0x000001b2b480bf90 9352       4       java.util.ArrayList::grow (60 bytes)
Event: 50.218 Thread 0x000001b2b480bf90 nmethod 9352 0x000001b2a5ed9690 code [0x000001b2a5ed9820, 0x000001b2a5ed9e38]
Event: 50.244 Thread 0x000001b2b480bf90 9353       4       sun.reflect.generics.factory.CoreReflectionFactory::getDeclsLoader (85 bytes)
Event: 50.247 Thread 0x000001b2b480bf90 nmethod 9353 0x000001b2a5eda010 code [0x000001b2a5eda1a0, 0x000001b2a5eda2f8]
Event: 50.247 Thread 0x000001b2b480bf90 9354   !   4       sun.reflect.generics.factory.CoreReflectionFactory::makeNamedType (21 bytes)
Event: 50.260 Thread 0x000001b2b480bf90 nmethod 9354 0x000001b2a5eda490 code [0x000001b2a5eda660, 0x000001b2a5edadd8]
Event: 50.265 Thread 0x000001b2b480bf90 9355       4       java.util.LinkedHashMap::valuesToArray (38 bytes)
Event: 50.271 Thread 0x000001b2b480bf90 nmethod 9355 0x000001b2a5edb190 code [0x000001b2a5edb320, 0x000001b2a5edb4f8]
Event: 50.273 Thread 0x000001b2b480c940 9356       3       java.lang.ref.SoftReference::get (29 bytes)
Event: 50.273 Thread 0x000001b2b480c940 nmethod 9356 0x000001b29efc4810 code [0x000001b29efc49a0, 0x000001b29efc4b78]

GC Heap History (20 events):
Event: 35.217 GC heap after
{Heap after GC invocations=54 (full 0):
 garbage-first heap   total 176128K, used 98697K [0x0000000080000000, 0x0000000100000000)
  region size 1024K, 4 young (4096K), 4 survivors (4096K)
 Metaspace       used 77319K, committed 78016K, reserved 1122304K
  class space    used 10742K, committed 11072K, reserved 1048576K
}
Event: 36.800 GC heap before
{Heap before GC invocations=55 (full 0):
 garbage-first heap   total 176128K, used 132489K [0x0000000080000000, 0x0000000100000000)
  region size 1024K, 37 young (37888K), 4 survivors (4096K)
 Metaspace       used 81528K, committed 82240K, reserved 1122304K
  class space    used 11317K, committed 11648K, reserved 1048576K
}
Event: 36.817 GC heap after
{Heap after GC invocations=56 (full 0):
 garbage-first heap   total 176128K, used 101380K [0x0000000080000000, 0x0000000100000000)
  region size 1024K, 5 young (5120K), 5 survivors (5120K)
 Metaspace       used 81528K, committed 82240K, reserved 1122304K
  class space    used 11317K, committed 11648K, reserved 1048576K
}
Event: 39.016 GC heap before
{Heap before GC invocations=56 (full 0):
 garbage-first heap   total 176128K, used 136196K [0x0000000080000000, 0x0000000100000000)
  region size 1024K, 39 young (39936K), 5 survivors (5120K)
 Metaspace       used 83667K, committed 84352K, reserved 1122304K
  class space    used 11588K, committed 11904K, reserved 1048576K
}
Event: 39.037 GC heap after
{Heap after GC invocations=57 (full 0):
 garbage-first heap   total 176128K, used 103792K [0x0000000080000000, 0x0000000100000000)
  region size 1024K, 5 young (5120K), 5 survivors (5120K)
 Metaspace       used 83667K, committed 84352K, reserved 1122304K
  class space    used 11588K, committed 11904K, reserved 1048576K
}
Event: 40.327 GC heap before
{Heap before GC invocations=58 (full 0):
 garbage-first heap   total 178176K, used 129392K [0x0000000080000000, 0x0000000100000000)
  region size 1024K, 31 young (31744K), 5 survivors (5120K)
 Metaspace       used 87812K, committed 88512K, reserved 1130496K
  class space    used 12112K, committed 12416K, reserved 1048576K
}
Event: 40.365 GC heap after
{Heap after GC invocations=59 (full 0):
 garbage-first heap   total 178176K, used 104715K [0x0000000080000000, 0x0000000100000000)
  region size 1024K, 4 young (4096K), 4 survivors (4096K)
 Metaspace       used 87812K, committed 88512K, reserved 1130496K
  class space    used 12112K, committed 12416K, reserved 1048576K
}
Event: 43.289 GC heap before
{Heap before GC invocations=60 (full 0):
 garbage-first heap   total 183296K, used 145675K [0x0000000080000000, 0x0000000100000000)
  region size 1024K, 41 young (41984K), 4 survivors (4096K)
 Metaspace       used 93761K, committed 94528K, reserved 1130496K
  class space    used 12867K, committed 13184K, reserved 1048576K
}
Event: 43.306 GC heap after
{Heap after GC invocations=61 (full 0):
 garbage-first heap   total 183296K, used 110307K [0x0000000080000000, 0x0000000100000000)
  region size 1024K, 3 young (3072K), 3 survivors (3072K)
 Metaspace       used 93761K, committed 94528K, reserved 1130496K
  class space    used 12867K, committed 13184K, reserved 1048576K
}
Event: 44.297 GC heap before
{Heap before GC invocations=62 (full 0):
 garbage-first heap   total 199680K, used 155363K [0x0000000080000000, 0x0000000100000000)
  region size 1024K, 41 young (41984K), 3 survivors (3072K)
 Metaspace       used 93932K, committed 94656K, reserved 1130496K
  class space    used 12876K, committed 13184K, reserved 1048576K
}
Event: 44.344 GC heap after
{Heap after GC invocations=63 (full 0):
 garbage-first heap   total 199680K, used 121233K [0x0000000080000000, 0x0000000100000000)
  region size 1024K, 6 young (6144K), 6 survivors (6144K)
 Metaspace       used 93932K, committed 94656K, reserved 1130496K
  class space    used 12876K, committed 13184K, reserved 1048576K
}
Event: 45.092 GC heap before
{Heap before GC invocations=63 (full 0):
 garbage-first heap   total 199680K, used 159121K [0x0000000080000000, 0x0000000100000000)
  region size 1024K, 43 young (44032K), 6 survivors (6144K)
 Metaspace       used 93936K, committed 94656K, reserved 1130496K
  class space    used 12876K, committed 13184K, reserved 1048576K
}
Event: 45.158 GC heap after
{Heap after GC invocations=64 (full 0):
 garbage-first heap   total 199680K, used 133040K [0x0000000080000000, 0x0000000100000000)
  region size 1024K, 6 young (6144K), 6 survivors (6144K)
 Metaspace       used 93936K, committed 94656K, reserved 1130496K
  class space    used 12876K, committed 13184K, reserved 1048576K
}
Event: 46.563 GC heap before
{Heap before GC invocations=65 (full 0):
 garbage-first heap   total 224256K, used 159664K [0x0000000080000000, 0x0000000100000000)
  region size 1024K, 32 young (32768K), 6 survivors (6144K)
 Metaspace       used 95672K, committed 96448K, reserved 1138688K
  class space    used 13086K, committed 13440K, reserved 1048576K
}
Event: 46.593 GC heap after
{Heap after GC invocations=66 (full 0):
 garbage-first heap   total 224256K, used 137136K [0x0000000080000000, 0x0000000100000000)
  region size 1024K, 4 young (4096K), 4 survivors (4096K)
 Metaspace       used 95672K, committed 96448K, reserved 1138688K
  class space    used 13086K, committed 13440K, reserved 1048576K
}
Event: 47.338 GC heap before
{Heap before GC invocations=66 (full 0):
 garbage-first heap   total 224256K, used 155568K [0x0000000080000000, 0x0000000100000000)
  region size 1024K, 23 young (23552K), 4 survivors (4096K)
 Metaspace       used 98290K, committed 99072K, reserved 1138688K
  class space    used 13375K, committed 13696K, reserved 1048576K
}
Event: 47.354 GC heap after
{Heap after GC invocations=67 (full 0):
 garbage-first heap   total 224256K, used 138905K [0x0000000080000000, 0x0000000100000000)
  region size 1024K, 2 young (2048K), 2 survivors (2048K)
 Metaspace       used 98290K, committed 99072K, reserved 1138688K
  class space    used 13375K, committed 13696K, reserved 1048576K
}
Event: 49.538 GC heap before
{Heap before GC invocations=68 (full 0):
 garbage-first heap   total 249856K, used 187033K [0x0000000080000000, 0x0000000100000000)
  region size 1024K, 43 young (44032K), 2 survivors (2048K)
 Metaspace       used 102090K, committed 102848K, reserved 1138688K
  class space    used 13738K, committed 14080K, reserved 1048576K
}
Event: 49.584 GC heap after
{Heap after GC invocations=69 (full 0):
 garbage-first heap   total 249856K, used 150241K [0x0000000080000000, 0x0000000100000000)
  region size 1024K, 6 young (6144K), 6 survivors (6144K)
 Metaspace       used 102090K, committed 102848K, reserved 1138688K
  class space    used 13738K, committed 14080K, reserved 1048576K
}
Event: 50.282 GC heap before
{Heap before GC invocations=69 (full 0):
 garbage-first heap   total 249856K, used 155361K [0x0000000080000000, 0x0000000100000000)
  region size 1024K, 12 young (12288K), 6 survivors (6144K)
 Metaspace       used 103186K, committed 103936K, reserved 1138688K
  class space    used 13805K, committed 14144K, reserved 1048576K
}

Dll operation events (2 events):
Event: 0.015 Loaded shared library C:\Program Files\Android\Android Studio\jbr\bin\java.dll
Event: 1.135 Loaded shared library C:\Program Files\Android\Android Studio\jbr\bin\verify.dll

Deoptimization events (20 events):
Event: 50.164 Thread 0x000001b2b63537f0 Uncommon trap: trap_request=0xffffff76 fr.pc=0x000001b2a5ed893c relative=0x000000000000019c
Event: 50.164 Thread 0x000001b2b63537f0 Uncommon trap: reason=predicate action=maybe_recompile pc=0x000001b2a5ed893c method=java.util.LinkedHashMap.valuesToArray([Ljava/lang/Object;)[Ljava/lang/Object; @ 12 c2
Event: 50.164 Thread 0x000001b2b63537f0 DEOPT PACKING pc=0x000001b2a5ed893c sp=0x00000045176f42d0
Event: 50.164 Thread 0x000001b2b63537f0 DEOPT UNPACKING pc=0x000001b2a54d69a3 sp=0x00000045176f4288 mode 2
Event: 50.273 Thread 0x000001b2b63537f0 Uncommon trap: trap_request=0xffffffbe fr.pc=0x000001b2a5edb4c0 relative=0x00000000000001a0
Event: 50.273 Thread 0x000001b2b63537f0 Uncommon trap: reason=profile_predicate action=maybe_recompile pc=0x000001b2a5edb4c0 method=java.util.LinkedHashMap.valuesToArray([Ljava/lang/Object;)[Ljava/lang/Object; @ 12 c2
Event: 50.273 Thread 0x000001b2b63537f0 DEOPT PACKING pc=0x000001b2a5edb4c0 sp=0x00000045176f43a0
Event: 50.273 Thread 0x000001b2b63537f0 DEOPT UNPACKING pc=0x000001b2a54d69a3 sp=0x00000045176f4358 mode 2
Event: 50.273 Thread 0x000001b2b63537f0 Uncommon trap: trap_request=0xffffffbe fr.pc=0x000001b2a5edb4c0 relative=0x00000000000001a0
Event: 50.273 Thread 0x000001b2b63537f0 Uncommon trap: reason=profile_predicate action=maybe_recompile pc=0x000001b2a5edb4c0 method=java.util.LinkedHashMap.valuesToArray([Ljava/lang/Object;)[Ljava/lang/Object; @ 12 c2
Event: 50.273 Thread 0x000001b2b63537f0 DEOPT PACKING pc=0x000001b2a5edb4c0 sp=0x00000045176f43a0
Event: 50.273 Thread 0x000001b2b63537f0 DEOPT UNPACKING pc=0x000001b2a54d69a3 sp=0x00000045176f4358 mode 2
Event: 50.273 Thread 0x000001b2b63537f0 Uncommon trap: trap_request=0xffffffbe fr.pc=0x000001b2a5edb4c0 relative=0x00000000000001a0
Event: 50.273 Thread 0x000001b2b63537f0 Uncommon trap: reason=profile_predicate action=maybe_recompile pc=0x000001b2a5edb4c0 method=java.util.LinkedHashMap.valuesToArray([Ljava/lang/Object;)[Ljava/lang/Object; @ 12 c2
Event: 50.273 Thread 0x000001b2b63537f0 DEOPT PACKING pc=0x000001b2a5edb4c0 sp=0x00000045176f43a0
Event: 50.273 Thread 0x000001b2b63537f0 DEOPT UNPACKING pc=0x000001b2a54d69a3 sp=0x00000045176f4358 mode 2
Event: 50.274 Thread 0x000001b2b63537f0 Uncommon trap: trap_request=0xffffffbe fr.pc=0x000001b2a5edb4c0 relative=0x00000000000001a0
Event: 50.274 Thread 0x000001b2b63537f0 Uncommon trap: reason=profile_predicate action=maybe_recompile pc=0x000001b2a5edb4c0 method=java.util.LinkedHashMap.valuesToArray([Ljava/lang/Object;)[Ljava/lang/Object; @ 12 c2
Event: 50.274 Thread 0x000001b2b63537f0 DEOPT PACKING pc=0x000001b2a5edb4c0 sp=0x00000045176f42d0
Event: 50.274 Thread 0x000001b2b63537f0 DEOPT UNPACKING pc=0x000001b2a54d69a3 sp=0x00000045176f4288 mode 2

Classes unloaded (0 events):
No events

Classes redefined (0 events):
No events

Internal exceptions (20 events):
Event: 34.959 Thread 0x000001b2b63537f0 Exception <a 'java/lang/NoSuchMethodError'{0x00000000890a7d30}: static Lorg/jetbrains/kotlin/gradle/plugin/internal/DefaultBasePluginConfigurationVariantFactory;.<clinit>()V> (0x00000000890a7d30) 
thrown [s\src\hotspot\share\prims\jni.cpp, line 1108]
Event: 34.963 Thread 0x000001b2b63537f0 Exception <a 'java/lang/NoSuchMethodError'{0x00000000890c0970}: static Lorg/jetbrains/kotlin/gradle/plugin/internal/DefaultIdeaSyncDetectorVariantFactory;.<clinit>()V> (0x00000000890c0970) 
thrown [s\src\hotspot\share\prims\jni.cpp, line 1108]
Event: 34.970 Thread 0x000001b2b63537f0 Exception <a 'java/lang/NoSuchMethodError'{0x00000000890da238}: static Lorg/jetbrains/kotlin/gradle/plugin/internal/DefaultKotlinTestReportCompatibilityHelperVariantFactory;.<clinit>()V> (0x00000000890da238) 
thrown [s\src\hotspot\share\prims\jni.cpp, line 1108]
Event: 37.677 Thread 0x000001b2b63537f0 Exception <a 'java/lang/ClassNotFoundException'{0x0000000089feed68}: org/jetbrains/kotlin/gradle/targets/js/npm/DefaultNpmDependencyExtensionBeanInfo> (0x0000000089feed68) 
thrown [s\src\hotspot\share\classfile\systemDictionary.cpp, line 256]
Event: 37.678 Thread 0x000001b2b63537f0 Exception <a 'java/lang/ClassNotFoundException'{0x0000000089ffb4b8}: org/jetbrains/kotlin/gradle/targets/js/npm/DefaultNpmDependencyExtensionCustomizer> (0x0000000089ffb4b8) 
thrown [s\src\hotspot\share\classfile\systemDictionary.cpp, line 256]
Event: 37.692 Thread 0x000001b2b63537f0 Exception <a 'java/lang/ClassNotFoundException'{0x0000000089e64278}: org/jetbrains/kotlin/gradle/targets/js/npm/NpmDependencyExtensionKt$defaultNpmDependencyDelegate$1BeanInfo> (0x0000000089e64278) 
thrown [s\src\hotspot\share\classfile\systemDictionary.cpp, line 256]
Event: 37.693 Thread 0x000001b2b63537f0 Exception <a 'java/lang/ClassNotFoundException'{0x0000000089e70a10}: org/jetbrains/kotlin/gradle/targets/js/npm/NpmDependencyExtensionDelegateBeanInfo> (0x0000000089e70a10) 
thrown [s\src\hotspot\share\classfile\systemDictionary.cpp, line 256]
Event: 37.694 Thread 0x000001b2b63537f0 Exception <a 'java/lang/ClassNotFoundException'{0x0000000089e7d170}: org/jetbrains/kotlin/gradle/targets/js/npm/NpmDependencyExtensionDelegateCustomizer> (0x0000000089e7d170) 
thrown [s\src\hotspot\share\classfile\systemDictionary.cpp, line 256]
Event: 37.696 Thread 0x000001b2b63537f0 Exception <a 'java/lang/ClassNotFoundException'{0x0000000089e9ec50}: org/jetbrains/kotlin/gradle/targets/js/npm/NpmDependencyExtensionKt$defaultNpmDependencyDelegate$1Customizer> (0x0000000089e9ec50) 
thrown [s\src\hotspot\share\classfile\systemDictionary.cpp, line 256]
Event: 37.711 Thread 0x000001b2b63537f0 Exception <a 'java/lang/ClassNotFoundException'{0x0000000089ed4df8}: org/jetbrains/kotlin/gradle/targets/js/npm/DefaultDevNpmDependencyExtensionBeanInfo> (0x0000000089ed4df8) 
thrown [s\src\hotspot\share\classfile\systemDictionary.cpp, line 256]
Event: 37.712 Thread 0x000001b2b63537f0 Exception <a 'java/lang/ClassNotFoundException'{0x0000000089ee1560}: org/jetbrains/kotlin/gradle/targets/js/npm/DefaultDevNpmDependencyExtensionCustomizer> (0x0000000089ee1560) 
thrown [s\src\hotspot\share\classfile\systemDictionary.cpp, line 256]
Event: 37.717 Thread 0x000001b2b63537f0 Exception <a 'java/lang/ClassNotFoundException'{0x0000000089d1ae30}: org/jetbrains/kotlin/gradle/targets/js/npm/DefaultPeerNpmDependencyExtensionBeanInfo> (0x0000000089d1ae30) 
thrown [s\src\hotspot\share\classfile\systemDictionary.cpp, line 256]
Event: 37.718 Thread 0x000001b2b63537f0 Exception <a 'java/lang/ClassNotFoundException'{0x0000000089d275e8}: org/jetbrains/kotlin/gradle/targets/js/npm/DefaultPeerNpmDependencyExtensionCustomizer> (0x0000000089d275e8) 
thrown [s\src\hotspot\share\classfile\systemDictionary.cpp, line 256]
Event: 37.731 Thread 0x000001b2b63537f0 Exception <a 'java/lang/ClassNotFoundException'{0x0000000089d67358}: org/jetbrains/kotlin/gradle/targets/js/npm/DefaultPeerNpmDependencyExtension$delegate$1BeanInfo> (0x0000000089d67358) 
thrown [s\src\hotspot\share\classfile\systemDictionary.cpp, line 256]
Event: 37.733 Thread 0x000001b2b63537f0 Exception <a 'java/lang/ClassNotFoundException'{0x0000000089d73dd8}: org/jetbrains/kotlin/gradle/targets/js/npm/DefaultPeerNpmDependencyExtension$delegate$1Customizer> (0x0000000089d73dd8) 
thrown [s\src\hotspot\share\classfile\systemDictionary.cpp, line 256]
Event: 39.727 Thread 0x000001b2b63537f0 Exception <a 'java/lang/NoSuchMethodError'{0x0000000089e5e4d8}: 'long java.lang.invoke.DirectMethodHandle$Holder.invokeStatic(java.lang.Object)'> (0x0000000089e5e4d8) 
thrown [s\src\hotspot\share\interpreter\linkResolver.cpp, line 771]
Event: 39.728 Thread 0x000001b2b63537f0 Exception <a 'java/lang/NoSuchMethodError'{0x0000000089e63078}: 'long java.lang.invoke.DirectMethodHandle$Holder.invokeStaticInit(java.lang.Object)'> (0x0000000089e63078) 
thrown [s\src\hotspot\share\interpreter\linkResolver.cpp, line 771]
Event: 42.763 Thread 0x000001b2b63537f0 Exception <a 'java/lang/NoSuchMethodError'{0x0000000088b35238}: 'java.lang.Object java.lang.invoke.Invokers$Holder.invoke_MT(java.lang.Object, java.lang.Object, java.lang.Object)'> (0x0000000088b35238) 
thrown [s\src\hotspot\share\interpreter\linkResolver.cpp, line 771]
Event: 44.009 Thread 0x000001b2b63537f0 Implicit null exception at 0x000001b2a5e451d5 to 0x000001b2a5e4708c
Event: 44.035 Thread 0x000001b2b63537f0 Implicit null exception at 0x000001b2a5e49476 to 0x000001b2a5e4a3d4

VM Operations (20 events):
Event: 45.197 Executing VM operation: G1CollectForAllocation done
Event: 45.395 Executing VM operation: G1Concurrent
Event: 45.409 Executing VM operation: G1Concurrent done
Event: 45.494 Executing VM operation: G1Concurrent
Event: 45.496 Executing VM operation: G1Concurrent done
Event: 46.506 Executing VM operation: Cleanup
Event: 46.506 Executing VM operation: Cleanup done
Event: 46.563 Executing VM operation: G1CollectForAllocation
Event: 46.593 Executing VM operation: G1CollectForAllocation done
Event: 47.338 Executing VM operation: G1TryInitiateConcMark
Event: 47.354 Executing VM operation: G1TryInitiateConcMark done
Event: 47.587 Executing VM operation: G1Concurrent
Event: 47.599 Executing VM operation: G1Concurrent done
Event: 47.698 Executing VM operation: G1Concurrent
Event: 47.720 Executing VM operation: G1Concurrent done
Event: 48.742 Executing VM operation: Cleanup
Event: 48.756 Executing VM operation: Cleanup done
Event: 49.538 Executing VM operation: G1CollectForAllocation
Event: 49.601 Executing VM operation: G1CollectForAllocation done
Event: 50.282 Executing VM operation: G1CollectForAllocation

Events (20 events):
Event: 42.684 loading class jdk/internal/misc/ExtendedMapMode
Event: 42.685 loading class jdk/internal/misc/ExtendedMapMode done
Event: 42.764 loading class sun/nio/ch/FileChannelImpl$DefaultUnmapper
Event: 42.764 loading class sun/nio/ch/FileChannelImpl$Unmapper
Event: 42.764 loading class jdk/internal/access/foreign/UnmapperProxy
Event: 42.764 loading class jdk/internal/access/foreign/UnmapperProxy done
Event: 42.764 loading class sun/nio/ch/FileChannelImpl$Unmapper done
Event: 42.764 loading class sun/nio/ch/FileChannelImpl$DefaultUnmapper done
Event: 42.764 loading class sun/nio/ch/Util$4
Event: 42.764 loading class sun/nio/ch/Util$4 done
Event: 42.767 loading class java/io/UTFDataFormatException
Event: 42.767 loading class java/io/UTFDataFormatException done
Event: 43.283 loading class java/nio/file/attribute/DosFileAttributeView
Event: 43.284 loading class java/nio/file/attribute/DosFileAttributeView done
Event: 43.284 loading class sun/nio/fs/WindowsFileAttributeViews$Dos
Event: 43.284 loading class sun/nio/fs/WindowsFileAttributeViews$Dos done
Event: 45.783 loading class java/nio/channels/Channels$ReadableByteChannelImpl
Event: 45.783 loading class java/nio/channels/Channels$ReadableByteChannelImpl done
Event: 45.783 loading class java/nio/channels/NonWritableChannelException
Event: 45.783 loading class java/nio/channels/NonWritableChannelException done


Dynamic libraries:
0x00007ff690bb0000 - 0x00007ff690bba000 	C:\Program Files\Android\Android Studio\jbr\bin\java.exe
0x00007fff62650000 - 0x00007fff62848000 	C:\WINDOWS\SYSTEM32\ntdll.dll
0x00007fff61ee0000 - 0x00007fff61f9d000 	C:\WINDOWS\System32\KERNEL32.DLL
0x00007fff601a0000 - 0x00007fff60496000 	C:\WINDOWS\System32\KERNELBASE.dll
0x00007fff60020000 - 0x00007fff60120000 	C:\WINDOWS\System32\ucrtbase.dll
0x00007fff20560000 - 0x00007fff20577000 	C:\Program Files\Android\Android Studio\jbr\bin\jli.dll
0x00007fff5d440000 - 0x00007fff5d45b000 	C:\Program Files\Android\Android Studio\jbr\bin\VCRUNTIME140.dll
0x00007fff607b0000 - 0x00007fff6094e000 	C:\WINDOWS\System32\USER32.dll
0x00007fff60650000 - 0x00007fff60672000 	C:\WINDOWS\System32\win32u.dll
0x00007fff4d5e0000 - 0x00007fff4d87a000 	C:\WINDOWS\WinSxS\amd64_microsoft.windows.common-controls_6595b64144ccf1df_6.0.19041.1110_none_60b5254171f9507e\COMCTL32.dll
0x00007fff60dd0000 - 0x00007fff60dfc000 	C:\WINDOWS\System32\GDI32.dll
0x00007fff609d0000 - 0x00007fff60a6e000 	C:\WINDOWS\System32\msvcrt.dll
0x00007fff60530000 - 0x00007fff6064a000 	C:\WINDOWS\System32\gdi32full.dll
0x00007fff5fd70000 - 0x00007fff5fe0d000 	C:\WINDOWS\System32\msvcp_win.dll
0x00007fff61c00000 - 0x00007fff61c30000 	C:\WINDOWS\System32\IMM32.DLL
0x00007fff5b510000 - 0x00007fff5b51c000 	C:\Program Files\Android\Android Studio\jbr\bin\vcruntime140_1.dll
0x00007fff33e40000 - 0x00007fff33ecd000 	C:\Program Files\Android\Android Studio\jbr\bin\msvcp140.dll
0x00007fff20830000 - 0x00007fff2149e000 	C:\Program Files\Android\Android Studio\jbr\bin\server\jvm.dll
0x00007fff61fa0000 - 0x00007fff6204e000 	C:\WINDOWS\System32\ADVAPI32.dll
0x00007fff61400000 - 0x00007fff6149c000 	C:\WINDOWS\System32\sechost.dll
0x00007fff60680000 - 0x00007fff607a6000 	C:\WINDOWS\System32\RPCRT4.dll
0x00007fff4b9f0000 - 0x00007fff4b9f9000 	C:\WINDOWS\SYSTEM32\WSOCK32.dll
0x00007fff55bd0000 - 0x00007fff55bf7000 	C:\WINDOWS\SYSTEM32\WINMM.dll
0x00007fff62170000 - 0x00007fff621db000 	C:\WINDOWS\System32\WS2_32.dll
0x00007fff55c00000 - 0x00007fff55c0a000 	C:\WINDOWS\SYSTEM32\VERSION.dll
0x00007fff5db90000 - 0x00007fff5dba2000 	C:\WINDOWS\SYSTEM32\kernel.appcore.dll
0x00007fff53e60000 - 0x00007fff53e6a000 	C:\Program Files\Android\Android Studio\jbr\bin\jimage.dll
0x00007fff4c4b0000 - 0x00007fff4c694000 	C:\WINDOWS\SYSTEM32\DBGHELP.DLL
0x00007fff4c470000 - 0x00007fff4c4a4000 	C:\WINDOWS\SYSTEM32\dbgcore.DLL
0x00007fff604a0000 - 0x00007fff60522000 	C:\WINDOWS\System32\bcryptPrimitives.dll
0x00007fff31c00000 - 0x00007fff31c25000 	C:\Program Files\Android\Android Studio\jbr\bin\java.dll
0x00007fff31be0000 - 0x00007fff31bf8000 	C:\Program Files\Android\Android Studio\jbr\bin\zip.dll
0x00007fff614b0000 - 0x00007fff61bf5000 	C:\WINDOWS\System32\SHELL32.dll
0x00007fff5dd90000 - 0x00007fff5e52b000 	C:\WINDOWS\SYSTEM32\windows.storage.dll
0x00007fff60a70000 - 0x00007fff60dc4000 	C:\WINDOWS\System32\combase.dll
0x00007fff5f6d0000 - 0x00007fff5f6fe000 	C:\WINDOWS\SYSTEM32\Wldp.dll
0x00007fff62390000 - 0x00007fff6243d000 	C:\WINDOWS\System32\SHCORE.dll
0x00007fff60e00000 - 0x00007fff60e55000 	C:\WINDOWS\System32\shlwapi.dll
0x00007fff5fc30000 - 0x00007fff5fc55000 	C:\WINDOWS\SYSTEM32\profapi.dll
0x00007fff31bc0000 - 0x00007fff31bd9000 	C:\Program Files\Android\Android Studio\jbr\bin\net.dll
0x00007fff53b90000 - 0x00007fff53c9a000 	C:\WINDOWS\SYSTEM32\WINHTTP.dll
0x00007fff5f430000 - 0x00007fff5f49a000 	C:\WINDOWS\system32\mswsock.dll
0x00007fff31ba0000 - 0x00007fff31bb6000 	C:\Program Files\Android\Android Studio\jbr\bin\nio.dll
0x00007fff31e10000 - 0x00007fff31e20000 	C:\Program Files\Android\Android Studio\jbr\bin\verify.dll
0x00007fff214e0000 - 0x00007fff21507000 	C:\Users\user\.gradle\native\68d5fa5c4cc2d200863cafc0d521ce42e7d3e7ee720ec0a83991735586a16f82\windows-amd64\native-platform.dll
0x00007fff33520000 - 0x00007fff33664000 	C:\Users\user\.gradle\native\e376f236ea51e6404a007f0833ffe2c6e607c4080706a723a18a27aeea778392\windows-amd64\native-platform-file-events.dll
0x00007fff31e00000 - 0x00007fff31e09000 	C:\Program Files\Android\Android Studio\jbr\bin\management.dll
0x00007fff31920000 - 0x00007fff3192b000 	C:\Program Files\Android\Android Studio\jbr\bin\management_ext.dll
0x00007fff60f80000 - 0x00007fff60f88000 	C:\WINDOWS\System32\PSAPI.DLL
0x00007fff5f620000 - 0x00007fff5f638000 	C:\WINDOWS\SYSTEM32\CRYPTSP.dll
0x00007fff5ece0000 - 0x00007fff5ed14000 	C:\WINDOWS\system32\rsaenh.dll
0x00007fff60120000 - 0x00007fff60147000 	C:\WINDOWS\System32\bcrypt.dll
0x00007fff5fbb0000 - 0x00007fff5fbde000 	C:\WINDOWS\SYSTEM32\USERENV.dll
0x00007fff5f640000 - 0x00007fff5f64c000 	C:\WINDOWS\SYSTEM32\CRYPTBASE.dll
0x00007fff5f120000 - 0x00007fff5f15b000 	C:\WINDOWS\SYSTEM32\IPHLPAPI.DLL
0x00007fff614a0000 - 0x00007fff614a8000 	C:\WINDOWS\System32\NSI.dll
0x00007fff53940000 - 0x00007fff53957000 	C:\WINDOWS\SYSTEM32\dhcpcsvc6.DLL
0x00007fff53db0000 - 0x00007fff53dcd000 	C:\WINDOWS\SYSTEM32\dhcpcsvc.DLL
0x00007fff5f160000 - 0x00007fff5f22a000 	C:\WINDOWS\SYSTEM32\DNSAPI.dll
0x00007fff318b0000 - 0x00007fff318b7000 	C:\WINDOWS\system32\wshunix.dll

dbghelp: loaded successfully - version: 4.0.5 - missing functions: none
symbol engine: initialized successfully - sym options: 0x614 - pdb path: .;C:\Program Files\Android\Android Studio\jbr\bin;C:\WINDOWS\SYSTEM32;C:\WINDOWS\WinSxS\amd64_microsoft.windows.common-controls_6595b64144ccf1df_6.0.19041.1110_none_60b5254171f9507e;C:\Program Files\Android\Android Studio\jbr\bin\server;C:\Users\user\.gradle\native\68d5fa5c4cc2d200863cafc0d521ce42e7d3e7ee720ec0a83991735586a16f82\windows-amd64;C:\Users\user\.gradle\native\e376f236ea51e6404a007f0833ffe2c6e607c4080706a723a18a27aeea778392\windows-amd64

VM Arguments:
jvm_args: --add-opens=java.base/java.util=ALL-UNNAMED --add-opens=java.base/java.lang=ALL-UNNAMED --add-opens=java.base/java.lang.invoke=ALL-UNNAMED --add-opens=java.prefs/java.util.prefs=ALL-UNNAMED --add-opens=java.base/java.nio.charset=ALL-UNNAMED --add-opens=java.base/java.net=ALL-UNNAMED --add-opens=java.base/java.util.concurrent.atomic=ALL-UNNAMED -Xmx2048m -Dfile.encoding=UTF-8 -Duser.country=RU -Duser.language=ru -Duser.variant 
java_command: org.gradle.launcher.daemon.bootstrap.GradleDaemon 8.0
java_class_path (initial): C:\Users\user\.gradle\wrapper\dists\gradle-8.0-bin\ca5e32bp14vu59qr306oxotwh\gradle-8.0\lib\gradle-launcher-8.0.jar
Launcher Type: SUN_STANDARD

[Global flags]
     intx CICompilerCount                          = 2                                         {product} {ergonomic}
     uint ConcGCThreads                            = 1                                         {product} {ergonomic}
     uint G1ConcRefinementThreads                  = 2                                         {product} {ergonomic}
   size_t G1HeapRegionSize                         = 1048576                                   {product} {ergonomic}
    uintx GCDrainStackTargetSize                   = 64                                        {product} {ergonomic}
   size_t InitialHeapSize                          = 125829120                                 {product} {ergonomic}
   size_t MarkStackSize                            = 4194304                                   {product} {ergonomic}
   size_t MaxHeapSize                              = 2147483648                                {product} {command line}
   size_t MaxNewSize                               = 1287651328                                {product} {ergonomic}
   size_t MinHeapDeltaBytes                        = 1048576                                   {product} {ergonomic}
   size_t MinHeapSize                              = 8388608                                   {product} {ergonomic}
    uintx NonNMethodCodeHeapSize                   = 5826188                                {pd product} {ergonomic}
    uintx NonProfiledCodeHeapSize                  = 122916026                              {pd product} {ergonomic}
    uintx ProfiledCodeHeapSize                     = 122916026                              {pd product} {ergonomic}
    uintx ReservedCodeCacheSize                    = 251658240                              {pd product} {ergonomic}
     bool SegmentedCodeCache                       = true                                      {product} {ergonomic}
   size_t SoftMaxHeapSize                          = 2147483648                             {manageable} {ergonomic}
     bool UseCompressedClassPointers               = true                           {product lp64_product} {ergonomic}
     bool UseCompressedOops                        = true                           {product lp64_product} {ergonomic}
     bool UseG1GC                                  = true                                      {product} {ergonomic}
     bool UseLargePagesIndividualAllocation        = false                                  {pd product} {ergonomic}

Logging:
Log output configuration:
 #0: stdout all=warning uptime,level,tags
 #1: stderr all=off uptime,level,tags

Environment Variables:
PATH=C:\WINDOWS\system32;C:\WINDOWS;C:\WINDOWS\System32\Wbem;C:\WINDOWS\System32\WindowsPowerShell\v1.0\;C:\WINDOWS\System32\OpenSSH\;c:\Program Files (x86)\Microsoft SQL Server\100\Tools\Binn\;c:\Program Files (x86)\Microsoft SQL Server\100\DTS\Binn\;C:\Program Files\dotnet\;C:\Program Files (x86)\dotnet\;C:\Users\user\AppData\Local\Microsoft\WindowsApps;;C:\Users\user\AppData\Local\Programs\Microsoft VS Code\bin;C:\Users\user\.dotnet\tools
USERNAME=user
OS=Windows_NT
PROCESSOR_IDENTIFIER=AMD64 Family 21 Model 112 Stepping 0, AuthenticAMD
TMP=C:\Users\user\AppData\Local\Temp
TEMP=C:\Users\user\AppData\Local\Temp


JNI global refs:
JNI global refs: 23, weak refs: 0

JNI global refs memory usage: 843, weak refs: 841


---------------  S Y S T E M  ---------------

OS:
 Windows 10 , 64 bit Build 19041 (10.0.19041.3393)
OS uptime: 0 days 0:59 hours

CPU: total 2 (initial active 2) (2 cores per cpu, 1 threads per core) family 21 model 112 stepping 0 microcode 0x0, cx8, cmov, fxsr, mmx, 3dnowpref, sse, sse2, sse3, ssse3, sse4a, sse4.1, sse4.2, popcnt, lzcnt, tsc, tscinvbit, avx, avx2, aes, clmul, bmi1, bmi2, fma, vzeroupper, clflush

Memory: 4k page, system-wide physical 7632M (406M free)
TotalPageFile size 11232M (AvailPageFile size 5M)
current process WorkingSet (physical memory assigned to process): 425M, peak: 475M
current process commit charge ("private bytes"): 573M, peak: 574M

vm_info: OpenJDK 64-Bit Server VM (17.0.6+0-b2043.56-10027231) for windows-amd64 JRE (17.0.6+0-b2043.56-10027231), built on Apr 28 2023 00:43:19 by "androidbuild" with MS VC++ 16.10 / 16.11 (VS2019)

END.
